16.1302 	WARNING 	User requested fullscreen with size [1440  900], but screen is actually [1280, 800]. Using actual size
16.8731 	EXP 	Created window1 = Window(allowGUI=False, allowStencil=False, args=UNKNOWN, autoLog=True, bitsMode=UNKNOWN, blendMode='avg', color=array([0., 0., 0.]), colorSpace='rgb', fullscr=<method-wrapper '__getattribute__' of attributeSetter object at 0x1249ecd30>, gamma=None, kwargs=UNKNOWN, lms=UNKNOWN, monitor=<psychopy.monitors.calibTools.Monitor object at 0x128e8b518>, multiSample=False, name='window1', numSamples=2, pos=[0.0, 0.0], screen=0, size=array([1280,  800]), stereo=False, units='norm', useFBO=True, useRetina=False, viewOri=0.0, viewPos=None, viewScale=None, waitBlanking=True, winType='pyglet')
16.8731 	EXP 	window1: recordFrameIntervals = False
17.0383 	EXP 	window1: recordFrameIntervals = True
17.2217 	EXP 	window1: recordFrameIntervals = False
17.3447 	EXP 	Created text = TextStim(__class__=<class 'psychopy.visual.text.TextStim'>, alignHoriz='center', alignVert='center', antialias=True, autoLog=True, bold=False, color='white', colorSpace='named', contrast=1.0, depth=0.0, flipHoriz=False, flipVert=False, font='Arial', fontFiles=[], height=0.1, italic=False, languageStyle='LTR', name='text', opacity=1.0, ori=0, pos=array([0., 0.]), rgb=array([255., 255., 255.]), text='default text', units='norm', win=Window(...), wrapWidth=1)
17.4181 	EXP 	Created textPractice = TextStim(__class__=<class 'psychopy.visual.text.TextStim'>, alignHoriz='center', alignVert='center', antialias=True, autoLog=True, bold=False, color='white', colorSpace='named', contrast=1.0, depth=0.0, flipHoriz=False, flipVert=False, font='Arial', fontFiles=[], height=0.1, italic=False, languageStyle='LTR', name='textPractice', opacity=1.0, ori=0, pos=array([0., 0.]), rgb=array([255., 255., 255.]), text=str(...), units='norm', win=Window(...), wrapWidth=1)
17.4290 	EXP 	Created image = ImageStim(__class__=<class 'psychopy.visual.image.ImageStim'>, autoLog=True, color=array([1., 1., 1.]), colorSpace='rgb', contrast=1.0, depth=-1.0, flipHoriz=False, flipVert=False, image='sin', interpolate=True, mask=None, maskParams=None, name='image', opacity=1.0, ori=0.0, pos=array([0., 0.]), size=array([0.5, 0.5]), texRes=128, units='height', win=Window(...))
17.4366 	EXP 	Created noise = NoiseStim(__class__=<class 'psychopy.visual.noise.NoiseStim'>, autoDraw=False, autoLog=True, blendmode='avg', color=array([1., 1., 1.]), colorSpace='rgb', contrast=1.0, depth=-2.0, interpolate=False, mask='none', maskParams=None, name='noise', opacity=1.0, ori=0.0, phase=array([0., 0.]), pos=array([0., 0.]), rgbPedestal=array([0., 0., 0.]), sf=array([1., 1.]), size=array([0.5, 0.5]), tex='sin', texRes=128, units='norm', win=Window(...))
17.4973 	EXP 	Created textExperiment = TextStim(__class__=<class 'psychopy.visual.text.TextStim'>, alignHoriz='center', alignVert='center', antialias=True, autoLog=True, bold=False, color='white', colorSpace='named', contrast=1.0, depth=0.0, flipHoriz=False, flipVert=False, font='Arial', fontFiles=[], height=0.1, italic=False, languageStyle='LTR', name='textExperiment', opacity=1.0, ori=0, pos=array([0., 0.]), rgb=array([255., 255., 255.]), text=str(...), units='norm', win=Window(...), wrapWidth=1)
17.5056 	EXP 	Created textThanks = TextStim(__class__=<class 'psychopy.visual.text.TextStim'>, alignHoriz='center', alignVert='center', antialias=True, autoLog=True, bold=False, color='white', colorSpace='named', contrast=1.0, depth=0.0, flipHoriz=False, flipVert=False, font='Arial', fontFiles=[], height=0.1, italic=False, languageStyle='LTR', name='textThanks', opacity=1.0, ori=0, pos=array([0., 0.]), rgb=array([255., 255., 255.]), text='Obrigado', units='norm', win=Window(...), wrapWidth=1)
17.5365 	EXP 	noise: blendmode = 'avg'
17.5365 	EXP 	noise: mask = None
17.5365 	EXP 	noise: texRes = 128
17.5365 	EXP 	noise: noiseType = 'Binary'
17.5365 	EXP 	noise: noiseImage = None
17.5365 	EXP 	noise: noiseElementSize = 0.0625
17.5365 	EXP 	noise: noiseBaseSf = 8.0
17.5365 	EXP 	noise: noiseBW = 1.0
17.5365 	EXP 	noise: noiseBWO = 1.0
17.5365 	EXP 	noise: noiseFractalPower = 0.0
17.5365 	EXP 	noise: noiseFilterUpper = 8.0
17.5365 	EXP 	noise: noiseFilterLower = 1.0
17.5365 	EXP 	noise: noiseFilterOrder = 0.0
17.5365 	EXP 	noise: noiseClip = 3.0
17.5365 	EXP 	noise: tex = array([[-1., -1., -1., -1.,  1.,  1., -1., -1.],
       [ 1.,  1.,  1.,  1.,  1.,  1.,  1., -1.],
       [ 1.,  1.,  1.,  1.,  1.,  1., -1., -1.],
       [-1.,  1., -1., -1.,  1.,  1., -1.,  1.],
       [ 1., -1., -1., -1.,  1., -1.,  1.,  1.],
       [-1., -1.,  1.,  1.,  1., -1.,  1., -1.],
       [-1., -1.,  1., -1., -1., -1., -1., -1.],
       [ 1.,  1., -1., -1., -1.,  1.,  1., -1.]])
17.5365 	EXP 	noise: tex = array([[ 1., -1., -1.,  1., -1.,  1., -1.,  1.],
       [-1., -1., -1., -1.,  1.,  1.,  1., -1.],
       [-1.,  1.,  1., -1., -1.,  1.,  1., -1.],
       [-1., -1.,  1., -1., -1.,  1.,  1.,  1.],
       [ 1.,  1.,  1.,  1.,  1., -1.,  1.,  1.],
       [-1.,  1., -1.,  1., -1.,  1., -1.,  1.],
       [ 1.,  1.,  1., -1., -1., -1., -1., -1.],
       [-1., -1.,  1., -1.,  1., -1., -1.,  1.]])
17.5365 	EXP 	text: text = 'Bem vindo. \nLeia as instrucoes no papel.'
17.5365 	EXP 	text: autoDraw = True
25.1732 	DATA 	Keypress: t
25.1855 	EXP 	text: autoDraw = False
25.1855 	EXP 	textPractice: autoDraw = True
25.6705 	DATA 	Keypress: t
25.6801 	EXP 	Imported practiceBlock.csv as conditions, 22 conditions, 2 params
25.6807 	EXP 	Created sequence: random, trialTypes=22, nReps=5, seed=None
25.6811 	EXP 	New trial (rep=0, index=0): OrderedDict([('stimFile', 'stims/019.i.jpg'), ('Valence', 'Practice')])
25.9544 	EXP 	window1: mouseVisible = True
