7.7270 	WARNING 	User requested fullscreen with size [1440  900], but screen is actually [1280, 800]. Using actual size
8.4468 	EXP 	Created window1 = Window(allowGUI=False, allowStencil=False, args=UNKNOWN, autoLog=True, bitsMode=UNKNOWN, blendMode='avg', color=array([0., 0., 0.]), colorSpace='rgb', fullscr=<method-wrapper '__getattribute__' of attributeSetter object at 0x123be7dd8>, gamma=None, kwargs=UNKNOWN, lms=UNKNOWN, monitor=<psychopy.monitors.calibTools.Monitor object at 0x1280f1668>, multiSample=False, name='window1', numSamples=2, pos=[0.0, 0.0], screen=0, size=array([1280,  800]), stereo=False, units='norm', useFBO=True, useRetina=False, viewOri=0.0, viewPos=None, viewScale=None, waitBlanking=True, winType='pyglet')
8.4468 	EXP 	window1: recordFrameIntervals = False
8.6120 	EXP 	window1: recordFrameIntervals = True
8.7947 	EXP 	window1: recordFrameIntervals = False
8.9154 	EXP 	Created text = TextStim(__class__=<class 'psychopy.visual.text.TextStim'>, alignHoriz='center', alignVert='center', antialias=True, autoLog=True, bold=False, color='white', colorSpace='named', contrast=1.0, depth=0.0, flipHoriz=False, flipVert=False, font='Arial', fontFiles=[], height=0.1, italic=False, languageStyle='LTR', name='text', opacity=1.0, ori=0, pos=array([0., 0.]), rgb=array([255., 255., 255.]), text='default text', units='norm', win=Window(...), wrapWidth=1)
8.9934 	EXP 	Created textPractice = TextStim(__class__=<class 'psychopy.visual.text.TextStim'>, alignHoriz='center', alignVert='center', antialias=True, autoLog=True, bold=False, color='white', colorSpace='named', contrast=1.0, depth=0.0, flipHoriz=False, flipVert=False, font='Arial', fontFiles=[], height=0.1, italic=False, languageStyle='LTR', name='textPractice', opacity=1.0, ori=0, pos=array([0., 0.]), rgb=array([255., 255., 255.]), text=str(...), units='norm', win=Window(...), wrapWidth=1)
9.0044 	EXP 	Created imageprobando = ImageStim(__class__=<class 'psychopy.visual.image.ImageStim'>, autoLog=True, color=array([1., 1., 1.]), colorSpace='rgb', contrast=1.0, depth=0.0, flipHoriz=False, flipVert=False, image='sin', interpolate=True, mask=None, maskParams=None, name='imageprobando', opacity=1.0, ori=0.0, pos=array([0., 0.]), size=array([0.5, 0.5]), texRes=128, units='norm', win=Window(...))
9.0151 	EXP 	Created noise_4 = NoiseStim(__class__=<class 'psychopy.visual.noise.NoiseStim'>, autoDraw=False, autoLog=True, blendmode='avg', color=array([1., 1., 1.]), colorSpace='rgb', contrast=1.0, depth=-1.0, interpolate=False, mask='none', maskParams=None, name='noise_4', opacity=1.0, ori=0.0, phase=array([0., 0.]), pos=array([0., 0.]), rgbPedestal=array([0., 0., 0.]), sf=array([1., 1.]), size=array([0.5, 0.5]), tex='sin', texRes=128, units='norm', win=Window(...))
9.0788 	EXP 	Created textExperiment = TextStim(__class__=<class 'psychopy.visual.text.TextStim'>, alignHoriz='center', alignVert='center', antialias=True, autoLog=True, bold=False, color='white', colorSpace='named', contrast=1.0, depth=0.0, flipHoriz=False, flipVert=False, font='Arial', fontFiles=[], height=0.1, italic=False, languageStyle='LTR', name='textExperiment', opacity=1.0, ori=0, pos=array([0., 0.]), rgb=array([255., 255., 255.]), text=str(...), units='norm', win=Window(...), wrapWidth=1)
9.0865 	EXP 	Created textTask = TextStim(__class__=<class 'psychopy.visual.text.TextStim'>, alignHoriz='center', alignVert='center', antialias=True, autoLog=True, bold=False, color='white', colorSpace='named', contrast=1.0, depth=0.0, flipHoriz=False, flipVert=False, font='Arial', fontFiles=[], height=0.1, italic=False, languageStyle='LTR', name='textTask', opacity=1.0, ori=0, pos=array([0., 0.]), rgb=array([255., 255., 255.]), text='Bloque nuevo', units='norm', win=Window(...), wrapWidth=1)
9.0887 	EXP 	Created image_2 = ImageStim(__class__=<class 'psychopy.visual.image.ImageStim'>, autoLog=True, color=array([1., 1., 1.]), colorSpace='rgb', contrast=1.0, depth=0.0, flipHoriz=False, flipVert=False, image='sin', interpolate=True, mask=None, maskParams=None, name='image_2', opacity=1.0, ori=0.0, pos=array([0., 0.]), size=array([0.5, 0.5]), texRes=128, units='norm', win=Window(...))
9.0917 	EXP 	Created noise = NoiseStim(__class__=<class 'psychopy.visual.noise.NoiseStim'>, autoDraw=False, autoLog=True, blendmode='avg', color=array([1., 1., 1.]), colorSpace='rgb', contrast=1.0, depth=-1.0, interpolate=False, mask='none', maskParams=None, name='noise', opacity=1.0, ori=0.0, phase=array([0., 0.]), pos=array([0., 0.]), rgbPedestal=array([0., 0., 0.]), sf=array([1., 1.]), size=array([0.5, 0.5]), tex='sin', texRes=128, units='norm', win=Window(...))
9.1040 	EXP 	Created textThanks = TextStim(__class__=<class 'psychopy.visual.text.TextStim'>, alignHoriz='center', alignVert='center', antialias=True, autoLog=True, bold=False, color='white', colorSpace='named', contrast=1.0, depth=0.0, flipHoriz=False, flipVert=False, font='Arial', fontFiles=[], height=0.1, italic=False, languageStyle='LTR', name='textThanks', opacity=1.0, ori=0, pos=array([0., 0.]), rgb=array([255., 255., 255.]), text='Obrigado', units='norm', win=Window(...), wrapWidth=1)
9.1265 	EXP 	noise_4: blendmode = 'avg'
9.1265 	EXP 	noise_4: mask = None
9.1265 	EXP 	noise_4: texRes = 128
9.1265 	EXP 	noise_4: noiseType = 'Binary'
9.1265 	EXP 	noise_4: noiseImage = None
9.1265 	EXP 	noise_4: noiseElementSize = 0.0625
9.1265 	EXP 	noise_4: noiseBaseSf = 8.0
9.1265 	EXP 	noise_4: noiseBW = 1.0
9.1265 	EXP 	noise_4: noiseBWO = 1.0
9.1265 	EXP 	noise_4: noiseFractalPower = 0.0
9.1265 	EXP 	noise_4: noiseFilterUpper = 8.0
9.1265 	EXP 	noise_4: noiseFilterLower = 1.0
9.1265 	EXP 	noise_4: noiseFilterOrder = 0.0
9.1265 	EXP 	noise_4: noiseClip = 3.0
9.1265 	EXP 	noise_4: tex = array([[ 1.,  1., -1., -1., -1.,  1.,  1., -1.],
       [-1.,  1., -1., -1.,  1.,  1., -1., -1.],
       [ 1.,  1., -1., -1.,  1.,  1., -1., -1.],
       [-1., -1., -1., -1.,  1.,  1., -1.,  1.],
       [ 1.,  1.,  1., -1.,  1.,  1.,  1.,  1.],
       [ 1., -1., -1., -1.,  1.,  1., -1., -1.],
       [ 1.,  1.,  1., -1.,  1., -1., -1., -1.],
       [-1.,  1.,  1., -1., -1.,  1., -1.,  1.]])
9.1265 	EXP 	noise_4: tex = array([[-1.,  1., -1.,  1.,  1., -1.,  1., -1.],
       [-1.,  1., -1., -1., -1., -1.,  1.,  1.],
       [ 1.,  1.,  1.,  1., -1.,  1., -1., -1.],
       [ 1.,  1.,  1.,  1., -1.,  1.,  1., -1.],
       [-1., -1., -1., -1., -1., -1.,  1.,  1.],
       [ 1., -1.,  1., -1., -1.,  1.,  1.,  1.],
       [-1.,  1., -1.,  1., -1., -1.,  1., -1.],
       [ 1., -1., -1., -1.,  1., -1.,  1.,  1.]])
9.1265 	EXP 	noise: blendmode = 'avg'
9.1265 	EXP 	noise: mask = None
9.1265 	EXP 	noise: texRes = 128
9.1265 	EXP 	noise: noiseType = 'Binary'
9.1265 	EXP 	noise: noiseImage = None
9.1265 	EXP 	noise: noiseElementSize = 0.0625
9.1265 	EXP 	noise: noiseBaseSf = 8.0
9.1265 	EXP 	noise: noiseBW = 1.0
9.1265 	EXP 	noise: noiseBWO = 1.0
9.1265 	EXP 	noise: noiseFractalPower = 0.0
9.1265 	EXP 	noise: noiseFilterUpper = 8.0
9.1265 	EXP 	noise: noiseFilterLower = 1.0
9.1265 	EXP 	noise: noiseFilterOrder = 0.0
9.1265 	EXP 	noise: noiseClip = 3.0
9.1265 	EXP 	noise: tex = array([[-1.,  1.,  1.,  1.,  1.,  1., -1., -1.],
       [-1.,  1.,  1., -1.,  1., -1., -1., -1.],
       [-1.,  1., -1.,  1., -1., -1.,  1., -1.],
       [ 1., -1., -1., -1.,  1.,  1.,  1., -1.],
       [ 1.,  1.,  1.,  1., -1., -1.,  1.,  1.],
       [ 1.,  1., -1., -1.,  1.,  1., -1., -1.],
       [ 1., -1., -1.,  1., -1.,  1., -1.,  1.],
       [ 1., -1.,  1., -1., -1., -1., -1.,  1.]])
9.1265 	EXP 	noise: tex = array([[ 1.,  1., -1.,  1., -1.,  1., -1., -1.],
       [-1.,  1., -1., -1., -1.,  1., -1.,  1.],
       [ 1., -1., -1., -1., -1., -1., -1.,  1.],
       [ 1.,  1.,  1.,  1.,  1., -1.,  1.,  1.],
       [ 1., -1.,  1., -1., -1., -1., -1., -1.],
       [ 1.,  1., -1., -1.,  1., -1.,  1.,  1.],
       [ 1.,  1., -1.,  1., -1.,  1., -1.,  1.],
       [ 1.,  1., -1., -1.,  1., -1., -1.,  1.]])
9.1265 	EXP 	text: text = 'Bem vindo. \nLeia as instrucoes no papel.'
9.1265 	EXP 	text: autoDraw = True
11.1594 	DATA 	Keypress: t
11.4396 	EXP 	window1: mouseVisible = True
9.2494 	WARNING 	User requested fullscreen with size [1440  900], but screen is actually [1280, 800]. Using actual size
9.9443 	EXP 	Created window1 = Window(allowGUI=False, allowStencil=False, args=UNKNOWN, autoLog=True, bitsMode=UNKNOWN, blendMode='avg', color=array([0., 0., 0.]), colorSpace='rgb', fullscr=<method-wrapper '__getattribute__' of attributeSetter object at 0x1241d3e10>, gamma=None, kwargs=UNKNOWN, lms=UNKNOWN, monitor=<psychopy.monitors.calibTools.Monitor object at 0x1278f1668>, multiSample=False, name='window1', numSamples=2, pos=[0.0, 0.0], screen=0, size=array([1280,  800]), stereo=False, units='norm', useFBO=True, useRetina=False, viewOri=0.0, viewPos=None, viewScale=None, waitBlanking=True, winType='pyglet')
9.9443 	EXP 	window1: recordFrameIntervals = False
10.1095 	EXP 	window1: recordFrameIntervals = True
10.2919 	EXP 	window1: recordFrameIntervals = False
10.3923 	EXP 	Created text = TextStim(__class__=<class 'psychopy.visual.text.TextStim'>, alignHoriz='center', alignVert='center', antialias=True, autoLog=True, bold=False, color='white', colorSpace='named', contrast=1.0, depth=0.0, flipHoriz=False, flipVert=False, font='Arial', fontFiles=[], height=0.1, italic=False, languageStyle='LTR', name='text', opacity=1.0, ori=0, pos=array([0., 0.]), rgb=array([255., 255., 255.]), text='default text', units='norm', win=Window(...), wrapWidth=1)
10.4708 	EXP 	Created textPractice = TextStim(__class__=<class 'psychopy.visual.text.TextStim'>, alignHoriz='center', alignVert='center', antialias=True, autoLog=True, bold=False, color='white', colorSpace='named', contrast=1.0, depth=0.0, flipHoriz=False, flipVert=False, font='Arial', fontFiles=[], height=0.1, italic=False, languageStyle='LTR', name='textPractice', opacity=1.0, ori=0, pos=array([0., 0.]), rgb=array([255., 255., 255.]), text=str(...), units='norm', win=Window(...), wrapWidth=1)
10.4734 	EXP 	Created imageprobando = ImageStim(__class__=<class 'psychopy.visual.image.ImageStim'>, autoLog=True, color=array([1., 1., 1.]), colorSpace='rgb', contrast=1.0, depth=0.0, flipHoriz=False, flipVert=False, image='sin', interpolate=True, mask=None, maskParams=None, name='imageprobando', opacity=1.0, ori=0.0, pos=array([0., 0.]), size=array([0.5, 0.5]), texRes=128, units='norm', win=Window(...))
10.4839 	EXP 	Created noise_4 = NoiseStim(__class__=<class 'psychopy.visual.noise.NoiseStim'>, autoDraw=False, autoLog=True, blendmode='avg', color=array([1., 1., 1.]), colorSpace='rgb', contrast=1.0, depth=-1.0, interpolate=False, mask='none', maskParams=None, name='noise_4', opacity=1.0, ori=0.0, phase=array([0., 0.]), pos=array([0., 0.]), rgbPedestal=array([0., 0., 0.]), sf=array([1., 1.]), size=array([0.5, 0.5]), tex='sin', texRes=128, units='norm', win=Window(...))
10.5498 	EXP 	Created textExperiment = TextStim(__class__=<class 'psychopy.visual.text.TextStim'>, alignHoriz='center', alignVert='center', antialias=True, autoLog=True, bold=False, color='white', colorSpace='named', contrast=1.0, depth=0.0, flipHoriz=False, flipVert=False, font='Arial', fontFiles=[], height=0.1, italic=False, languageStyle='LTR', name='textExperiment', opacity=1.0, ori=0, pos=array([0., 0.]), rgb=array([255., 255., 255.]), text=str(...), units='norm', win=Window(...), wrapWidth=1)
10.5578 	EXP 	Created textTask = TextStim(__class__=<class 'psychopy.visual.text.TextStim'>, alignHoriz='center', alignVert='center', antialias=True, autoLog=True, bold=False, color='white', colorSpace='named', contrast=1.0, depth=0.0, flipHoriz=False, flipVert=False, font='Arial', fontFiles=[], height=0.1, italic=False, languageStyle='LTR', name='textTask', opacity=1.0, ori=0, pos=array([0., 0.]), rgb=array([255., 255., 255.]), text='Bloque nuevo', units='norm', win=Window(...), wrapWidth=1)
10.5601 	EXP 	Created image_2 = ImageStim(__class__=<class 'psychopy.visual.image.ImageStim'>, autoLog=True, color=array([1., 1., 1.]), colorSpace='rgb', contrast=1.0, depth=0.0, flipHoriz=False, flipVert=False, image='sin', interpolate=True, mask=None, maskParams=None, name='image_2', opacity=1.0, ori=0.0, pos=array([0., 0.]), size=array([0.5, 0.5]), texRes=128, units='norm', win=Window(...))
10.5631 	EXP 	Created noise = NoiseStim(__class__=<class 'psychopy.visual.noise.NoiseStim'>, autoDraw=False, autoLog=True, blendmode='avg', color=array([1., 1., 1.]), colorSpace='rgb', contrast=1.0, depth=-1.0, interpolate=False, mask='none', maskParams=None, name='noise', opacity=1.0, ori=0.0, phase=array([0., 0.]), pos=array([0., 0.]), rgbPedestal=array([0., 0., 0.]), sf=array([1., 1.]), size=array([0.5, 0.5]), tex='sin', texRes=128, units='norm', win=Window(...))
10.5765 	EXP 	Created textThanks = TextStim(__class__=<class 'psychopy.visual.text.TextStim'>, alignHoriz='center', alignVert='center', antialias=True, autoLog=True, bold=False, color='white', colorSpace='named', contrast=1.0, depth=0.0, flipHoriz=False, flipVert=False, font='Arial', fontFiles=[], height=0.1, italic=False, languageStyle='LTR', name='textThanks', opacity=1.0, ori=0, pos=array([0., 0.]), rgb=array([255., 255., 255.]), text='Obrigado', units='norm', win=Window(...), wrapWidth=1)
10.6083 	EXP 	noise_4: blendmode = 'avg'
10.6083 	EXP 	noise_4: mask = None
10.6083 	EXP 	noise_4: texRes = 128
10.6083 	EXP 	noise_4: noiseType = 'Binary'
10.6083 	EXP 	noise_4: noiseImage = None
10.6083 	EXP 	noise_4: noiseElementSize = 0.0625
10.6083 	EXP 	noise_4: noiseBaseSf = 8.0
10.6083 	EXP 	noise_4: noiseBW = 1.0
10.6083 	EXP 	noise_4: noiseBWO = 1.0
10.6083 	EXP 	noise_4: noiseFractalPower = 0.0
10.6083 	EXP 	noise_4: noiseFilterUpper = 8.0
10.6083 	EXP 	noise_4: noiseFilterLower = 1.0
10.6083 	EXP 	noise_4: noiseFilterOrder = 0.0
10.6083 	EXP 	noise_4: noiseClip = 3.0
10.6083 	EXP 	noise_4: tex = array([[-1., -1., -1.,  1.,  1., -1., -1., -1.],
       [ 1.,  1.,  1.,  1.,  1.,  1.,  1., -1.],
       [ 1.,  1.,  1., -1., -1., -1., -1., -1.],
       [ 1., -1., -1.,  1., -1.,  1.,  1.,  1.],
       [ 1.,  1.,  1., -1.,  1.,  1., -1., -1.],
       [ 1., -1., -1., -1., -1., -1., -1.,  1.],
       [ 1.,  1.,  1.,  1., -1., -1., -1., -1.],
       [-1.,  1., -1.,  1., -1., -1.,  1.,  1.]])
10.6083 	EXP 	noise_4: tex = array([[ 1.,  1.,  1., -1.,  1., -1.,  1., -1.],
       [-1.,  1.,  1.,  1.,  1.,  1., -1.,  1.],
       [-1.,  1.,  1.,  1.,  1., -1.,  1., -1.],
       [-1., -1., -1., -1.,  1., -1.,  1., -1.],
       [ 1., -1.,  1.,  1.,  1., -1., -1., -1.],
       [-1.,  1.,  1.,  1., -1.,  1., -1., -1.],
       [-1.,  1.,  1., -1., -1.,  1., -1., -1.],
       [ 1., -1., -1., -1., -1.,  1.,  1., -1.]])
10.6083 	EXP 	noise: blendmode = 'avg'
10.6083 	EXP 	noise: mask = None
10.6083 	EXP 	noise: texRes = 128
10.6083 	EXP 	noise: noiseType = 'Binary'
10.6083 	EXP 	noise: noiseImage = None
10.6083 	EXP 	noise: noiseElementSize = 0.0625
10.6083 	EXP 	noise: noiseBaseSf = 8.0
10.6083 	EXP 	noise: noiseBW = 1.0
10.6083 	EXP 	noise: noiseBWO = 1.0
10.6083 	EXP 	noise: noiseFractalPower = 0.0
10.6083 	EXP 	noise: noiseFilterUpper = 8.0
10.6083 	EXP 	noise: noiseFilterLower = 1.0
10.6083 	EXP 	noise: noiseFilterOrder = 0.0
10.6083 	EXP 	noise: noiseClip = 3.0
10.6083 	EXP 	noise: tex = array([[ 1., -1.,  1., -1.,  1., -1.,  1., -1.],
       [ 1.,  1., -1.,  1.,  1.,  1.,  1., -1.],
       [ 1.,  1., -1., -1.,  1.,  1.,  1., -1.],
       [-1., -1., -1.,  1.,  1.,  1., -1., -1.],
       [ 1.,  1.,  1., -1.,  1., -1., -1.,  1.],
       [-1., -1.,  1., -1., -1., -1.,  1., -1.],
       [-1., -1., -1.,  1.,  1., -1., -1.,  1.],
       [ 1., -1.,  1.,  1., -1., -1., -1.,  1.]])
10.6083 	EXP 	noise: tex = array([[-1., -1., -1.,  1.,  1.,  1.,  1.,  1.],
       [ 1., -1.,  1., -1., -1.,  1., -1.,  1.],
       [ 1.,  1.,  1., -1., -1.,  1., -1., -1.],
       [-1.,  1., -1., -1., -1.,  1., -1., -1.],
       [-1.,  1.,  1.,  1., -1., -1.,  1., -1.],
       [-1.,  1., -1.,  1., -1.,  1.,  1.,  1.],
       [ 1.,  1., -1.,  1.,  1., -1.,  1., -1.],
       [-1., -1.,  1.,  1., -1., -1., -1.,  1.]])
10.6083 	EXP 	text: text = 'Bem vindo. \nLeia as instrucoes no papel.'
10.6083 	EXP 	text: autoDraw = True
12.0032 	DATA 	Keypress: t
12.0094 	EXP 	Imported chooseBlock.csv as conditions, 1 conditions, 2 params
12.0097 	EXP 	Created sequence: random, trialTypes=1, nReps=1, seed=None
12.0101 	EXP 	New trial (rep=0, index=0): OrderedDict([('condsFile', 'practiceBlock.csv'), ('readyMsg', 'Pronto')])
12.0218 	EXP 	text: autoDraw = False
12.0218 	EXP 	textPractice: autoDraw = True
14.8193 	DATA 	Keypress: t
14.8366 	EXP 	Imported practiceBlock.csv as conditions, 22 conditions, 2 params
14.8370 	EXP 	Created sequence: random, trialTypes=22, nReps=1, seed=None
14.8374 	EXP 	New trial (rep=0, index=0): OrderedDict([('stimFile', 'stims/009.i.jpg'), ('Valence', 'Practice')])
14.9317 	EXP 	textPractice: autoDraw = False
14.9317 	EXP 	imageprobando: image = 'stims/009.i.jpg'
14.9317 	EXP 	imageprobando: autoDraw = True
15.5465 	EXP 	imageprobando: autoDraw = False
15.5627 	EXP 	noise_4: autoDraw = True
16.5289 	EXP 	New trial (rep=0, index=1): OrderedDict([('stimFile', 'stims/018.i.jpg'), ('Valence', 'Practice')])
16.5443 	EXP 	noise_4: autoDraw = False
16.5443 	EXP 	imageprobando: autoDraw = False
16.5443 	EXP 	noise_4: autoDraw = False
16.5443 	EXP 	imageprobando: image = 'stims/018.i.jpg'
16.5443 	EXP 	imageprobando: autoDraw = True
17.2427 	EXP 	imageprobando: autoDraw = False
17.2595 	EXP 	noise_4: autoDraw = True
18.2250 	EXP 	New trial (rep=0, index=2): OrderedDict([('stimFile', 'stims/001.i.jpg'), ('Valence', 'Practice')])
18.2403 	EXP 	noise_4: autoDraw = False
18.2403 	EXP 	imageprobando: autoDraw = False
18.2403 	EXP 	noise_4: autoDraw = False
18.2403 	EXP 	imageprobando: image = 'stims/001.i.jpg'
18.2403 	EXP 	imageprobando: autoDraw = True
18.9385 	EXP 	imageprobando: autoDraw = False
18.9552 	EXP 	noise_4: autoDraw = True
19.9200 	EXP 	New trial (rep=0, index=3): OrderedDict([('stimFile', 'stims/015.i.jpg'), ('Valence', 'Practice')])
19.9361 	EXP 	noise_4: autoDraw = False
19.9361 	EXP 	imageprobando: autoDraw = False
19.9361 	EXP 	noise_4: autoDraw = False
19.9361 	EXP 	imageprobando: image = 'stims/015.i.jpg'
19.9361 	EXP 	imageprobando: autoDraw = True
20.6346 	EXP 	imageprobando: autoDraw = False
20.6514 	EXP 	noise_4: autoDraw = True
21.6159 	EXP 	New trial (rep=0, index=4): OrderedDict([('stimFile', 'stims/010.i.jpg'), ('Valence', 'Practice')])
21.6324 	EXP 	noise_4: autoDraw = False
21.6324 	EXP 	imageprobando: autoDraw = False
21.6324 	EXP 	noise_4: autoDraw = False
21.6324 	EXP 	imageprobando: image = 'stims/010.i.jpg'
21.6324 	EXP 	imageprobando: autoDraw = True
22.3304 	EXP 	imageprobando: autoDraw = False
22.3469 	EXP 	noise_4: autoDraw = True
23.3121 	EXP 	New trial (rep=0, index=5): OrderedDict([('stimFile', 'stims/006.i.jpg'), ('Valence', 'Practice')])
23.3279 	EXP 	noise_4: autoDraw = False
23.3279 	EXP 	imageprobando: autoDraw = False
23.3279 	EXP 	noise_4: autoDraw = False
23.3279 	EXP 	imageprobando: image = 'stims/006.i.jpg'
23.3279 	EXP 	imageprobando: autoDraw = True
24.0263 	EXP 	imageprobando: autoDraw = False
24.0424 	EXP 	noise_4: autoDraw = True
25.0088 	EXP 	New trial (rep=0, index=6): OrderedDict([('stimFile', 'stims/002.i.jpg'), ('Valence', 'Practice')])
25.0242 	EXP 	noise_4: autoDraw = False
25.0242 	EXP 	imageprobando: autoDraw = False
25.0242 	EXP 	noise_4: autoDraw = False
25.0242 	EXP 	imageprobando: image = 'stims/002.i.jpg'
25.0242 	EXP 	imageprobando: autoDraw = True
25.7223 	EXP 	imageprobando: autoDraw = False
25.7386 	EXP 	noise_4: autoDraw = True
26.7045 	EXP 	New trial (rep=0, index=7): OrderedDict([('stimFile', 'stims/011.i.jpg'), ('Valence', 'Practice')])
26.7195 	EXP 	noise_4: autoDraw = False
26.7195 	EXP 	imageprobando: autoDraw = False
26.7195 	EXP 	noise_4: autoDraw = False
26.7195 	EXP 	imageprobando: image = 'stims/011.i.jpg'
26.7195 	EXP 	imageprobando: autoDraw = True
27.4177 	EXP 	imageprobando: autoDraw = False
27.4352 	EXP 	noise_4: autoDraw = True
28.4005 	EXP 	New trial (rep=0, index=8): OrderedDict([('stimFile', 'stims/013.i.jpg'), ('Valence', 'Practice')])
28.4162 	EXP 	noise_4: autoDraw = False
28.4162 	EXP 	imageprobando: autoDraw = False
28.4162 	EXP 	noise_4: autoDraw = False
28.4162 	EXP 	imageprobando: image = 'stims/013.i.jpg'
28.4162 	EXP 	imageprobando: autoDraw = True
29.1148 	EXP 	imageprobando: autoDraw = False
29.1315 	EXP 	noise_4: autoDraw = True
30.0969 	EXP 	New trial (rep=0, index=9): OrderedDict([('stimFile', 'stims/017.i.jpg'), ('Valence', 'Practice')])
30.1122 	EXP 	noise_4: autoDraw = False
30.1122 	EXP 	imageprobando: autoDraw = False
30.1122 	EXP 	noise_4: autoDraw = False
30.1122 	EXP 	imageprobando: image = 'stims/017.i.jpg'
30.1122 	EXP 	imageprobando: autoDraw = True
30.8092 	EXP 	imageprobando: autoDraw = False
30.8273 	EXP 	noise_4: autoDraw = True
31.7927 	EXP 	New trial (rep=0, index=10): OrderedDict([('stimFile', 'stims/008.i.jpg'), ('Valence', 'Practice')])
31.8083 	EXP 	noise_4: autoDraw = False
31.8083 	EXP 	imageprobando: autoDraw = False
31.8083 	EXP 	noise_4: autoDraw = False
31.8083 	EXP 	imageprobando: image = 'stims/008.i.jpg'
31.8083 	EXP 	imageprobando: autoDraw = True
32.5061 	EXP 	imageprobando: autoDraw = False
32.5227 	EXP 	noise_4: autoDraw = True
33.4883 	EXP 	New trial (rep=0, index=11): OrderedDict([('stimFile', 'stims/004.i.jpg'), ('Valence', 'Practice')])
33.5031 	EXP 	noise_4: autoDraw = False
33.5031 	EXP 	imageprobando: autoDraw = False
33.5031 	EXP 	noise_4: autoDraw = False
33.5031 	EXP 	imageprobando: image = 'stims/004.i.jpg'
33.5031 	EXP 	imageprobando: autoDraw = True
34.2027 	EXP 	imageprobando: autoDraw = False
34.2194 	EXP 	noise_4: autoDraw = True
35.1848 	EXP 	New trial (rep=0, index=12): OrderedDict([('stimFile', 'stims/022.i.jpg'), ('Valence', 'Practice')])
35.2003 	EXP 	noise_4: autoDraw = False
35.2003 	EXP 	imageprobando: autoDraw = False
35.2003 	EXP 	noise_4: autoDraw = False
35.2003 	EXP 	imageprobando: image = 'stims/022.i.jpg'
35.2003 	EXP 	imageprobando: autoDraw = True
35.8989 	EXP 	imageprobando: autoDraw = False
35.9150 	EXP 	noise_4: autoDraw = True
36.8806 	EXP 	New trial (rep=0, index=13): OrderedDict([('stimFile', 'stims/019.i.jpg'), ('Valence', 'Practice')])
36.8957 	EXP 	noise_4: autoDraw = False
36.8957 	EXP 	imageprobando: autoDraw = False
36.8957 	EXP 	noise_4: autoDraw = False
36.8957 	EXP 	imageprobando: image = 'stims/019.i.jpg'
36.8957 	EXP 	imageprobando: autoDraw = True
37.5943 	EXP 	imageprobando: autoDraw = False
37.6113 	EXP 	noise_4: autoDraw = True
38.5769 	EXP 	New trial (rep=0, index=14): OrderedDict([('stimFile', 'stims/003.i.jpg'), ('Valence', 'Practice')])
38.5920 	EXP 	noise_4: autoDraw = False
38.5920 	EXP 	imageprobando: autoDraw = False
38.5920 	EXP 	noise_4: autoDraw = False
38.5920 	EXP 	imageprobando: image = 'stims/003.i.jpg'
38.5920 	EXP 	imageprobando: autoDraw = True
39.2906 	EXP 	imageprobando: autoDraw = False
39.3075 	EXP 	noise_4: autoDraw = True
40.2723 	EXP 	New trial (rep=0, index=15): OrderedDict([('stimFile', 'stims/005.i.jpg'), ('Valence', 'Practice')])
40.2879 	EXP 	noise_4: autoDraw = False
40.2879 	EXP 	imageprobando: autoDraw = False
40.2879 	EXP 	noise_4: autoDraw = False
40.2879 	EXP 	imageprobando: image = 'stims/005.i.jpg'
40.2879 	EXP 	imageprobando: autoDraw = True
40.9868 	EXP 	imageprobando: autoDraw = False
41.0033 	EXP 	noise_4: autoDraw = True
41.9686 	EXP 	New trial (rep=0, index=16): OrderedDict([('stimFile', 'stims/012.i.jpg'), ('Valence', 'Practice')])
41.9841 	EXP 	noise_4: autoDraw = False
41.9841 	EXP 	imageprobando: autoDraw = False
41.9841 	EXP 	noise_4: autoDraw = False
41.9841 	EXP 	imageprobando: image = 'stims/012.i.jpg'
41.9841 	EXP 	imageprobando: autoDraw = True
42.6815 	EXP 	imageprobando: autoDraw = False
42.6988 	EXP 	noise_4: autoDraw = True
43.6636 	EXP 	New trial (rep=0, index=17): OrderedDict([('stimFile', 'stims/020.i.jpg'), ('Valence', 'Practice')])
43.6802 	EXP 	noise_4: autoDraw = False
43.6802 	EXP 	imageprobando: autoDraw = False
43.6802 	EXP 	noise_4: autoDraw = False
43.6802 	EXP 	imageprobando: image = 'stims/020.i.jpg'
43.6802 	EXP 	imageprobando: autoDraw = True
44.3780 	EXP 	imageprobando: autoDraw = False
44.3948 	EXP 	noise_4: autoDraw = True
45.3601 	EXP 	New trial (rep=0, index=18): OrderedDict([('stimFile', 'stims/016.i.jpg'), ('Valence', 'Practice')])
45.3757 	EXP 	noise_4: autoDraw = False
45.3757 	EXP 	imageprobando: autoDraw = False
45.3757 	EXP 	noise_4: autoDraw = False
45.3757 	EXP 	imageprobando: image = 'stims/016.i.jpg'
45.3757 	EXP 	imageprobando: autoDraw = True
46.0745 	EXP 	imageprobando: autoDraw = False
46.0904 	EXP 	noise_4: autoDraw = True
47.0569 	EXP 	New trial (rep=0, index=19): OrderedDict([('stimFile', 'stims/007.i.jpg'), ('Valence', 'Practice')])
47.0718 	EXP 	noise_4: autoDraw = False
47.0718 	EXP 	imageprobando: autoDraw = False
47.0718 	EXP 	noise_4: autoDraw = False
47.0718 	EXP 	imageprobando: image = 'stims/007.i.jpg'
47.0718 	EXP 	imageprobando: autoDraw = True
47.7711 	EXP 	imageprobando: autoDraw = False
47.7865 	EXP 	noise_4: autoDraw = True
48.7523 	EXP 	New trial (rep=0, index=20): OrderedDict([('stimFile', 'stims/021.i.jpg'), ('Valence', 'Practice')])
48.7677 	EXP 	noise_4: autoDraw = False
48.7677 	EXP 	imageprobando: autoDraw = False
48.7677 	EXP 	noise_4: autoDraw = False
48.7677 	EXP 	imageprobando: image = 'stims/021.i.jpg'
48.7677 	EXP 	imageprobando: autoDraw = True
49.4662 	EXP 	imageprobando: autoDraw = False
49.4835 	EXP 	noise_4: autoDraw = True
50.4486 	EXP 	New trial (rep=0, index=21): OrderedDict([('stimFile', 'stims/014.i.jpg'), ('Valence', 'Practice')])
50.4638 	EXP 	noise_4: autoDraw = False
50.4638 	EXP 	imageprobando: autoDraw = False
50.4638 	EXP 	noise_4: autoDraw = False
50.4638 	EXP 	imageprobando: image = 'stims/014.i.jpg'
50.4638 	EXP 	imageprobando: autoDraw = True
51.1624 	EXP 	imageprobando: autoDraw = False
51.1796 	EXP 	noise_4: autoDraw = True
52.1601 	EXP 	noise_4: autoDraw = False
52.1601 	EXP 	imageprobando: autoDraw = False
52.1601 	EXP 	noise_4: autoDraw = False
52.1601 	EXP 	textExperiment: autoDraw = True
57.6507 	DATA 	Keypress: t
57.6552 	EXP 	Imported chooseBlock.csv as conditions, 4 conditions, 2 params
57.6556 	EXP 	Created sequence: random, trialTypes=4, nReps=1, seed=None
57.6560 	EXP 	New trial (rep=0, index=0): OrderedDict([('condsFile', 'NeutralBlock.csv'), ('readyMsg', 'Pronto')])
57.6635 	EXP 	textExperiment: autoDraw = False
57.6635 	EXP 	textTask: autoDraw = True
67.5931 	DATA 	Keypress: t
67.5989 	EXP 	Imported NeutralBlock.csv as conditions, 22 conditions, 2 params
67.5994 	EXP 	Created sequence: random, trialTypes=22, nReps=1, seed=None
67.5998 	EXP 	New trial (rep=0, index=0): OrderedDict([('stimFile', 'stims/4000.jpg'), ('Valence', 'Neutral')])
67.6571 	EXP 	textTask: autoDraw = False
67.6571 	EXP 	image_2: image = 'stims/4000.jpg'
67.6571 	EXP 	image_2: autoDraw = True
68.3056 	EXP 	image_2: autoDraw = False
68.3222 	EXP 	noise: autoDraw = True
69.3040 	EXP 	New trial (rep=0, index=1): OrderedDict([('stimFile', 'stims/9045.jpg'), ('Valence', 'Neutral')])
69.3705 	EXP 	image_2: autoDraw = False
69.3705 	EXP 	noise: autoDraw = False
69.3705 	EXP 	image_2: image = 'stims/9045.jpg'
69.3705 	EXP 	image_2: autoDraw = True
70.0184 	EXP 	image_2: autoDraw = False
70.0350 	EXP 	noise: autoDraw = True
70.9987 	EXP 	New trial (rep=0, index=2): OrderedDict([('stimFile', 'stims/4490.jpg'), ('Valence', 'Neutral')])
71.0487 	EXP 	image_2: autoDraw = False
71.0487 	EXP 	noise: autoDraw = False
71.0487 	EXP 	image_2: image = 'stims/4490.jpg'
71.0487 	EXP 	image_2: autoDraw = True
71.7143 	EXP 	image_2: autoDraw = False
71.7310 	EXP 	noise: autoDraw = True
72.6956 	EXP 	New trial (rep=0, index=3): OrderedDict([('stimFile', 'stims/4525.jpg'), ('Valence', 'Neutral')])
72.7776 	EXP 	image_2: autoDraw = False
72.7776 	EXP 	noise: autoDraw = False
72.7776 	EXP 	image_2: image = 'stims/4525.jpg'
72.7776 	EXP 	image_2: autoDraw = True
73.4102 	EXP 	image_2: autoDraw = False
73.4267 	EXP 	noise: autoDraw = True
74.3924 	EXP 	New trial (rep=0, index=4): OrderedDict([('stimFile', 'stims/7190.jpg'), ('Valence', 'Neutral')])
74.4419 	EXP 	noise: autoDraw = False
74.4419 	EXP 	image_2: autoDraw = False
74.4419 	EXP 	noise: autoDraw = False
74.4419 	EXP 	image_2: image = 'stims/7190.jpg'
74.4419 	EXP 	image_2: autoDraw = True
75.1062 	EXP 	image_2: autoDraw = False
75.1229 	EXP 	noise: autoDraw = True
76.0885 	EXP 	New trial (rep=0, index=5): OrderedDict([('stimFile', 'stims/8050.jpg'), ('Valence', 'Neutral')])
76.1370 	EXP 	noise: autoDraw = False
76.1370 	EXP 	image_2: autoDraw = False
76.1370 	EXP 	noise: autoDraw = False
76.1370 	EXP 	image_2: image = 'stims/8050.jpg'
76.1370 	EXP 	image_2: autoDraw = True
76.8026 	EXP 	image_2: autoDraw = False
76.8180 	EXP 	noise: autoDraw = True
77.7845 	EXP 	New trial (rep=0, index=6): OrderedDict([('stimFile', 'stims/2312.jpg'), ('Valence', 'Neutral')])
77.8332 	EXP 	noise: autoDraw = False
77.8332 	EXP 	image_2: autoDraw = False
77.8332 	EXP 	noise: autoDraw = False
77.8332 	EXP 	image_2: image = 'stims/2312.jpg'
77.8332 	EXP 	image_2: autoDraw = True
78.4983 	EXP 	image_2: autoDraw = False
78.5149 	EXP 	noise: autoDraw = True
79.4804 	EXP 	New trial (rep=0, index=7): OrderedDict([('stimFile', 'stims/8116.jpg'), ('Valence', 'Neutral')])
79.5459 	EXP 	noise: autoDraw = False
79.5459 	EXP 	image_2: autoDraw = False
79.5459 	EXP 	noise: autoDraw = False
79.5459 	EXP 	image_2: image = 'stims/8116.jpg'
79.5459 	EXP 	image_2: autoDraw = True
80.1942 	EXP 	image_2: autoDraw = False
80.2109 	EXP 	noise: autoDraw = True
81.1766 	EXP 	New trial (rep=0, index=8): OrderedDict([('stimFile', 'stims/7830.jpg'), ('Valence', 'Neutral')])
81.2418 	EXP 	noise: autoDraw = False
81.2418 	EXP 	image_2: autoDraw = False
81.2418 	EXP 	noise: autoDraw = False
81.2418 	EXP 	image_2: image = 'stims/7830.jpg'
81.2418 	EXP 	image_2: autoDraw = True
81.8903 	EXP 	image_2: autoDraw = False
81.9070 	EXP 	noise: autoDraw = True
82.8725 	EXP 	New trial (rep=0, index=9): OrderedDict([('stimFile', 'stims/7237.jpg'), ('Valence', 'Neutral')])
82.9379 	EXP 	noise: autoDraw = False
82.9379 	EXP 	image_2: autoDraw = False
82.9379 	EXP 	noise: autoDraw = False
82.9379 	EXP 	image_2: image = 'stims/7237.jpg'
82.9379 	EXP 	image_2: autoDraw = True
83.5861 	EXP 	image_2: autoDraw = False
83.6029 	EXP 	noise: autoDraw = True
84.5685 	EXP 	New trial (rep=0, index=10): OrderedDict([('stimFile', 'stims/4520.jpg'), ('Valence', 'Neutral')])
84.6340 	EXP 	noise: autoDraw = False
84.6340 	EXP 	image_2: autoDraw = False
84.6340 	EXP 	noise: autoDraw = False
84.6340 	EXP 	image_2: image = 'stims/4520.jpg'
84.6340 	EXP 	image_2: autoDraw = True
85.2823 	EXP 	image_2: autoDraw = False
85.2988 	EXP 	noise: autoDraw = True
86.2645 	EXP 	New trial (rep=0, index=11): OrderedDict([('stimFile', 'stims/7820.jpg'), ('Valence', 'Neutral')])
86.3295 	EXP 	noise: autoDraw = False
86.3295 	EXP 	image_2: autoDraw = False
86.3295 	EXP 	noise: autoDraw = False
86.3295 	EXP 	image_2: image = 'stims/7820.jpg'
86.3295 	EXP 	image_2: autoDraw = True
86.9783 	EXP 	image_2: autoDraw = False
86.9950 	EXP 	noise: autoDraw = True
87.9604 	EXP 	New trial (rep=0, index=12): OrderedDict([('stimFile', 'stims/2850.jpg'), ('Valence', 'Neutral')])
88.0258 	EXP 	noise: autoDraw = False
88.0258 	EXP 	image_2: autoDraw = False
88.0258 	EXP 	noise: autoDraw = False
88.0258 	EXP 	image_2: image = 'stims/2850.jpg'
88.0258 	EXP 	image_2: autoDraw = True
88.6743 	EXP 	image_2: autoDraw = False
88.6909 	EXP 	noise: autoDraw = True
89.6556 	EXP 	New trial (rep=0, index=13): OrderedDict([('stimFile', 'stims/4001.jpg'), ('Valence', 'Neutral')])
89.7060 	EXP 	noise: autoDraw = False
89.7060 	EXP 	image_2: autoDraw = False
89.7060 	EXP 	noise: autoDraw = False
89.7060 	EXP 	image_2: image = 'stims/4001.jpg'
89.7060 	EXP 	image_2: autoDraw = True
90.3703 	EXP 	image_2: autoDraw = False
90.3870 	EXP 	noise: autoDraw = True
91.3525 	EXP 	New trial (rep=0, index=14): OrderedDict([('stimFile', 'stims/4180.jpg'), ('Valence', 'Neutral')])
91.4180 	EXP 	noise: autoDraw = False
91.4180 	EXP 	image_2: autoDraw = False
91.4180 	EXP 	noise: autoDraw = False
91.4180 	EXP 	image_2: image = 'stims/4180.jpg'
91.4180 	EXP 	image_2: autoDraw = True
92.0665 	EXP 	image_2: autoDraw = False
92.0824 	EXP 	noise: autoDraw = True
93.0485 	EXP 	New trial (rep=0, index=15): OrderedDict([('stimFile', 'stims/4530.jpg'), ('Valence', 'Neutral')])
93.1132 	EXP 	noise: autoDraw = False
93.1132 	EXP 	image_2: autoDraw = False
93.1132 	EXP 	noise: autoDraw = False
93.1132 	EXP 	image_2: image = 'stims/4530.jpg'
93.1132 	EXP 	image_2: autoDraw = True
93.7623 	EXP 	image_2: autoDraw = False
93.7789 	EXP 	noise: autoDraw = True
94.7445 	EXP 	New trial (rep=0, index=16): OrderedDict([('stimFile', 'stims/7130.jpg'), ('Valence', 'Neutral')])
94.8098 	EXP 	noise: autoDraw = False
94.8098 	EXP 	image_2: autoDraw = False
94.8098 	EXP 	noise: autoDraw = False
94.8098 	EXP 	image_2: image = 'stims/7130.jpg'
94.8098 	EXP 	image_2: autoDraw = True
95.4584 	EXP 	image_2: autoDraw = False
95.4750 	EXP 	noise: autoDraw = True
96.4402 	EXP 	New trial (rep=0, index=17): OrderedDict([('stimFile', 'stims/7180.jpg'), ('Valence', 'Neutral')])
96.4890 	EXP 	noise: autoDraw = False
96.4890 	EXP 	image_2: autoDraw = False
96.4890 	EXP 	noise: autoDraw = False
96.4890 	EXP 	image_2: image = 'stims/7180.jpg'
96.4890 	EXP 	image_2: autoDraw = True
97.1544 	EXP 	image_2: autoDraw = False
97.1709 	EXP 	noise: autoDraw = True
98.1357 	EXP 	New trial (rep=0, index=18): OrderedDict([('stimFile', 'stims/5535.jpg'), ('Valence', 'Neutral')])
98.2011 	EXP 	noise: autoDraw = False
98.2011 	EXP 	image_2: autoDraw = False
98.2011 	EXP 	noise: autoDraw = False
98.2011 	EXP 	image_2: image = 'stims/5535.jpg'
98.2011 	EXP 	image_2: autoDraw = True
98.8503 	EXP 	image_2: autoDraw = False
98.8670 	EXP 	noise: autoDraw = True
99.8324 	EXP 	New trial (rep=0, index=19): OrderedDict([('stimFile', 'stims/7496.jpg'), ('Valence', 'Neutral')])
99.8978 	EXP 	noise: autoDraw = False
99.8978 	EXP 	image_2: autoDraw = False
99.8978 	EXP 	noise: autoDraw = False
99.8978 	EXP 	image_2: image = 'stims/7496.jpg'
99.8978 	EXP 	image_2: autoDraw = True
100.5462 	EXP 	image_2: autoDraw = False
100.5630 	EXP 	noise: autoDraw = True
101.5284 	EXP 	New trial (rep=0, index=20): OrderedDict([('stimFile', 'stims/6314.jpg'), ('Valence', 'Neutral')])
101.5771 	EXP 	noise: autoDraw = False
101.5771 	EXP 	image_2: autoDraw = False
101.5771 	EXP 	noise: autoDraw = False
101.5771 	EXP 	image_2: image = 'stims/6314.jpg'
101.5771 	EXP 	image_2: autoDraw = True
102.2424 	EXP 	image_2: autoDraw = False
102.2591 	EXP 	noise: autoDraw = True
103.2245 	EXP 	New trial (rep=0, index=21): OrderedDict([('stimFile', 'stims/4003.jpg'), ('Valence', 'Neutral')])
103.2897 	EXP 	noise: autoDraw = False
103.2897 	EXP 	image_2: autoDraw = False
103.2897 	EXP 	noise: autoDraw = False
103.2897 	EXP 	image_2: image = 'stims/4003.jpg'
103.2897 	EXP 	image_2: autoDraw = True
103.9379 	EXP 	image_2: autoDraw = False
103.9544 	EXP 	noise: autoDraw = True
104.9198 	EXP 	New trial (rep=0, index=1): OrderedDict([('condsFile', 'practiceBlock.csv'), ('readyMsg', 'Pronto')])
104.9359 	EXP 	noise: autoDraw = False
104.9359 	EXP 	image_2: autoDraw = False
104.9359 	EXP 	noise: autoDraw = False
104.9359 	EXP 	textTask: autoDraw = True
111.9233 	DATA 	Keypress: t
111.9283 	EXP 	Imported practiceBlock.csv as conditions, 22 conditions, 2 params
111.9288 	EXP 	Created sequence: random, trialTypes=22, nReps=1, seed=None
111.9292 	EXP 	New trial (rep=0, index=0): OrderedDict([('stimFile', 'stims/009.i.jpg'), ('Valence', 'Practice')])
111.9520 	EXP 	textTask: autoDraw = False
111.9520 	EXP 	image_2: image = 'stims/009.i.jpg'
111.9520 	EXP 	image_2: autoDraw = True
112.6346 	EXP 	image_2: autoDraw = False
112.6515 	EXP 	noise: autoDraw = True
113.6328 	EXP 	New trial (rep=0, index=1): OrderedDict([('stimFile', 'stims/014.i.jpg'), ('Valence', 'Practice')])
113.6482 	EXP 	image_2: autoDraw = False
113.6482 	EXP 	noise: autoDraw = False
113.6482 	EXP 	image_2: image = 'stims/014.i.jpg'
113.6482 	EXP 	image_2: autoDraw = True
114.3472 	EXP 	image_2: autoDraw = False
114.3638 	EXP 	noise: autoDraw = True
115.3288 	EXP 	New trial (rep=0, index=2): OrderedDict([('stimFile', 'stims/016.i.jpg'), ('Valence', 'Practice')])
115.3447 	EXP 	image_2: autoDraw = False
115.3447 	EXP 	noise: autoDraw = False
115.3447 	EXP 	image_2: image = 'stims/016.i.jpg'
115.3447 	EXP 	image_2: autoDraw = True
116.0434 	EXP 	image_2: autoDraw = False
116.0600 	EXP 	noise: autoDraw = True
117.0252 	EXP 	New trial (rep=0, index=3): OrderedDict([('stimFile', 'stims/013.i.jpg'), ('Valence', 'Practice')])
117.0405 	EXP 	noise: autoDraw = False
117.0405 	EXP 	image_2: autoDraw = False
117.0405 	EXP 	noise: autoDraw = False
117.0405 	EXP 	image_2: image = 'stims/013.i.jpg'
117.0405 	EXP 	image_2: autoDraw = True
117.7391 	EXP 	image_2: autoDraw = False
117.7558 	EXP 	noise: autoDraw = True
118.7213 	EXP 	New trial (rep=0, index=4): OrderedDict([('stimFile', 'stims/020.i.jpg'), ('Valence', 'Practice')])
118.7369 	EXP 	noise: autoDraw = False
118.7369 	EXP 	image_2: autoDraw = False
118.7369 	EXP 	noise: autoDraw = False
118.7369 	EXP 	image_2: image = 'stims/020.i.jpg'
118.7369 	EXP 	image_2: autoDraw = True
119.4352 	EXP 	image_2: autoDraw = False
119.4517 	EXP 	noise: autoDraw = True
120.4172 	EXP 	New trial (rep=0, index=5): OrderedDict([('stimFile', 'stims/012.i.jpg'), ('Valence', 'Practice')])
120.4324 	EXP 	noise: autoDraw = False
120.4324 	EXP 	image_2: autoDraw = False
120.4324 	EXP 	noise: autoDraw = False
120.4324 	EXP 	image_2: image = 'stims/012.i.jpg'
120.4324 	EXP 	image_2: autoDraw = True
121.1303 	EXP 	image_2: autoDraw = False
121.1475 	EXP 	noise: autoDraw = True
122.1128 	EXP 	New trial (rep=0, index=6): OrderedDict([('stimFile', 'stims/018.i.jpg'), ('Valence', 'Practice')])
122.1288 	EXP 	noise: autoDraw = False
122.1288 	EXP 	image_2: autoDraw = False
122.1288 	EXP 	noise: autoDraw = False
122.1288 	EXP 	image_2: image = 'stims/018.i.jpg'
122.1288 	EXP 	image_2: autoDraw = True
122.8264 	EXP 	image_2: autoDraw = False
122.8440 	EXP 	noise: autoDraw = True
123.8093 	EXP 	New trial (rep=0, index=7): OrderedDict([('stimFile', 'stims/002.i.jpg'), ('Valence', 'Practice')])
123.8244 	EXP 	noise: autoDraw = False
123.8244 	EXP 	image_2: autoDraw = False
123.8244 	EXP 	noise: autoDraw = False
123.8244 	EXP 	image_2: image = 'stims/002.i.jpg'
123.8244 	EXP 	image_2: autoDraw = True
124.5233 	EXP 	image_2: autoDraw = False
124.5396 	EXP 	noise: autoDraw = True
125.5054 	EXP 	New trial (rep=0, index=8): OrderedDict([('stimFile', 'stims/006.i.jpg'), ('Valence', 'Practice')])
125.5207 	EXP 	noise: autoDraw = False
125.5207 	EXP 	image_2: autoDraw = False
125.5207 	EXP 	noise: autoDraw = False
125.5207 	EXP 	image_2: image = 'stims/006.i.jpg'
125.5207 	EXP 	image_2: autoDraw = True
126.2192 	EXP 	image_2: autoDraw = False
126.2358 	EXP 	noise: autoDraw = True
127.2013 	EXP 	New trial (rep=0, index=9): OrderedDict([('stimFile', 'stims/010.i.jpg'), ('Valence', 'Practice')])
127.2167 	EXP 	noise: autoDraw = False
127.2167 	EXP 	image_2: autoDraw = False
127.2167 	EXP 	noise: autoDraw = False
127.2167 	EXP 	image_2: image = 'stims/010.i.jpg'
127.2167 	EXP 	image_2: autoDraw = True
127.9152 	EXP 	image_2: autoDraw = False
127.9318 	EXP 	noise: autoDraw = True
128.8974 	EXP 	New trial (rep=0, index=10): OrderedDict([('stimFile', 'stims/021.i.jpg'), ('Valence', 'Practice')])
128.9127 	EXP 	noise: autoDraw = False
128.9127 	EXP 	image_2: autoDraw = False
128.9127 	EXP 	noise: autoDraw = False
128.9127 	EXP 	image_2: image = 'stims/021.i.jpg'
128.9127 	EXP 	image_2: autoDraw = True
129.6112 	EXP 	image_2: autoDraw = False
129.6278 	EXP 	noise: autoDraw = True
130.5933 	EXP 	New trial (rep=0, index=11): OrderedDict([('stimFile', 'stims/019.i.jpg'), ('Valence', 'Practice')])
130.6087 	EXP 	noise: autoDraw = False
130.6087 	EXP 	image_2: autoDraw = False
130.6087 	EXP 	noise: autoDraw = False
130.6087 	EXP 	image_2: image = 'stims/019.i.jpg'
130.6087 	EXP 	image_2: autoDraw = True
131.3067 	EXP 	image_2: autoDraw = False
131.3233 	EXP 	noise: autoDraw = True
132.2897 	EXP 	New trial (rep=0, index=12): OrderedDict([('stimFile', 'stims/015.i.jpg'), ('Valence', 'Practice')])
132.3047 	EXP 	noise: autoDraw = False
132.3047 	EXP 	image_2: autoDraw = False
132.3047 	EXP 	noise: autoDraw = False
132.3047 	EXP 	image_2: image = 'stims/015.i.jpg'
132.3047 	EXP 	image_2: autoDraw = True
133.0026 	EXP 	image_2: autoDraw = False
133.0201 	EXP 	noise: autoDraw = True
133.9853 	EXP 	New trial (rep=0, index=13): OrderedDict([('stimFile', 'stims/005.i.jpg'), ('Valence', 'Practice')])
134.0009 	EXP 	noise: autoDraw = False
134.0009 	EXP 	image_2: autoDraw = False
134.0009 	EXP 	noise: autoDraw = False
134.0009 	EXP 	image_2: image = 'stims/005.i.jpg'
134.0009 	EXP 	image_2: autoDraw = True
134.6992 	EXP 	image_2: autoDraw = False
134.7159 	EXP 	noise: autoDraw = True
135.6814 	EXP 	New trial (rep=0, index=14): OrderedDict([('stimFile', 'stims/001.i.jpg'), ('Valence', 'Practice')])
135.6964 	EXP 	noise: autoDraw = False
135.6964 	EXP 	image_2: autoDraw = False
135.6964 	EXP 	noise: autoDraw = False
135.6964 	EXP 	image_2: image = 'stims/001.i.jpg'
135.6964 	EXP 	image_2: autoDraw = True
136.3948 	EXP 	image_2: autoDraw = False
136.4115 	EXP 	noise: autoDraw = True
137.3773 	EXP 	New trial (rep=0, index=15): OrderedDict([('stimFile', 'stims/011.i.jpg'), ('Valence', 'Practice')])
137.3926 	EXP 	noise: autoDraw = False
137.3926 	EXP 	image_2: autoDraw = False
137.3926 	EXP 	noise: autoDraw = False
137.3926 	EXP 	image_2: image = 'stims/011.i.jpg'
137.3926 	EXP 	image_2: autoDraw = True
138.0901 	EXP 	image_2: autoDraw = False
138.1079 	EXP 	noise: autoDraw = True
139.0733 	EXP 	New trial (rep=0, index=16): OrderedDict([('stimFile', 'stims/017.i.jpg'), ('Valence', 'Practice')])
139.0888 	EXP 	noise: autoDraw = False
139.0888 	EXP 	image_2: autoDraw = False
139.0888 	EXP 	noise: autoDraw = False
139.0888 	EXP 	image_2: image = 'stims/017.i.jpg'
139.0888 	EXP 	image_2: autoDraw = True
139.7872 	EXP 	image_2: autoDraw = False
139.8041 	EXP 	noise: autoDraw = True
140.7694 	EXP 	New trial (rep=0, index=17): OrderedDict([('stimFile', 'stims/008.i.jpg'), ('Valence', 'Practice')])
140.7843 	EXP 	noise: autoDraw = False
140.7843 	EXP 	image_2: autoDraw = False
140.7843 	EXP 	noise: autoDraw = False
140.7843 	EXP 	image_2: image = 'stims/008.i.jpg'
140.7843 	EXP 	image_2: autoDraw = True
141.4832 	EXP 	image_2: autoDraw = False
141.4997 	EXP 	noise: autoDraw = True
142.4654 	EXP 	New trial (rep=0, index=18): OrderedDict([('stimFile', 'stims/022.i.jpg'), ('Valence', 'Practice')])
142.4809 	EXP 	noise: autoDraw = False
142.4809 	EXP 	image_2: autoDraw = False
142.4809 	EXP 	noise: autoDraw = False
142.4809 	EXP 	image_2: image = 'stims/022.i.jpg'
142.4809 	EXP 	image_2: autoDraw = True
143.1792 	EXP 	image_2: autoDraw = False
143.1958 	EXP 	noise: autoDraw = True
144.1614 	EXP 	New trial (rep=0, index=19): OrderedDict([('stimFile', 'stims/007.i.jpg'), ('Valence', 'Practice')])
144.1764 	EXP 	noise: autoDraw = False
144.1764 	EXP 	image_2: autoDraw = False
144.1764 	EXP 	noise: autoDraw = False
144.1764 	EXP 	image_2: image = 'stims/007.i.jpg'
144.1764 	EXP 	image_2: autoDraw = True
144.8753 	EXP 	image_2: autoDraw = False
144.8918 	EXP 	noise: autoDraw = True
145.8573 	EXP 	New trial (rep=0, index=20): OrderedDict([('stimFile', 'stims/004.i.jpg'), ('Valence', 'Practice')])
145.8728 	EXP 	noise: autoDraw = False
145.8728 	EXP 	image_2: autoDraw = False
145.8728 	EXP 	noise: autoDraw = False
145.8728 	EXP 	image_2: image = 'stims/004.i.jpg'
145.8728 	EXP 	image_2: autoDraw = True
146.5711 	EXP 	image_2: autoDraw = False
146.5875 	EXP 	noise: autoDraw = True
147.5534 	EXP 	New trial (rep=0, index=21): OrderedDict([('stimFile', 'stims/003.i.jpg'), ('Valence', 'Practice')])
147.5688 	EXP 	noise: autoDraw = False
147.5688 	EXP 	image_2: autoDraw = False
147.5688 	EXP 	noise: autoDraw = False
147.5688 	EXP 	image_2: image = 'stims/003.i.jpg'
147.5688 	EXP 	image_2: autoDraw = True
148.2672 	EXP 	image_2: autoDraw = False
148.2838 	EXP 	noise: autoDraw = True
149.2493 	EXP 	New trial (rep=0, index=2): OrderedDict([('condsFile', 'positiveBlock.csv'), ('readyMsg', 'Pronto')])
149.2648 	EXP 	noise: autoDraw = False
149.2648 	EXP 	image_2: autoDraw = False
149.2648 	EXP 	noise: autoDraw = False
149.2648 	EXP 	textTask: autoDraw = True
155.8360 	DATA 	Keypress: t
155.8423 	EXP 	Imported positiveBlock.csv as conditions, 33 conditions, 2 params
155.8428 	EXP 	Created sequence: random, trialTypes=33, nReps=1, seed=None
155.8432 	EXP 	New trial (rep=0, index=0): OrderedDict([('stimFile', 'stims/8380.jpg'), ('Valence', 'Positive')])
155.8991 	EXP 	textTask: autoDraw = False
155.8991 	EXP 	image_2: image = 'stims/8380.jpg'
155.8991 	EXP 	image_2: autoDraw = True
156.5477 	EXP 	image_2: autoDraw = False
156.5642 	EXP 	noise: autoDraw = True
157.5460 	EXP 	New trial (rep=0, index=1): OrderedDict([('stimFile', 'stims/7350.jpg'), ('Valence', 'Positive')])
157.6121 	EXP 	image_2: autoDraw = False
157.6121 	EXP 	noise: autoDraw = False
157.6121 	EXP 	image_2: image = 'stims/7350.jpg'
157.6121 	EXP 	image_2: autoDraw = True
158.2602 	EXP 	image_2: autoDraw = False
158.2769 	EXP 	noise: autoDraw = True
159.2420 	EXP 	New trial (rep=0, index=2): OrderedDict([('stimFile', 'stims/4653.jpg'), ('Valence', 'Positive')])
159.3073 	EXP 	image_2: autoDraw = False
159.3073 	EXP 	noise: autoDraw = False
159.3073 	EXP 	image_2: image = 'stims/4653.jpg'
159.3073 	EXP 	image_2: autoDraw = True
159.9558 	EXP 	image_2: autoDraw = False
159.9726 	EXP 	noise: autoDraw = True
160.9380 	EXP 	New trial (rep=0, index=3): OrderedDict([('stimFile', 'stims/8041.jpg'), ('Valence', 'Positive')])
161.0031 	EXP 	image_2: autoDraw = False
161.0031 	EXP 	noise: autoDraw = False
161.0031 	EXP 	image_2: image = 'stims/8041.jpg'
161.0031 	EXP 	image_2: autoDraw = True
161.6523 	EXP 	image_2: autoDraw = False
161.6687 	EXP 	noise: autoDraw = True
162.6344 	EXP 	New trial (rep=0, index=4): OrderedDict([('stimFile', 'stims/7351.jpg'), ('Valence', 'Positive')])
162.6996 	EXP 	noise: autoDraw = False
162.6996 	EXP 	image_2: autoDraw = False
162.6996 	EXP 	noise: autoDraw = False
162.6996 	EXP 	image_2: image = 'stims/7351.jpg'
162.6996 	EXP 	image_2: autoDraw = True
163.3486 	EXP 	image_2: autoDraw = False
163.3650 	EXP 	noise: autoDraw = True
164.3302 	EXP 	New trial (rep=0, index=5): OrderedDict([('stimFile', 'stims/1720.jpg'), ('Valence', 'Positive')])
164.3959 	EXP 	noise: autoDraw = False
164.3959 	EXP 	image_2: autoDraw = False
164.3959 	EXP 	noise: autoDraw = False
164.3959 	EXP 	image_2: image = 'stims/1720.jpg'
164.3959 	EXP 	image_2: autoDraw = True
165.0443 	EXP 	image_2: autoDraw = False
165.0609 	EXP 	noise: autoDraw = True
166.0264 	EXP 	New trial (rep=0, index=6): OrderedDict([('stimFile', 'stims/7475.jpg'), ('Valence', 'Positive')])
166.0747 	EXP 	noise: autoDraw = False
166.0747 	EXP 	image_2: autoDraw = False
166.0747 	EXP 	noise: autoDraw = False
166.0747 	EXP 	image_2: image = 'stims/7475.jpg'
166.0747 	EXP 	image_2: autoDraw = True
166.7403 	EXP 	image_2: autoDraw = False
166.7569 	EXP 	noise: autoDraw = True
167.7225 	EXP 	New trial (rep=0, index=7): OrderedDict([('stimFile', 'stims/8540.jpg'), ('Valence', 'Positive')])
167.7705 	EXP 	noise: autoDraw = False
167.7705 	EXP 	image_2: autoDraw = False
167.7705 	EXP 	noise: autoDraw = False
167.7705 	EXP 	image_2: image = 'stims/8540.jpg'
167.7705 	EXP 	image_2: autoDraw = True
168.4363 	EXP 	image_2: autoDraw = False
168.4529 	EXP 	noise: autoDraw = True
169.4186 	EXP 	New trial (rep=0, index=8): OrderedDict([('stimFile', 'stims/7402.jpg'), ('Valence', 'Positive')])
169.4838 	EXP 	noise: autoDraw = False
169.4838 	EXP 	image_2: autoDraw = False
169.4838 	EXP 	noise: autoDraw = False
169.4838 	EXP 	image_2: image = 'stims/7402.jpg'
169.4838 	EXP 	image_2: autoDraw = True
170.1323 	EXP 	image_2: autoDraw = False
170.1490 	EXP 	noise: autoDraw = True
171.1146 	EXP 	New trial (rep=0, index=9): OrderedDict([('stimFile', 'stims/8200.jpg'), ('Valence', 'Positive')])
171.1628 	EXP 	noise: autoDraw = False
171.1628 	EXP 	image_2: autoDraw = False
171.1628 	EXP 	noise: autoDraw = False
171.1628 	EXP 	image_2: image = 'stims/8200.jpg'
171.1628 	EXP 	image_2: autoDraw = True
171.8283 	EXP 	image_2: autoDraw = False
171.8450 	EXP 	noise: autoDraw = True
172.8096 	EXP 	New trial (rep=0, index=10): OrderedDict([('stimFile', 'stims/4651.jpg'), ('Valence', 'Positive')])
172.8746 	EXP 	noise: autoDraw = False
172.8746 	EXP 	image_2: autoDraw = False
172.8746 	EXP 	noise: autoDraw = False
172.8746 	EXP 	image_2: image = 'stims/4651.jpg'
172.8746 	EXP 	image_2: autoDraw = True
173.5243 	EXP 	image_2: autoDraw = False
173.5411 	EXP 	noise: autoDraw = True
174.5065 	EXP 	New trial (rep=0, index=11): OrderedDict([('stimFile', 'stims/8470.jpg'), ('Valence', 'Positive')])
174.5719 	EXP 	noise: autoDraw = False
174.5719 	EXP 	image_2: autoDraw = False
174.5719 	EXP 	noise: autoDraw = False
174.5719 	EXP 	image_2: image = 'stims/8470.jpg'
174.5719 	EXP 	image_2: autoDraw = True
175.2203 	EXP 	image_2: autoDraw = False
175.2370 	EXP 	noise: autoDraw = True
176.2029 	EXP 	New trial (rep=0, index=12): OrderedDict([('stimFile', 'stims/7450.jpg'), ('Valence', 'Positive')])
176.2679 	EXP 	noise: autoDraw = False
176.2679 	EXP 	image_2: autoDraw = False
176.2679 	EXP 	noise: autoDraw = False
176.2679 	EXP 	image_2: image = 'stims/7450.jpg'
176.2679 	EXP 	image_2: autoDraw = True
176.9164 	EXP 	image_2: autoDraw = False
176.9330 	EXP 	noise: autoDraw = True
177.8985 	EXP 	New trial (rep=0, index=13): OrderedDict([('stimFile', 'stims/5628.jpg'), ('Valence', 'Positive')])
177.9638 	EXP 	noise: autoDraw = False
177.9638 	EXP 	image_2: autoDraw = False
177.9638 	EXP 	noise: autoDraw = False
177.9638 	EXP 	image_2: image = 'stims/5628.jpg'
177.9638 	EXP 	image_2: autoDraw = True
178.6123 	EXP 	image_2: autoDraw = False
178.6292 	EXP 	noise: autoDraw = True
179.5943 	EXP 	New trial (rep=0, index=14): OrderedDict([('stimFile', 'stims/5270.jpg'), ('Valence', 'Positive')])
179.6599 	EXP 	noise: autoDraw = False
179.6599 	EXP 	image_2: autoDraw = False
179.6599 	EXP 	noise: autoDraw = False
179.6599 	EXP 	image_2: image = 'stims/5270.jpg'
179.6599 	EXP 	image_2: autoDraw = True
180.3083 	EXP 	image_2: autoDraw = False
180.3250 	EXP 	noise: autoDraw = True
181.2906 	EXP 	New trial (rep=0, index=15): OrderedDict([('stimFile', 'stims/4656.jpg'), ('Valence', 'Positive')])
181.3391 	EXP 	noise: autoDraw = False
181.3391 	EXP 	image_2: autoDraw = False
181.3391 	EXP 	noise: autoDraw = False
181.3391 	EXP 	image_2: image = 'stims/4656.jpg'
181.3391 	EXP 	image_2: autoDraw = True
182.0040 	EXP 	image_2: autoDraw = False
182.0202 	EXP 	noise: autoDraw = True
182.9865 	EXP 	New trial (rep=0, index=16): OrderedDict([('stimFile', 'stims/7340.jpg'), ('Valence', 'Positive')])
183.0518 	EXP 	noise: autoDraw = False
183.0518 	EXP 	image_2: autoDraw = False
183.0518 	EXP 	noise: autoDraw = False
183.0518 	EXP 	image_2: image = 'stims/7340.jpg'
183.0518 	EXP 	image_2: autoDraw = True
183.7003 	EXP 	image_2: autoDraw = False
183.7170 	EXP 	noise: autoDraw = True
184.6824 	EXP 	New trial (rep=0, index=17): OrderedDict([('stimFile', 'stims/8502.jpg'), ('Valence', 'Positive')])
184.7476 	EXP 	noise: autoDraw = False
184.7476 	EXP 	image_2: autoDraw = False
184.7476 	EXP 	noise: autoDraw = False
184.7476 	EXP 	image_2: image = 'stims/8502.jpg'
184.7476 	EXP 	image_2: autoDraw = True
185.3964 	EXP 	image_2: autoDraw = False
185.4130 	EXP 	noise: autoDraw = True
186.3785 	EXP 	New trial (rep=0, index=18): OrderedDict([('stimFile', 'stims/4608.jpg'), ('Valence', 'Positive')])
186.4278 	EXP 	noise: autoDraw = False
186.4278 	EXP 	image_2: autoDraw = False
186.4278 	EXP 	noise: autoDraw = False
186.4278 	EXP 	image_2: image = 'stims/4608.jpg'
186.4278 	EXP 	image_2: autoDraw = True
187.0923 	EXP 	image_2: autoDraw = False
187.1090 	EXP 	noise: autoDraw = True
188.0746 	EXP 	New trial (rep=0, index=19): OrderedDict([('stimFile', 'stims/7481.jpg'), ('Valence', 'Positive')])
188.1396 	EXP 	noise: autoDraw = False
188.1396 	EXP 	image_2: autoDraw = False
188.1396 	EXP 	noise: autoDraw = False
188.1396 	EXP 	image_2: image = 'stims/7481.jpg'
188.1396 	EXP 	image_2: autoDraw = True
188.7884 	EXP 	image_2: autoDraw = False
188.8050 	EXP 	noise: autoDraw = True
189.7705 	EXP 	New trial (rep=0, index=20): OrderedDict([('stimFile', 'stims/7430.jpg'), ('Valence', 'Positive')])
189.8359 	EXP 	noise: autoDraw = False
189.8359 	EXP 	image_2: autoDraw = False
189.8359 	EXP 	noise: autoDraw = False
189.8359 	EXP 	image_2: image = 'stims/7430.jpg'
189.8359 	EXP 	image_2: autoDraw = True
190.4843 	EXP 	image_2: autoDraw = False
190.5009 	EXP 	noise: autoDraw = True
191.4666 	EXP 	New trial (rep=0, index=21): OrderedDict([('stimFile', 'stims/7330.jpg'), ('Valence', 'Positive')])
191.5159 	EXP 	noise: autoDraw = False
191.5159 	EXP 	image_2: autoDraw = False
191.5159 	EXP 	noise: autoDraw = False
191.5159 	EXP 	image_2: image = 'stims/7330.jpg'
191.5159 	EXP 	image_2: autoDraw = True
192.1804 	EXP 	image_2: autoDraw = False
192.1970 	EXP 	noise: autoDraw = True
193.1625 	EXP 	New trial (rep=0, index=22): OrderedDict([('stimFile', 'stims/4611.jpg'), ('Valence', 'Positive')])
193.2281 	EXP 	noise: autoDraw = False
193.2281 	EXP 	image_2: autoDraw = False
193.2281 	EXP 	noise: autoDraw = False
193.2281 	EXP 	image_2: image = 'stims/4611.jpg'
193.2281 	EXP 	image_2: autoDraw = True
193.8763 	EXP 	image_2: autoDraw = False
193.8929 	EXP 	noise: autoDraw = True
194.8589 	EXP 	New trial (rep=0, index=23): OrderedDict([('stimFile', 'stims/7460.jpg'), ('Valence', 'Positive')])
194.9066 	EXP 	noise: autoDraw = False
194.9066 	EXP 	image_2: autoDraw = False
194.9066 	EXP 	noise: autoDraw = False
194.9066 	EXP 	image_2: image = 'stims/7460.jpg'
194.9066 	EXP 	image_2: autoDraw = True
195.5724 	EXP 	image_2: autoDraw = False
195.5890 	EXP 	noise: autoDraw = True
196.5545 	EXP 	New trial (rep=0, index=24): OrderedDict([('stimFile', 'stims/7480.jpg'), ('Valence', 'Positive')])
196.6199 	EXP 	noise: autoDraw = False
196.6199 	EXP 	image_2: autoDraw = False
196.6199 	EXP 	noise: autoDraw = False
196.6199 	EXP 	image_2: image = 'stims/7480.jpg'
196.6199 	EXP 	image_2: autoDraw = True
197.2689 	EXP 	image_2: autoDraw = False
197.2850 	EXP 	noise: autoDraw = True
198.2505 	EXP 	New trial (rep=0, index=25): OrderedDict([('stimFile', 'stims/4640.jpg'), ('Valence', 'Positive')])
198.3161 	EXP 	noise: autoDraw = False
198.3161 	EXP 	image_2: autoDraw = False
198.3161 	EXP 	noise: autoDraw = False
198.3161 	EXP 	image_2: image = 'stims/4640.jpg'
198.3161 	EXP 	image_2: autoDraw = True
198.9644 	EXP 	image_2: autoDraw = False
198.9809 	EXP 	noise: autoDraw = True
199.9462 	EXP 	New trial (rep=0, index=26): OrderedDict([('stimFile', 'stims/5622.jpg'), ('Valence', 'Positive')])
200.0114 	EXP 	noise: autoDraw = False
200.0114 	EXP 	image_2: autoDraw = False
200.0114 	EXP 	noise: autoDraw = False
200.0114 	EXP 	image_2: image = 'stims/5622.jpg'
200.0114 	EXP 	image_2: autoDraw = True
200.6605 	EXP 	image_2: autoDraw = False
200.6771 	EXP 	noise: autoDraw = True
201.6426 	EXP 	New trial (rep=0, index=27): OrderedDict([('stimFile', 'stims/4534.jpg'), ('Valence', 'Positive')])
201.7079 	EXP 	noise: autoDraw = False
201.7079 	EXP 	image_2: autoDraw = False
201.7079 	EXP 	noise: autoDraw = False
201.7079 	EXP 	image_2: image = 'stims/4534.jpg'
201.7079 	EXP 	image_2: autoDraw = True
202.3563 	EXP 	image_2: autoDraw = False
202.3730 	EXP 	noise: autoDraw = True
203.3385 	EXP 	New trial (rep=0, index=28): OrderedDict([('stimFile', 'stims/8090.jpg'), ('Valence', 'Positive')])
203.4039 	EXP 	noise: autoDraw = False
203.4039 	EXP 	image_2: autoDraw = False
203.4039 	EXP 	noise: autoDraw = False
203.4039 	EXP 	image_2: image = 'stims/8090.jpg'
203.4039 	EXP 	image_2: autoDraw = True
204.0524 	EXP 	image_2: autoDraw = False
204.0690 	EXP 	noise: autoDraw = True
205.0345 	EXP 	New trial (rep=0, index=29): OrderedDict([('stimFile', 'stims/7230.jpg'), ('Valence', 'Positive')])
205.0994 	EXP 	noise: autoDraw = False
205.0994 	EXP 	image_2: autoDraw = False
205.0994 	EXP 	noise: autoDraw = False
205.0994 	EXP 	image_2: image = 'stims/7230.jpg'
205.0994 	EXP 	image_2: autoDraw = True
205.7483 	EXP 	image_2: autoDraw = False
205.7650 	EXP 	noise: autoDraw = True
206.7305 	EXP 	New trial (rep=0, index=30): OrderedDict([('stimFile', 'stims/4531.jpg'), ('Valence', 'Positive')])
206.7957 	EXP 	noise: autoDraw = False
206.7957 	EXP 	image_2: autoDraw = False
206.7957 	EXP 	noise: autoDraw = False
206.7957 	EXP 	image_2: image = 'stims/4531.jpg'
206.7957 	EXP 	image_2: autoDraw = True
207.4444 	EXP 	image_2: autoDraw = False
207.4611 	EXP 	noise: autoDraw = True
208.4265 	EXP 	New trial (rep=0, index=31): OrderedDict([('stimFile', 'stims/2240.jpg'), ('Valence', 'Positive')])
208.4919 	EXP 	noise: autoDraw = False
208.4919 	EXP 	image_2: autoDraw = False
208.4919 	EXP 	noise: autoDraw = False
208.4919 	EXP 	image_2: image = 'stims/2240.jpg'
208.4919 	EXP 	image_2: autoDraw = True
209.1401 	EXP 	image_2: autoDraw = False
209.1570 	EXP 	noise: autoDraw = True
210.1226 	EXP 	New trial (rep=0, index=32): OrderedDict([('stimFile', 'stims/8500.jpg'), ('Valence', 'Positive')])
210.1880 	EXP 	noise: autoDraw = False
210.1880 	EXP 	image_2: autoDraw = False
210.1880 	EXP 	noise: autoDraw = False
210.1880 	EXP 	image_2: image = 'stims/8500.jpg'
210.1880 	EXP 	image_2: autoDraw = True
210.8364 	EXP 	image_2: autoDraw = False
210.8530 	EXP 	noise: autoDraw = True
211.8176 	EXP 	New trial (rep=0, index=3): OrderedDict([('condsFile', 'negativeBlock.csv'), ('readyMsg', 'Pronto')])
211.8342 	EXP 	noise: autoDraw = False
211.8342 	EXP 	image_2: autoDraw = False
211.8342 	EXP 	noise: autoDraw = False
211.8342 	EXP 	textTask: autoDraw = True
224.8436 	DATA 	Keypress: t
224.8592 	EXP 	Imported negativeBlock.csv as conditions, 22 conditions, 2 params
224.8597 	EXP 	Created sequence: random, trialTypes=22, nReps=1, seed=None
224.8602 	EXP 	New trial (rep=0, index=0): OrderedDict([('stimFile', 'stims/6314.jpg'), ('Valence', 'Negative')])
224.9024 	EXP 	textTask: autoDraw = False
224.9024 	EXP 	image_2: image = 'stims/6314.jpg'
224.9024 	EXP 	image_2: autoDraw = True
225.5684 	EXP 	image_2: autoDraw = False
225.5851 	EXP 	noise: autoDraw = True
226.5505 	EXP 	New trial (rep=0, index=1): OrderedDict([('stimFile', 'stims/9045.jpg'), ('Valence', 'Negative')])
226.5988 	EXP 	noise: autoDraw = False
226.5988 	EXP 	image_2: autoDraw = False
226.5988 	EXP 	noise: autoDraw = False
226.5988 	EXP 	image_2: image = 'stims/9045.jpg'
226.5988 	EXP 	image_2: autoDraw = True
227.2642 	EXP 	image_2: autoDraw = False
227.2808 	EXP 	noise: autoDraw = True
228.2465 	EXP 	New trial (rep=0, index=2): OrderedDict([('stimFile', 'stims/4520.jpg'), ('Valence', 'Negative')])
228.2943 	EXP 	noise: autoDraw = False
228.2943 	EXP 	image_2: autoDraw = False
228.2943 	EXP 	noise: autoDraw = False
228.2943 	EXP 	image_2: image = 'stims/4520.jpg'
228.2943 	EXP 	image_2: autoDraw = True
228.9606 	EXP 	image_2: autoDraw = False
228.9770 	EXP 	noise: autoDraw = True
229.9425 	EXP 	New trial (rep=0, index=3): OrderedDict([('stimFile', 'stims/2850.jpg'), ('Valence', 'Negative')])
229.9911 	EXP 	noise: autoDraw = False
229.9911 	EXP 	image_2: autoDraw = False
229.9911 	EXP 	noise: autoDraw = False
229.9911 	EXP 	image_2: image = 'stims/2850.jpg'
229.9911 	EXP 	image_2: autoDraw = True
230.6562 	EXP 	image_2: autoDraw = False
230.6731 	EXP 	noise: autoDraw = True
231.6385 	EXP 	New trial (rep=0, index=4): OrderedDict([('stimFile', 'stims/4001.jpg'), ('Valence', 'Negative')])
231.6873 	EXP 	noise: autoDraw = False
231.6873 	EXP 	image_2: autoDraw = False
231.6873 	EXP 	noise: autoDraw = False
231.6873 	EXP 	image_2: image = 'stims/4001.jpg'
231.6873 	EXP 	image_2: autoDraw = True
232.3523 	EXP 	image_2: autoDraw = False
232.3691 	EXP 	noise: autoDraw = True
233.3345 	EXP 	New trial (rep=0, index=5): OrderedDict([('stimFile', 'stims/8050.jpg'), ('Valence', 'Negative')])
233.3831 	EXP 	noise: autoDraw = False
233.3831 	EXP 	image_2: autoDraw = False
233.3831 	EXP 	noise: autoDraw = False
233.3831 	EXP 	image_2: image = 'stims/8050.jpg'
233.3831 	EXP 	image_2: autoDraw = True
234.0483 	EXP 	image_2: autoDraw = False
234.0650 	EXP 	noise: autoDraw = True
235.0295 	EXP 	New trial (rep=0, index=6): OrderedDict([('stimFile', 'stims/7237.jpg'), ('Valence', 'Negative')])
235.0959 	EXP 	noise: autoDraw = False
235.0959 	EXP 	image_2: autoDraw = False
235.0959 	EXP 	noise: autoDraw = False
235.0959 	EXP 	image_2: image = 'stims/7237.jpg'
235.0959 	EXP 	image_2: autoDraw = True
235.7443 	EXP 	image_2: autoDraw = False
235.7610 	EXP 	noise: autoDraw = True
236.7264 	EXP 	New trial (rep=0, index=7): OrderedDict([('stimFile', 'stims/4180.jpg'), ('Valence', 'Negative')])
236.7754 	EXP 	noise: autoDraw = False
236.7754 	EXP 	image_2: autoDraw = False
236.7754 	EXP 	noise: autoDraw = False
236.7754 	EXP 	image_2: image = 'stims/4180.jpg'
236.7754 	EXP 	image_2: autoDraw = True
237.4402 	EXP 	image_2: autoDraw = False
237.4570 	EXP 	noise: autoDraw = True
238.4227 	EXP 	New trial (rep=0, index=8): OrderedDict([('stimFile', 'stims/4000.jpg'), ('Valence', 'Negative')])
238.4712 	EXP 	noise: autoDraw = False
238.4712 	EXP 	image_2: autoDraw = False
238.4712 	EXP 	noise: autoDraw = False
238.4712 	EXP 	image_2: image = 'stims/4000.jpg'
238.4712 	EXP 	image_2: autoDraw = True
239.1364 	EXP 	image_2: autoDraw = False
239.1530 	EXP 	noise: autoDraw = True
240.1185 	EXP 	New trial (rep=0, index=9): OrderedDict([('stimFile', 'stims/7180.jpg'), ('Valence', 'Negative')])
240.1670 	EXP 	noise: autoDraw = False
240.1670 	EXP 	image_2: autoDraw = False
240.1670 	EXP 	noise: autoDraw = False
240.1670 	EXP 	image_2: image = 'stims/7180.jpg'
240.1670 	EXP 	image_2: autoDraw = True
240.8324 	EXP 	image_2: autoDraw = False
240.8490 	EXP 	noise: autoDraw = True
241.8148 	EXP 	New trial (rep=0, index=10): OrderedDict([('stimFile', 'stims/2312.jpg'), ('Valence', 'Negative')])
241.8631 	EXP 	noise: autoDraw = False
241.8631 	EXP 	image_2: autoDraw = False
241.8631 	EXP 	noise: autoDraw = False
241.8631 	EXP 	image_2: image = 'stims/2312.jpg'
241.8631 	EXP 	image_2: autoDraw = True
242.5284 	EXP 	image_2: autoDraw = False
242.5450 	EXP 	noise: autoDraw = True
243.5106 	EXP 	New trial (rep=0, index=11): OrderedDict([('stimFile', 'stims/5535.jpg'), ('Valence', 'Negative')])
243.5588 	EXP 	noise: autoDraw = False
243.5588 	EXP 	image_2: autoDraw = False
243.5588 	EXP 	noise: autoDraw = False
243.5588 	EXP 	image_2: image = 'stims/5535.jpg'
243.5588 	EXP 	image_2: autoDraw = True
244.2244 	EXP 	image_2: autoDraw = False
244.2411 	EXP 	noise: autoDraw = True
245.2066 	EXP 	New trial (rep=0, index=12): OrderedDict([('stimFile', 'stims/4003.jpg'), ('Valence', 'Negative')])
245.2719 	EXP 	noise: autoDraw = False
245.2719 	EXP 	image_2: autoDraw = False
245.2719 	EXP 	noise: autoDraw = False
245.2719 	EXP 	image_2: image = 'stims/4003.jpg'
245.2719 	EXP 	image_2: autoDraw = True
245.9204 	EXP 	image_2: autoDraw = False
245.9370 	EXP 	noise: autoDraw = True
246.9024 	EXP 	New trial (rep=0, index=13): OrderedDict([('stimFile', 'stims/7190.jpg'), ('Valence', 'Negative')])
246.9515 	EXP 	noise: autoDraw = False
246.9515 	EXP 	image_2: autoDraw = False
246.9515 	EXP 	noise: autoDraw = False
246.9515 	EXP 	image_2: image = 'stims/7190.jpg'
246.9515 	EXP 	image_2: autoDraw = True
247.6164 	EXP 	image_2: autoDraw = False
247.6330 	EXP 	noise: autoDraw = True
248.5983 	EXP 	New trial (rep=0, index=14): OrderedDict([('stimFile', 'stims/7830.jpg'), ('Valence', 'Negative')])
248.6468 	EXP 	noise: autoDraw = False
248.6468 	EXP 	image_2: autoDraw = False
248.6468 	EXP 	noise: autoDraw = False
248.6468 	EXP 	image_2: image = 'stims/7830.jpg'
248.6468 	EXP 	image_2: autoDraw = True
249.3124 	EXP 	image_2: autoDraw = False
249.3288 	EXP 	noise: autoDraw = True
250.2944 	EXP 	New trial (rep=0, index=15): OrderedDict([('stimFile', 'stims/8116.jpg'), ('Valence', 'Negative')])
250.3600 	EXP 	noise: autoDraw = False
250.3600 	EXP 	image_2: autoDraw = False
250.3600 	EXP 	noise: autoDraw = False
250.3600 	EXP 	image_2: image = 'stims/8116.jpg'
250.3600 	EXP 	image_2: autoDraw = True
251.0083 	EXP 	image_2: autoDraw = False
251.0250 	EXP 	noise: autoDraw = True
251.9906 	EXP 	New trial (rep=0, index=16): OrderedDict([('stimFile', 'stims/4525.jpg'), ('Valence', 'Negative')])
252.0727 	EXP 	noise: autoDraw = False
252.0727 	EXP 	image_2: autoDraw = False
252.0727 	EXP 	noise: autoDraw = False
252.0727 	EXP 	image_2: image = 'stims/4525.jpg'
252.0727 	EXP 	image_2: autoDraw = True
252.7041 	EXP 	image_2: autoDraw = False
252.7210 	EXP 	noise: autoDraw = True
253.6865 	EXP 	New trial (rep=0, index=17): OrderedDict([('stimFile', 'stims/7496.jpg'), ('Valence', 'Negative')])
253.7519 	EXP 	noise: autoDraw = False
253.7519 	EXP 	image_2: autoDraw = False
253.7519 	EXP 	noise: autoDraw = False
253.7519 	EXP 	image_2: image = 'stims/7496.jpg'
253.7519 	EXP 	image_2: autoDraw = True
254.4004 	EXP 	image_2: autoDraw = False
254.4170 	EXP 	noise: autoDraw = True
255.3825 	EXP 	New trial (rep=0, index=18): OrderedDict([('stimFile', 'stims/4530.jpg'), ('Valence', 'Negative')])
255.4313 	EXP 	noise: autoDraw = False
255.4313 	EXP 	image_2: autoDraw = False
255.4313 	EXP 	noise: autoDraw = False
255.4313 	EXP 	image_2: image = 'stims/4530.jpg'
255.4313 	EXP 	image_2: autoDraw = True
256.0961 	EXP 	image_2: autoDraw = False
256.1129 	EXP 	noise: autoDraw = True
257.0785 	EXP 	New trial (rep=0, index=19): OrderedDict([('stimFile', 'stims/7130.jpg'), ('Valence', 'Negative')])
257.1279 	EXP 	noise: autoDraw = False
257.1279 	EXP 	image_2: autoDraw = False
257.1279 	EXP 	noise: autoDraw = False
257.1279 	EXP 	image_2: image = 'stims/7130.jpg'
257.1279 	EXP 	image_2: autoDraw = True
257.7923 	EXP 	image_2: autoDraw = False
257.8089 	EXP 	noise: autoDraw = True
258.7746 	EXP 	New trial (rep=0, index=20): OrderedDict([('stimFile', 'stims/7820.jpg'), ('Valence', 'Negative')])
258.8222 	EXP 	noise: autoDraw = False
258.8222 	EXP 	image_2: autoDraw = False
258.8222 	EXP 	noise: autoDraw = False
258.8222 	EXP 	image_2: image = 'stims/7820.jpg'
258.8222 	EXP 	image_2: autoDraw = True
259.4883 	EXP 	image_2: autoDraw = False
259.5050 	EXP 	noise: autoDraw = True
260.4708 	EXP 	New trial (rep=0, index=21): OrderedDict([('stimFile', 'stims/4490.jpg'), ('Valence', 'Negative')])
260.5190 	EXP 	noise: autoDraw = False
260.5190 	EXP 	image_2: autoDraw = False
260.5190 	EXP 	noise: autoDraw = False
260.5190 	EXP 	image_2: image = 'stims/4490.jpg'
260.5190 	EXP 	image_2: autoDraw = True
261.1843 	EXP 	image_2: autoDraw = False
261.2010 	EXP 	noise: autoDraw = True
262.1821 	EXP 	noise: autoDraw = False
262.1821 	EXP 	image_2: autoDraw = False
262.1821 	EXP 	noise: autoDraw = False
262.1821 	EXP 	textThanks: autoDraw = True
272.4742 	EXP 	window1: mouseVisible = True
