6.6762 	WARNING 	User requested fullscreen with size [1440  900], but screen is actually [1280, 800]. Using actual size
7.3719 	EXP 	Created window1 = Window(allowGUI=False, allowStencil=False, args=UNKNOWN, autoLog=True, bitsMode=UNKNOWN, blendMode='avg', color=array([0., 0., 0.]), colorSpace='rgb', fullscr=<method-wrapper '__getattribute__' of attributeSetter object at 0x124187e10>, gamma=None, kwargs=UNKNOWN, lms=UNKNOWN, monitor=<psychopy.monitors.calibTools.Monitor object at 0x1256376d8>, multiSample=False, name='window1', numSamples=2, pos=[0.0, 0.0], screen=0, size=array([1280,  800]), stereo=False, units='norm', useFBO=True, useRetina=False, viewOri=0.0, viewPos=None, viewScale=None, waitBlanking=True, winType='pyglet')
7.3719 	EXP 	window1: recordFrameIntervals = False
7.5372 	EXP 	window1: recordFrameIntervals = True
7.7206 	EXP 	window1: recordFrameIntervals = False
7.8252 	EXP 	Created text = TextStim(__class__=<class 'psychopy.visual.text.TextStim'>, alignHoriz='center', alignVert='center', antialias=True, autoLog=True, bold=False, color='white', colorSpace='named', contrast=1.0, depth=0.0, flipHoriz=False, flipVert=False, font='Arial', fontFiles=[], height=0.1, italic=False, languageStyle='LTR', name='text', opacity=1.0, ori=0, pos=array([0., 0.]), rgb=array([255., 255., 255.]), text='default text', units='norm', win=Window(...), wrapWidth=1)
7.9061 	EXP 	Created textPractice = TextStim(__class__=<class 'psychopy.visual.text.TextStim'>, alignHoriz='center', alignVert='center', antialias=True, autoLog=True, bold=False, color='white', colorSpace='named', contrast=1.0, depth=0.0, flipHoriz=False, flipVert=False, font='Arial', fontFiles=[], height=0.1, italic=False, languageStyle='LTR', name='textPractice', opacity=1.0, ori=0, pos=array([0., 0.]), rgb=array([255., 255., 255.]), text=str(...), units='norm', win=Window(...), wrapWidth=1)
7.9092 	EXP 	Created image = ImageStim(__class__=<class 'psychopy.visual.image.ImageStim'>, autoLog=True, color=array([1., 1., 1.]), colorSpace='rgb', contrast=1.0, depth=0.0, flipHoriz=False, flipVert=False, image='sin', interpolate=True, mask=None, maskParams=None, name='image', opacity=1.0, ori=0.0, pos=array([0., 0.]), size=array([0.5, 0.5]), texRes=128, units='height', win=Window(...))
7.9098 	EXP 	Created textFeedback = TextStim(__class__=<class 'psychopy.visual.text.TextStim'>, alignHoriz='center', alignVert='center', antialias=True, autoLog=True, bold=False, color='white', colorSpace='named', contrast=1.0, depth=-1.0, flipHoriz=False, flipVert=False, font='Arial', fontFiles=[], height=0.1, italic=False, languageStyle='LTR', name='textFeedback', opacity=1.0, ori=0, pos=array([0., 0.]), rgb=array([255., 255., 255.]), text='', units='norm', win=Window(...), wrapWidth=1)
7.9711 	EXP 	Created textExperiment = TextStim(__class__=<class 'psychopy.visual.text.TextStim'>, alignHoriz='center', alignVert='center', antialias=True, autoLog=True, bold=False, color='white', colorSpace='named', contrast=1.0, depth=0.0, flipHoriz=False, flipVert=False, font='Arial', fontFiles=[], height=0.1, italic=False, languageStyle='LTR', name='textExperiment', opacity=1.0, ori=0, pos=array([0., 0.]), rgb=array([255., 255., 255.]), text=str(...), units='norm', win=Window(...), wrapWidth=1)
7.9803 	EXP 	Created textTask = TextStim(__class__=<class 'psychopy.visual.text.TextStim'>, alignHoriz='center', alignVert='center', antialias=True, autoLog=True, bold=False, color='white', colorSpace='named', contrast=1.0, depth=0.0, flipHoriz=False, flipVert=False, font='Arial', fontFiles=[], height=0.1, italic=False, languageStyle='LTR', name='textTask', opacity=1.0, ori=0, pos=array([0., 0.]), rgb=array([255., 255., 255.]), text='Bloque nuevo', units='norm', win=Window(...), wrapWidth=1)
7.9825 	EXP 	Created image_2 = ImageStim(__class__=<class 'psychopy.visual.image.ImageStim'>, autoLog=True, color=array([1., 1., 1.]), colorSpace='rgb', contrast=1.0, depth=0.0, flipHoriz=False, flipVert=False, image='sin', interpolate=True, mask=None, maskParams=None, name='image_2', opacity=1.0, ori=0.0, pos=array([0., 0.]), size=array([0.5, 0.5]), texRes=128, units='norm', win=Window(...))
7.9931 	EXP 	Created noise = NoiseStim(__class__=<class 'psychopy.visual.noise.NoiseStim'>, autoDraw=False, autoLog=True, blendmode='avg', color=array([1., 1., 1.]), colorSpace='rgb', contrast=1.0, depth=-1.0, interpolate=False, mask='none', maskParams=None, name='noise', opacity=1.0, ori=0.0, phase=array([0., 0.]), pos=array([0., 0.]), rgbPedestal=array([0., 0., 0.]), sf=array([1., 1.]), size=array([0.5, 0.5]), tex='sin', texRes=128, units='norm', win=Window(...))
8.0066 	EXP 	Created textThanks = TextStim(__class__=<class 'psychopy.visual.text.TextStim'>, alignHoriz='center', alignVert='center', antialias=True, autoLog=True, bold=False, color='white', colorSpace='named', contrast=1.0, depth=0.0, flipHoriz=False, flipVert=False, font='Arial', fontFiles=[], height=0.1, italic=False, languageStyle='LTR', name='textThanks', opacity=1.0, ori=0, pos=array([0., 0.]), rgb=array([255., 255., 255.]), text='Obrigado', units='norm', win=Window(...), wrapWidth=1)
8.0354 	EXP 	noise: blendmode = 'avg'
8.0354 	EXP 	noise: mask = None
8.0354 	EXP 	noise: texRes = 128
8.0354 	EXP 	noise: noiseType = 'Binary'
8.0354 	EXP 	noise: noiseImage = None
8.0354 	EXP 	noise: noiseElementSize = 0.0625
8.0354 	EXP 	noise: noiseBaseSf = 8.0
8.0354 	EXP 	noise: noiseBW = 1.0
8.0354 	EXP 	noise: noiseBWO = 1.0
8.0354 	EXP 	noise: noiseFractalPower = 0.0
8.0354 	EXP 	noise: noiseFilterUpper = 8.0
8.0354 	EXP 	noise: noiseFilterLower = 1.0
8.0354 	EXP 	noise: noiseFilterOrder = 0.0
8.0354 	EXP 	noise: noiseClip = 3.0
8.0354 	EXP 	noise: tex = array([[ 1.,  1., -1., -1., -1.,  1.,  1.,  1.],
       [ 1.,  1.,  1., -1.,  1., -1.,  1.,  1.],
       [ 1., -1.,  1.,  1.,  1., -1., -1., -1.],
       [-1., -1., -1.,  1., -1.,  1.,  1.,  1.],
       [-1., -1., -1.,  1.,  1., -1., -1., -1.],
       [-1., -1.,  1., -1.,  1., -1., -1., -1.],
       [ 1.,  1.,  1., -1., -1.,  1.,  1., -1.],
       [-1.,  1.,  1.,  1., -1., -1.,  1., -1.]])
8.0354 	EXP 	noise: tex = array([[-1.,  1., -1.,  1.,  1., -1., -1., -1.],
       [ 1.,  1.,  1.,  1.,  1.,  1., -1.,  1.],
       [ 1.,  1.,  1., -1., -1.,  1.,  1., -1.],
       [-1., -1., -1., -1., -1.,  1.,  1., -1.],
       [ 1.,  1., -1.,  1., -1.,  1.,  1.,  1.],
       [ 1.,  1., -1., -1., -1., -1.,  1.,  1.],
       [ 1., -1.,  1., -1., -1., -1., -1.,  1.],
       [-1.,  1., -1., -1., -1., -1.,  1., -1.]])
8.0354 	EXP 	text: text = 'Bem vindo. \nLeia as instrucoes no papel.'
8.0354 	EXP 	text: autoDraw = True
12.6587 	DATA 	Keypress: t
12.6750 	EXP 	text: autoDraw = False
12.6750 	EXP 	textPractice: autoDraw = True
13.4098 	DATA 	Keypress: t
13.4186 	EXP 	Imported practiceBlock.csv as conditions, 22 conditions, 2 params
13.4194 	EXP 	Created sequence: random, trialTypes=22, nReps=5, seed=None
13.4198 	EXP 	New trial (rep=0, index=0): OrderedDict([('stimFile', 'stims/013.i.jpg'), ('Valence', 'Practice')])
13.5072 	EXP 	textPractice: autoDraw = False
13.5072 	EXP 	image: image = 'stims/013.i.jpg'
13.5072 	EXP 	image: autoDraw = True
14.1377 	EXP 	image: autoDraw = False
27.2282 	DATA 	Keypress: g
29.8089 	DATA 	Keypress: escape
30.0812 	EXP 	window1: mouseVisible = True
