8.0247 	WARNING 	User requested fullscreen with size [1440  900], but screen is actually [1280, 800]. Using actual size
8.7417 	EXP 	Created window1 = Window(allowGUI=False, allowStencil=False, args=UNKNOWN, autoLog=True, bitsMode=UNKNOWN, blendMode='avg', color=array([0., 0., 0.]), colorSpace='rgb', fullscr=<method-wrapper '__getattribute__' of attributeSetter object at 0x12517edd8>, gamma=None, kwargs=UNKNOWN, lms=UNKNOWN, monitor=<psychopy.monitors.calibTools.Monitor object at 0x128db0668>, multiSample=False, name='window1', numSamples=2, pos=[0.0, 0.0], screen=0, size=array([1280,  800]), stereo=False, units='norm', useFBO=True, useRetina=False, viewOri=0.0, viewPos=None, viewScale=None, waitBlanking=True, winType='pyglet')
8.7418 	EXP 	window1: recordFrameIntervals = False
8.9079 	EXP 	window1: recordFrameIntervals = True
9.0912 	EXP 	window1: recordFrameIntervals = False
9.2099 	EXP 	Created text = TextStim(__class__=<class 'psychopy.visual.text.TextStim'>, alignHoriz='center', alignVert='center', antialias=True, autoLog=True, bold=False, color='white', colorSpace='named', contrast=1.0, depth=0.0, flipHoriz=False, flipVert=False, font='Arial', fontFiles=[], height=0.1, italic=False, languageStyle='LTR', name='text', opacity=1.0, ori=0, pos=array([0., 0.]), rgb=array([255., 255., 255.]), text='default text', units='norm', win=Window(...), wrapWidth=1)
9.2930 	EXP 	Created textPractice = TextStim(__class__=<class 'psychopy.visual.text.TextStim'>, alignHoriz='center', alignVert='center', antialias=True, autoLog=True, bold=False, color='white', colorSpace='named', contrast=1.0, depth=0.0, flipHoriz=False, flipVert=False, font='Arial', fontFiles=[], height=0.1, italic=False, languageStyle='LTR', name='textPractice', opacity=1.0, ori=0, pos=array([0., 0.]), rgb=array([255., 255., 255.]), text=str(...), units='norm', win=Window(...), wrapWidth=1)
9.3030 	EXP 	Created image = ImageStim(__class__=<class 'psychopy.visual.image.ImageStim'>, autoLog=True, color=array([1., 1., 1.]), colorSpace='rgb', contrast=1.0, depth=-1.0, flipHoriz=False, flipVert=False, image='sin', interpolate=True, mask=None, maskParams=None, name='image', opacity=1.0, ori=0.0, pos=array([0., 0.]), size=array([0.5, 0.5]), texRes=128, units='height', win=Window(...))
9.3136 	EXP 	Created noise_2 = NoiseStim(__class__=<class 'psychopy.visual.noise.NoiseStim'>, autoDraw=False, autoLog=True, blendmode='avg', color=array([1., 1., 1.]), colorSpace='rgb', contrast=1.0, depth=-2.0, interpolate=False, mask='none', maskParams=None, name='noise_2', opacity=1.0, ori=0.0, phase=array([0., 0.]), pos=array([0., 0.]), rgbPedestal=array([0., 0., 0.]), sf=array([1., 1.]), size=array([0.5, 0.5]), tex='sin', texRes=128, units='norm', win=Window(...))
9.3781 	EXP 	Created textExperiment = TextStim(__class__=<class 'psychopy.visual.text.TextStim'>, alignHoriz='center', alignVert='center', antialias=True, autoLog=True, bold=False, color='white', colorSpace='named', contrast=1.0, depth=0.0, flipHoriz=False, flipVert=False, font='Arial', fontFiles=[], height=0.1, italic=False, languageStyle='LTR', name='textExperiment', opacity=1.0, ori=0, pos=array([0., 0.]), rgb=array([255., 255., 255.]), text=str(...), units='norm', win=Window(...), wrapWidth=1)
9.3881 	EXP 	Created textTask = TextStim(__class__=<class 'psychopy.visual.text.TextStim'>, alignHoriz='center', alignVert='center', antialias=True, autoLog=True, bold=False, color='white', colorSpace='named', contrast=1.0, depth=0.0, flipHoriz=False, flipVert=False, font='Arial', fontFiles=[], height=0.1, italic=False, languageStyle='LTR', name='textTask', opacity=1.0, ori=0, pos=array([0., 0.]), rgb=array([255., 255., 255.]), text='Bloque nuevo', units='norm', win=Window(...), wrapWidth=1)
9.3905 	EXP 	Created image_2 = ImageStim(__class__=<class 'psychopy.visual.image.ImageStim'>, autoLog=True, color=array([1., 1., 1.]), colorSpace='rgb', contrast=1.0, depth=0.0, flipHoriz=False, flipVert=False, image='sin', interpolate=True, mask=None, maskParams=None, name='image_2', opacity=1.0, ori=0.0, pos=array([0., 0.]), size=array([0.5, 0.5]), texRes=128, units='norm', win=Window(...))
9.3934 	EXP 	Created noise = NoiseStim(__class__=<class 'psychopy.visual.noise.NoiseStim'>, autoDraw=False, autoLog=True, blendmode='avg', color=array([1., 1., 1.]), colorSpace='rgb', contrast=1.0, depth=-1.0, interpolate=False, mask='none', maskParams=None, name='noise', opacity=1.0, ori=0.0, phase=array([0., 0.]), pos=array([0., 0.]), rgbPedestal=array([0., 0., 0.]), sf=array([1., 1.]), size=array([0.5, 0.5]), tex='sin', texRes=128, units='norm', win=Window(...))
9.4066 	EXP 	Created textThanks = TextStim(__class__=<class 'psychopy.visual.text.TextStim'>, alignHoriz='center', alignVert='center', antialias=True, autoLog=True, bold=False, color='white', colorSpace='named', contrast=1.0, depth=0.0, flipHoriz=False, flipVert=False, font='Arial', fontFiles=[], height=0.1, italic=False, languageStyle='LTR', name='textThanks', opacity=1.0, ori=0, pos=array([0., 0.]), rgb=array([255., 255., 255.]), text='Obrigado', units='norm', win=Window(...), wrapWidth=1)
9.4399 	EXP 	noise_2: blendmode = 'avg'
9.4399 	EXP 	noise_2: mask = None
9.4399 	EXP 	noise_2: texRes = 128
9.4399 	EXP 	noise_2: noiseType = 'Binary'
9.4399 	EXP 	noise_2: noiseImage = None
9.4399 	EXP 	noise_2: noiseElementSize = 0.0625
9.4399 	EXP 	noise_2: noiseBaseSf = 8.0
9.4399 	EXP 	noise_2: noiseBW = 1.0
9.4399 	EXP 	noise_2: noiseBWO = 1.0
9.4399 	EXP 	noise_2: noiseFractalPower = 0.0
9.4399 	EXP 	noise_2: noiseFilterUpper = 8.0
9.4399 	EXP 	noise_2: noiseFilterLower = 1.0
9.4399 	EXP 	noise_2: noiseFilterOrder = 0.0
9.4399 	EXP 	noise_2: noiseClip = 3.0
9.4399 	EXP 	noise_2: tex = array([[ 1., -1.,  1., -1., -1., -1., -1.,  1.],
       [ 1., -1.,  1., -1., -1., -1.,  1., -1.],
       [ 1.,  1.,  1., -1., -1., -1., -1., -1.],
       [ 1.,  1.,  1., -1.,  1., -1., -1.,  1.],
       [ 1., -1., -1., -1., -1.,  1.,  1.,  1.],
       [ 1., -1., -1.,  1., -1.,  1.,  1.,  1.],
       [-1., -1.,  1., -1., -1.,  1., -1.,  1.],
       [ 1.,  1.,  1.,  1., -1.,  1., -1.,  1.]])
9.4399 	EXP 	noise_2: tex = array([[-1.,  1., -1.,  1., -1.,  1.,  1.,  1.],
       [-1., -1., -1.,  1., -1., -1., -1.,  1.],
       [-1., -1.,  1., -1.,  1., -1., -1.,  1.],
       [ 1.,  1.,  1.,  1.,  1., -1.,  1., -1.],
       [ 1.,  1., -1., -1.,  1., -1., -1.,  1.],
       [ 1., -1., -1.,  1.,  1., -1.,  1., -1.],
       [ 1., -1.,  1.,  1., -1., -1.,  1., -1.],
       [ 1., -1., -1., -1.,  1.,  1.,  1., -1.]])
9.4399 	EXP 	noise: blendmode = 'avg'
9.4399 	EXP 	noise: mask = None
9.4399 	EXP 	noise: texRes = 128
9.4399 	EXP 	noise: noiseType = 'Binary'
9.4399 	EXP 	noise: noiseImage = None
9.4399 	EXP 	noise: noiseElementSize = 0.0625
9.4399 	EXP 	noise: noiseBaseSf = 8.0
9.4399 	EXP 	noise: noiseBW = 1.0
9.4399 	EXP 	noise: noiseBWO = 1.0
9.4399 	EXP 	noise: noiseFractalPower = 0.0
9.4399 	EXP 	noise: noiseFilterUpper = 8.0
9.4399 	EXP 	noise: noiseFilterLower = 1.0
9.4399 	EXP 	noise: noiseFilterOrder = 0.0
9.4399 	EXP 	noise: noiseClip = 3.0
9.4399 	EXP 	noise: tex = array([[ 1.,  1., -1.,  1., -1., -1.,  1.,  1.],
       [-1.,  1.,  1.,  1., -1.,  1., -1., -1.],
       [ 1.,  1.,  1.,  1.,  1., -1.,  1., -1.],
       [-1., -1.,  1., -1.,  1.,  1.,  1., -1.],
       [ 1., -1., -1., -1., -1., -1., -1.,  1.],
       [ 1., -1., -1.,  1., -1.,  1.,  1., -1.],
       [ 1., -1.,  1.,  1., -1., -1., -1., -1.],
       [-1.,  1.,  1.,  1.,  1., -1., -1., -1.]])
9.4399 	EXP 	noise: tex = array([[-1., -1., -1., -1., -1., -1.,  1.,  1.],
       [ 1.,  1.,  1., -1.,  1., -1., -1.,  1.],
       [-1., -1., -1.,  1.,  1.,  1., -1., -1.],
       [ 1.,  1., -1.,  1., -1.,  1.,  1., -1.],
       [ 1.,  1.,  1., -1., -1.,  1.,  1., -1.],
       [-1., -1.,  1., -1.,  1., -1.,  1., -1.],
       [-1.,  1.,  1.,  1., -1.,  1.,  1., -1.],
       [-1.,  1.,  1., -1.,  1., -1., -1.,  1.]])
9.4399 	EXP 	text: text = 'Bem vindo. \nLeia as instrucoes no papel.'
9.4399 	EXP 	text: autoDraw = True
11.2049 	DATA 	Keypress: t
11.2184 	EXP 	text: autoDraw = False
11.2184 	EXP 	textPractice: autoDraw = True
11.7534 	DATA 	Keypress: t
11.7624 	EXP 	Imported practiceBlock.csv as conditions, 22 conditions, 2 params
11.7633 	EXP 	Created sequence: random, trialTypes=22, nReps=5, seed=None
11.7639 	EXP 	New trial (rep=0, index=0): OrderedDict([('stimFile', 'stims/003.i.jpg'), ('Valence', 'Practice')])
11.8500 	EXP 	textPractice: autoDraw = False
11.8500 	EXP 	image: image = 'stims/003.i.jpg'
11.8500 	EXP 	image: autoDraw = True
12.4822 	EXP 	image: autoDraw = False
12.4822 	EXP 	noise_2: autoDraw = True
13.1807 	EXP 	noise_2: autoDraw = False
20.7175 	DATA 	Keypress: escape
20.9925 	EXP 	window1: mouseVisible = True
