9.2844 	WARNING 	User requested fullscreen with size [1440  900], but screen is actually [1280, 800]. Using actual size
9.9993 	EXP 	Created window1 = Window(allowGUI=False, allowStencil=False, args=UNKNOWN, autoLog=True, bitsMode=UNKNOWN, blendMode='avg', color=array([0., 0., 0.]), colorSpace='rgb', fullscr=<method-wrapper '__getattribute__' of attributeSetter object at 0x123be7dd8>, gamma=None, kwargs=UNKNOWN, lms=UNKNOWN, monitor=<psychopy.monitors.calibTools.Monitor object at 0x127b2e6a0>, multiSample=False, name='window1', numSamples=2, pos=[0.0, 0.0], screen=0, size=array([1280,  800]), stereo=False, units='norm', useFBO=True, useRetina=False, viewOri=0.0, viewPos=None, viewScale=None, waitBlanking=True, winType='pyglet')
9.9993 	EXP 	window1: recordFrameIntervals = False
10.1644 	EXP 	window1: recordFrameIntervals = True
10.3477 	EXP 	window1: recordFrameIntervals = False
10.4720 	EXP 	Created text = TextStim(__class__=<class 'psychopy.visual.text.TextStim'>, alignHoriz='center', alignVert='center', antialias=True, autoLog=True, bold=False, color='white', colorSpace='named', contrast=1.0, depth=0.0, flipHoriz=False, flipVert=False, font='Arial', fontFiles=[], height=0.1, italic=False, languageStyle='LTR', name='text', opacity=1.0, ori=0, pos=array([0., 0.]), rgb=array([255., 255., 255.]), text='default text', units='norm', win=Window(...), wrapWidth=1)
10.5539 	EXP 	Created textPractice = TextStim(__class__=<class 'psychopy.visual.text.TextStim'>, alignHoriz='center', alignVert='center', antialias=True, autoLog=True, bold=False, color='white', colorSpace='named', contrast=1.0, depth=0.0, flipHoriz=False, flipVert=False, font='Arial', fontFiles=[], height=0.1, italic=False, languageStyle='LTR', name='textPractice', opacity=1.0, ori=0, pos=array([0., 0.]), rgb=array([255., 255., 255.]), text=str(...), units='norm', win=Window(...), wrapWidth=1)
10.5654 	EXP 	Created imageprobando = ImageStim(__class__=<class 'psychopy.visual.image.ImageStim'>, autoLog=True, color=array([1., 1., 1.]), colorSpace='rgb', contrast=1.0, depth=0.0, flipHoriz=False, flipVert=False, image='sin', interpolate=True, mask=None, maskParams=None, name='imageprobando', opacity=1.0, ori=0.0, pos=array([0., 0.]), size=array([0.5, 0.5]), texRes=128, units='norm', win=Window(...))
10.5763 	EXP 	Created noise_4 = NoiseStim(__class__=<class 'psychopy.visual.noise.NoiseStim'>, autoDraw=False, autoLog=True, blendmode='avg', color=array([1., 1., 1.]), colorSpace='rgb', contrast=1.0, depth=-1.0, interpolate=False, mask='none', maskParams=None, name='noise_4', opacity=1.0, ori=0.0, phase=array([0., 0.]), pos=array([0., 0.]), rgbPedestal=array([0., 0., 0.]), sf=array([1., 1.]), size=array([0.5, 0.5]), tex='sin', texRes=128, units='norm', win=Window(...))
10.6411 	EXP 	Created textExperiment = TextStim(__class__=<class 'psychopy.visual.text.TextStim'>, alignHoriz='center', alignVert='center', antialias=True, autoLog=True, bold=False, color='white', colorSpace='named', contrast=1.0, depth=0.0, flipHoriz=False, flipVert=False, font='Arial', fontFiles=[], height=0.1, italic=False, languageStyle='LTR', name='textExperiment', opacity=1.0, ori=0, pos=array([0., 0.]), rgb=array([255., 255., 255.]), text=str(...), units='norm', win=Window(...), wrapWidth=1)
10.6498 	EXP 	Created textTask = TextStim(__class__=<class 'psychopy.visual.text.TextStim'>, alignHoriz='center', alignVert='center', antialias=True, autoLog=True, bold=False, color='white', colorSpace='named', contrast=1.0, depth=0.0, flipHoriz=False, flipVert=False, font='Arial', fontFiles=[], height=0.1, italic=False, languageStyle='LTR', name='textTask', opacity=1.0, ori=0, pos=array([0., 0.]), rgb=array([255., 255., 255.]), text='Bloque nuevo', units='norm', win=Window(...), wrapWidth=1)
10.6533 	EXP 	Created image_2 = ImageStim(__class__=<class 'psychopy.visual.image.ImageStim'>, autoLog=True, color=array([1., 1., 1.]), colorSpace='rgb', contrast=1.0, depth=0.0, flipHoriz=False, flipVert=False, image='sin', interpolate=True, mask=None, maskParams=None, name='image_2', opacity=1.0, ori=0.0, pos=array([0., 0.]), size=array([0.5, 0.5]), texRes=128, units='norm', win=Window(...))
10.6565 	EXP 	Created noise = NoiseStim(__class__=<class 'psychopy.visual.noise.NoiseStim'>, autoDraw=False, autoLog=True, blendmode='avg', color=array([1., 1., 1.]), colorSpace='rgb', contrast=1.0, depth=-1.0, interpolate=False, mask='none', maskParams=None, name='noise', opacity=1.0, ori=0.0, phase=array([0., 0.]), pos=array([0., 0.]), rgbPedestal=array([0., 0., 0.]), sf=array([1., 1.]), size=array([0.5, 0.5]), tex='sin', texRes=128, units='norm', win=Window(...))
10.6680 	EXP 	Created textThanks = TextStim(__class__=<class 'psychopy.visual.text.TextStim'>, alignHoriz='center', alignVert='center', antialias=True, autoLog=True, bold=False, color='white', colorSpace='named', contrast=1.0, depth=0.0, flipHoriz=False, flipVert=False, font='Arial', fontFiles=[], height=0.1, italic=False, languageStyle='LTR', name='textThanks', opacity=1.0, ori=0, pos=array([0., 0.]), rgb=array([255., 255., 255.]), text='Obrigado', units='norm', win=Window(...), wrapWidth=1)
10.6956 	EXP 	noise_4: blendmode = 'avg'
10.6956 	EXP 	noise_4: mask = None
10.6956 	EXP 	noise_4: texRes = 128
10.6956 	EXP 	noise_4: noiseType = 'Binary'
10.6956 	EXP 	noise_4: noiseImage = None
10.6956 	EXP 	noise_4: noiseElementSize = 0.0625
10.6956 	EXP 	noise_4: noiseBaseSf = 8.0
10.6956 	EXP 	noise_4: noiseBW = 1.0
10.6956 	EXP 	noise_4: noiseBWO = 1.0
10.6956 	EXP 	noise_4: noiseFractalPower = 0.0
10.6956 	EXP 	noise_4: noiseFilterUpper = 8.0
10.6956 	EXP 	noise_4: noiseFilterLower = 1.0
10.6956 	EXP 	noise_4: noiseFilterOrder = 0.0
10.6956 	EXP 	noise_4: noiseClip = 3.0
10.6956 	EXP 	noise_4: tex = array([[-1.,  1.,  1.,  1., -1.,  1.,  1.,  1.],
       [-1.,  1., -1.,  1.,  1.,  1.,  1.,  1.],
       [ 1.,  1., -1., -1.,  1., -1., -1.,  1.],
       [-1., -1., -1., -1., -1., -1., -1., -1.],
       [ 1., -1., -1.,  1., -1.,  1.,  1.,  1.],
       [ 1., -1., -1.,  1.,  1., -1.,  1., -1.],
       [ 1., -1., -1.,  1., -1., -1.,  1.,  1.],
       [-1., -1.,  1., -1., -1.,  1.,  1., -1.]])
10.6956 	EXP 	noise_4: tex = array([[-1.,  1., -1., -1.,  1.,  1., -1.,  1.],
       [-1., -1.,  1., -1., -1.,  1.,  1.,  1.],
       [ 1.,  1., -1.,  1., -1.,  1., -1.,  1.],
       [-1.,  1.,  1.,  1., -1.,  1.,  1.,  1.],
       [ 1.,  1.,  1., -1., -1., -1.,  1., -1.],
       [ 1., -1., -1.,  1., -1.,  1., -1.,  1.],
       [ 1.,  1.,  1., -1., -1., -1., -1., -1.],
       [ 1., -1., -1., -1., -1.,  1., -1., -1.]])
10.6956 	EXP 	noise: blendmode = 'avg'
10.6956 	EXP 	noise: mask = None
10.6956 	EXP 	noise: texRes = 128
10.6956 	EXP 	noise: noiseType = 'Binary'
10.6956 	EXP 	noise: noiseImage = None
10.6956 	EXP 	noise: noiseElementSize = 0.0625
10.6956 	EXP 	noise: noiseBaseSf = 8.0
10.6956 	EXP 	noise: noiseBW = 1.0
10.6956 	EXP 	noise: noiseBWO = 1.0
10.6956 	EXP 	noise: noiseFractalPower = 0.0
10.6956 	EXP 	noise: noiseFilterUpper = 8.0
10.6956 	EXP 	noise: noiseFilterLower = 1.0
10.6956 	EXP 	noise: noiseFilterOrder = 0.0
10.6956 	EXP 	noise: noiseClip = 3.0
10.6956 	EXP 	noise: tex = array([[ 1.,  1., -1.,  1., -1., -1., -1.,  1.],
       [ 1., -1.,  1., -1.,  1., -1.,  1.,  1.],
       [ 1., -1., -1.,  1., -1.,  1., -1.,  1.],
       [-1., -1., -1.,  1., -1., -1., -1.,  1.],
       [ 1.,  1., -1.,  1.,  1., -1., -1.,  1.],
       [-1.,  1.,  1., -1., -1.,  1., -1.,  1.],
       [ 1.,  1., -1.,  1., -1., -1.,  1., -1.],
       [ 1., -1.,  1., -1.,  1., -1., -1.,  1.]])
10.6956 	EXP 	noise: tex = array([[ 1., -1.,  1., -1.,  1.,  1.,  1.,  1.],
       [ 1., -1.,  1., -1., -1., -1.,  1.,  1.],
       [-1.,  1.,  1.,  1.,  1., -1., -1.,  1.],
       [-1.,  1., -1.,  1.,  1., -1.,  1., -1.],
       [-1., -1., -1.,  1.,  1., -1.,  1., -1.],
       [ 1., -1., -1., -1., -1.,  1., -1.,  1.],
       [-1.,  1., -1., -1.,  1., -1.,  1., -1.],
       [ 1., -1., -1., -1., -1.,  1.,  1.,  1.]])
10.6956 	EXP 	text: text = 'Bem vindo. \nLeia as instrucoes no papel.'
10.6956 	EXP 	text: autoDraw = True
12.3180 	DATA 	Keypress: t
12.3258 	EXP 	Imported chooseBlock.csv as conditions, 1 conditions, 2 params
12.3262 	EXP 	Created sequence: random, trialTypes=1, nReps=1, seed=None
12.3266 	EXP 	New trial (rep=0, index=0): OrderedDict([('condsFile', 'practiceBlock.csv'), ('readyMsg', 'Pronto')])
12.3426 	EXP 	text: autoDraw = False
12.3426 	EXP 	textPractice: autoDraw = True
13.6411 	DATA 	Keypress: t
13.6456 	EXP 	Imported practiceBlock.csv as conditions, 22 conditions, 2 params
13.6460 	EXP 	Created sequence: random, trialTypes=22, nReps=1, seed=None
13.6463 	EXP 	New trial (rep=0, index=0): OrderedDict([('stimFile', 'stims/008.i.jpg'), ('Valence', 'Practice')])
13.7391 	EXP 	textPractice: autoDraw = False
13.7391 	EXP 	imageprobando: image = 'stims/008.i.jpg'
13.7391 	EXP 	imageprobando: autoDraw = True
14.3545 	EXP 	imageprobando: autoDraw = False
14.3709 	EXP 	noise_4: autoDraw = True
15.3366 	EXP 	New trial (rep=0, index=1): OrderedDict([('stimFile', 'stims/001.i.jpg'), ('Valence', 'Practice')])
15.3520 	EXP 	noise_4: autoDraw = False
15.3520 	EXP 	imageprobando: autoDraw = False
15.3520 	EXP 	noise_4: autoDraw = False
15.3520 	EXP 	imageprobando: image = 'stims/001.i.jpg'
15.3520 	EXP 	imageprobando: autoDraw = True
16.0501 	EXP 	imageprobando: autoDraw = False
16.0671 	EXP 	noise_4: autoDraw = True
17.0327 	EXP 	New trial (rep=0, index=2): OrderedDict([('stimFile', 'stims/019.i.jpg'), ('Valence', 'Practice')])
17.0474 	EXP 	noise_4: autoDraw = False
17.0474 	EXP 	imageprobando: autoDraw = False
17.0474 	EXP 	noise_4: autoDraw = False
17.0474 	EXP 	imageprobando: image = 'stims/019.i.jpg'
17.0474 	EXP 	imageprobando: autoDraw = True
17.7463 	EXP 	imageprobando: autoDraw = False
17.7629 	EXP 	noise_4: autoDraw = True
18.7287 	EXP 	New trial (rep=0, index=3): OrderedDict([('stimFile', 'stims/014.i.jpg'), ('Valence', 'Practice')])
18.7440 	EXP 	noise_4: autoDraw = False
18.7440 	EXP 	imageprobando: autoDraw = False
18.7440 	EXP 	noise_4: autoDraw = False
18.7440 	EXP 	imageprobando: image = 'stims/014.i.jpg'
18.7440 	EXP 	imageprobando: autoDraw = True
19.4426 	EXP 	imageprobando: autoDraw = False
19.4592 	EXP 	noise_4: autoDraw = True
20.4245 	EXP 	New trial (rep=0, index=4): OrderedDict([('stimFile', 'stims/003.i.jpg'), ('Valence', 'Practice')])
20.4398 	EXP 	noise_4: autoDraw = False
20.4398 	EXP 	imageprobando: autoDraw = False
20.4398 	EXP 	noise_4: autoDraw = False
20.4398 	EXP 	imageprobando: image = 'stims/003.i.jpg'
20.4398 	EXP 	imageprobando: autoDraw = True
21.1385 	EXP 	imageprobando: autoDraw = False
21.1551 	EXP 	noise_4: autoDraw = True
22.1209 	EXP 	New trial (rep=0, index=5): OrderedDict([('stimFile', 'stims/010.i.jpg'), ('Valence', 'Practice')])
22.1526 	EXP 	noise_4: autoDraw = False
22.1526 	EXP 	imageprobando: autoDraw = False
22.1526 	EXP 	noise_4: autoDraw = False
22.1526 	EXP 	imageprobando: image = 'stims/010.i.jpg'
22.1526 	EXP 	imageprobando: autoDraw = True
22.8345 	EXP 	imageprobando: autoDraw = False
22.8512 	EXP 	noise_4: autoDraw = True
23.8168 	EXP 	New trial (rep=0, index=6): OrderedDict([('stimFile', 'stims/018.i.jpg'), ('Valence', 'Practice')])
23.8323 	EXP 	noise_4: autoDraw = False
23.8323 	EXP 	imageprobando: autoDraw = False
23.8323 	EXP 	noise_4: autoDraw = False
23.8323 	EXP 	imageprobando: image = 'stims/018.i.jpg'
23.8323 	EXP 	imageprobando: autoDraw = True
24.5304 	EXP 	imageprobando: autoDraw = False
24.5472 	EXP 	noise_4: autoDraw = True
25.5125 	EXP 	New trial (rep=0, index=7): OrderedDict([('stimFile', 'stims/005.i.jpg'), ('Valence', 'Practice')])
25.5281 	EXP 	noise_4: autoDraw = False
25.5281 	EXP 	imageprobando: autoDraw = False
25.5281 	EXP 	noise_4: autoDraw = False
25.5281 	EXP 	imageprobando: image = 'stims/005.i.jpg'
25.5281 	EXP 	imageprobando: autoDraw = True
26.2259 	EXP 	imageprobando: autoDraw = False
26.2430 	EXP 	noise_4: autoDraw = True
27.2086 	EXP 	New trial (rep=0, index=8): OrderedDict([('stimFile', 'stims/017.i.jpg'), ('Valence', 'Practice')])
27.2406 	EXP 	noise_4: autoDraw = False
27.2406 	EXP 	imageprobando: autoDraw = False
27.2406 	EXP 	noise_4: autoDraw = False
27.2406 	EXP 	imageprobando: image = 'stims/017.i.jpg'
27.2406 	EXP 	imageprobando: autoDraw = True
27.9219 	EXP 	imageprobando: autoDraw = False
27.9392 	EXP 	noise_4: autoDraw = True
28.9049 	EXP 	New trial (rep=0, index=9): OrderedDict([('stimFile', 'stims/021.i.jpg'), ('Valence', 'Practice')])
28.9368 	EXP 	noise_4: autoDraw = False
28.9368 	EXP 	imageprobando: autoDraw = False
28.9368 	EXP 	noise_4: autoDraw = False
28.9368 	EXP 	imageprobando: image = 'stims/021.i.jpg'
28.9368 	EXP 	imageprobando: autoDraw = True
29.6184 	EXP 	imageprobando: autoDraw = False
29.6349 	EXP 	noise_4: autoDraw = True
30.6006 	EXP 	New trial (rep=0, index=10): OrderedDict([('stimFile', 'stims/012.i.jpg'), ('Valence', 'Practice')])
30.6161 	EXP 	noise_4: autoDraw = False
30.6161 	EXP 	imageprobando: autoDraw = False
30.6161 	EXP 	noise_4: autoDraw = False
30.6161 	EXP 	imageprobando: image = 'stims/012.i.jpg'
30.6161 	EXP 	imageprobando: autoDraw = True
31.3146 	EXP 	imageprobando: autoDraw = False
31.3312 	EXP 	noise_4: autoDraw = True
32.2966 	EXP 	New trial (rep=0, index=11): OrderedDict([('stimFile', 'stims/004.i.jpg'), ('Valence', 'Practice')])
32.3117 	EXP 	noise_4: autoDraw = False
32.3117 	EXP 	imageprobando: autoDraw = False
32.3117 	EXP 	noise_4: autoDraw = False
32.3117 	EXP 	imageprobando: image = 'stims/004.i.jpg'
32.3117 	EXP 	imageprobando: autoDraw = True
33.0096 	EXP 	imageprobando: autoDraw = False
33.0268 	EXP 	noise_4: autoDraw = True
33.9927 	EXP 	New trial (rep=0, index=12): OrderedDict([('stimFile', 'stims/009.i.jpg'), ('Valence', 'Practice')])
34.0076 	EXP 	noise_4: autoDraw = False
34.0076 	EXP 	imageprobando: autoDraw = False
34.0076 	EXP 	noise_4: autoDraw = False
34.0076 	EXP 	imageprobando: image = 'stims/009.i.jpg'
34.0076 	EXP 	imageprobando: autoDraw = True
34.7061 	EXP 	imageprobando: autoDraw = False
34.7227 	EXP 	noise_4: autoDraw = True
35.6886 	EXP 	New trial (rep=0, index=13): OrderedDict([('stimFile', 'stims/013.i.jpg'), ('Valence', 'Practice')])
35.7040 	EXP 	noise_4: autoDraw = False
35.7040 	EXP 	imageprobando: autoDraw = False
35.7040 	EXP 	noise_4: autoDraw = False
35.7040 	EXP 	imageprobando: image = 'stims/013.i.jpg'
35.7040 	EXP 	imageprobando: autoDraw = True
36.4024 	EXP 	imageprobando: autoDraw = False
36.4189 	EXP 	noise_4: autoDraw = True
37.3849 	EXP 	New trial (rep=0, index=14): OrderedDict([('stimFile', 'stims/011.i.jpg'), ('Valence', 'Practice')])
37.4166 	EXP 	noise_4: autoDraw = False
37.4166 	EXP 	imageprobando: autoDraw = False
37.4166 	EXP 	noise_4: autoDraw = False
37.4166 	EXP 	imageprobando: image = 'stims/011.i.jpg'
37.4166 	EXP 	imageprobando: autoDraw = True
38.0986 	EXP 	imageprobando: autoDraw = False
38.1152 	EXP 	noise_4: autoDraw = True
39.0805 	EXP 	New trial (rep=0, index=15): OrderedDict([('stimFile', 'stims/002.i.jpg'), ('Valence', 'Practice')])
39.0954 	EXP 	noise_4: autoDraw = False
39.0954 	EXP 	imageprobando: autoDraw = False
39.0954 	EXP 	noise_4: autoDraw = False
39.0954 	EXP 	imageprobando: image = 'stims/002.i.jpg'
39.0954 	EXP 	imageprobando: autoDraw = True
39.7945 	EXP 	imageprobando: autoDraw = False
39.8112 	EXP 	noise_4: autoDraw = True
40.7769 	EXP 	New trial (rep=0, index=16): OrderedDict([('stimFile', 'stims/020.i.jpg'), ('Valence', 'Practice')])
40.7924 	EXP 	noise_4: autoDraw = False
40.7924 	EXP 	imageprobando: autoDraw = False
40.7924 	EXP 	noise_4: autoDraw = False
40.7924 	EXP 	imageprobando: image = 'stims/020.i.jpg'
40.7924 	EXP 	imageprobando: autoDraw = True
41.4906 	EXP 	imageprobando: autoDraw = False
41.5071 	EXP 	noise_4: autoDraw = True
42.4725 	EXP 	New trial (rep=0, index=17): OrderedDict([('stimFile', 'stims/022.i.jpg'), ('Valence', 'Practice')])
42.4878 	EXP 	noise_4: autoDraw = False
42.4878 	EXP 	imageprobando: autoDraw = False
42.4878 	EXP 	noise_4: autoDraw = False
42.4878 	EXP 	imageprobando: image = 'stims/022.i.jpg'
42.4878 	EXP 	imageprobando: autoDraw = True
43.1868 	EXP 	imageprobando: autoDraw = False
43.2034 	EXP 	noise_4: autoDraw = True
44.1687 	EXP 	New trial (rep=0, index=18): OrderedDict([('stimFile', 'stims/015.i.jpg'), ('Valence', 'Practice')])
44.1840 	EXP 	noise_4: autoDraw = False
44.1840 	EXP 	imageprobando: autoDraw = False
44.1840 	EXP 	noise_4: autoDraw = False
44.1840 	EXP 	imageprobando: image = 'stims/015.i.jpg'
44.1840 	EXP 	imageprobando: autoDraw = True
44.8826 	EXP 	imageprobando: autoDraw = False
44.8992 	EXP 	noise_4: autoDraw = True
45.8646 	EXP 	New trial (rep=0, index=19): OrderedDict([('stimFile', 'stims/006.i.jpg'), ('Valence', 'Practice')])
45.8795 	EXP 	noise_4: autoDraw = False
45.8795 	EXP 	imageprobando: autoDraw = False
45.8795 	EXP 	noise_4: autoDraw = False
45.8795 	EXP 	imageprobando: image = 'stims/006.i.jpg'
45.8795 	EXP 	imageprobando: autoDraw = True
46.5781 	EXP 	imageprobando: autoDraw = False
46.5948 	EXP 	noise_4: autoDraw = True
47.5607 	EXP 	New trial (rep=0, index=20): OrderedDict([('stimFile', 'stims/007.i.jpg'), ('Valence', 'Practice')])
47.5763 	EXP 	noise_4: autoDraw = False
47.5763 	EXP 	imageprobando: autoDraw = False
47.5763 	EXP 	noise_4: autoDraw = False
47.5763 	EXP 	imageprobando: image = 'stims/007.i.jpg'
47.5763 	EXP 	imageprobando: autoDraw = True
48.2745 	EXP 	imageprobando: autoDraw = False
48.2910 	EXP 	noise_4: autoDraw = True
49.2569 	EXP 	New trial (rep=0, index=21): OrderedDict([('stimFile', 'stims/016.i.jpg'), ('Valence', 'Practice')])
49.2719 	EXP 	noise_4: autoDraw = False
49.2719 	EXP 	imageprobando: autoDraw = False
49.2719 	EXP 	noise_4: autoDraw = False
49.2719 	EXP 	imageprobando: image = 'stims/016.i.jpg'
49.2719 	EXP 	imageprobando: autoDraw = True
49.9703 	EXP 	imageprobando: autoDraw = False
49.9871 	EXP 	noise_4: autoDraw = True
50.9681 	EXP 	noise_4: autoDraw = False
50.9681 	EXP 	imageprobando: autoDraw = False
50.9681 	EXP 	noise_4: autoDraw = False
50.9681 	EXP 	textExperiment: autoDraw = True
56.7740 	DATA 	Keypress: t
56.7801 	EXP 	Imported chooseBlock.csv as conditions, 2 conditions, 2 params
56.7805 	EXP 	Created sequence: random, trialTypes=2, nReps=1, seed=None
56.7809 	EXP 	New trial (rep=0, index=0): OrderedDict([('condsFile', 'negativeBlock.csv'), ('readyMsg', 'Pronto')])
56.8044 	EXP 	textExperiment: autoDraw = False
56.8044 	EXP 	textTask: autoDraw = True
62.1111 	DATA 	Keypress: t
62.1174 	EXP 	Imported negativeBlock.csv as conditions, 22 conditions, 2 params
62.1180 	EXP 	Created sequence: random, trialTypes=22, nReps=1, seed=None
62.1184 	EXP 	New trial (rep=0, index=0): OrderedDict([('stimFile', 'stims/7820.jpg'), ('Valence', 'Negative')])
62.1910 	EXP 	textTask: autoDraw = False
62.1910 	EXP 	image_2: image = 'stims/7820.jpg'
62.1910 	EXP 	image_2: autoDraw = True
62.8235 	EXP 	image_2: autoDraw = False
62.8402 	EXP 	noise: autoDraw = True
63.8218 	EXP 	New trial (rep=0, index=1): OrderedDict([('stimFile', 'stims/8050.jpg'), ('Valence', 'Negative')])
63.8718 	EXP 	image_2: autoDraw = False
63.8718 	EXP 	noise: autoDraw = False
63.8718 	EXP 	image_2: image = 'stims/8050.jpg'
63.8718 	EXP 	image_2: autoDraw = True
64.5362 	EXP 	image_2: autoDraw = False
64.5531 	EXP 	noise: autoDraw = True
65.5177 	EXP 	New trial (rep=0, index=2): OrderedDict([('stimFile', 'stims/8116.jpg'), ('Valence', 'Negative')])
65.5836 	EXP 	image_2: autoDraw = False
65.5836 	EXP 	noise: autoDraw = False
65.5836 	EXP 	image_2: image = 'stims/8116.jpg'
65.5836 	EXP 	image_2: autoDraw = True
66.2322 	EXP 	image_2: autoDraw = False
66.2488 	EXP 	noise: autoDraw = True
67.2136 	EXP 	New trial (rep=0, index=3): OrderedDict([('stimFile', 'stims/6314.jpg'), ('Valence', 'Negative')])
67.2629 	EXP 	image_2: autoDraw = False
67.2629 	EXP 	noise: autoDraw = False
67.2629 	EXP 	image_2: image = 'stims/6314.jpg'
67.2629 	EXP 	image_2: autoDraw = True
67.9282 	EXP 	image_2: autoDraw = False
67.9451 	EXP 	noise: autoDraw = True
68.9101 	EXP 	New trial (rep=0, index=4): OrderedDict([('stimFile', 'stims/4180.jpg'), ('Valence', 'Negative')])
68.9756 	EXP 	noise: autoDraw = False
68.9756 	EXP 	image_2: autoDraw = False
68.9756 	EXP 	noise: autoDraw = False
68.9756 	EXP 	image_2: image = 'stims/4180.jpg'
68.9756 	EXP 	image_2: autoDraw = True
69.6242 	EXP 	image_2: autoDraw = False
69.6409 	EXP 	noise: autoDraw = True
70.6059 	EXP 	New trial (rep=0, index=5): OrderedDict([('stimFile', 'stims/4490.jpg'), ('Valence', 'Negative')])
70.6717 	EXP 	noise: autoDraw = False
70.6717 	EXP 	image_2: autoDraw = False
70.6717 	EXP 	noise: autoDraw = False
70.6717 	EXP 	image_2: image = 'stims/4490.jpg'
70.6717 	EXP 	image_2: autoDraw = True
71.3202 	EXP 	image_2: autoDraw = False
71.3368 	EXP 	noise: autoDraw = True
72.3020 	EXP 	New trial (rep=0, index=6): OrderedDict([('stimFile', 'stims/7237.jpg'), ('Valence', 'Negative')])
72.3677 	EXP 	noise: autoDraw = False
72.3677 	EXP 	image_2: autoDraw = False
72.3677 	EXP 	noise: autoDraw = False
72.3677 	EXP 	image_2: image = 'stims/7237.jpg'
72.3677 	EXP 	image_2: autoDraw = True
73.0159 	EXP 	image_2: autoDraw = False
73.0328 	EXP 	noise: autoDraw = True
73.9983 	EXP 	New trial (rep=0, index=7): OrderedDict([('stimFile', 'stims/2850.jpg'), ('Valence', 'Negative')])
74.0637 	EXP 	noise: autoDraw = False
74.0637 	EXP 	image_2: autoDraw = False
74.0637 	EXP 	noise: autoDraw = False
74.0637 	EXP 	image_2: image = 'stims/2850.jpg'
74.0637 	EXP 	image_2: autoDraw = True
74.7120 	EXP 	image_2: autoDraw = False
74.7288 	EXP 	noise: autoDraw = True
75.6944 	EXP 	New trial (rep=0, index=8): OrderedDict([('stimFile', 'stims/4525.jpg'), ('Valence', 'Negative')])
75.7759 	EXP 	noise: autoDraw = False
75.7759 	EXP 	image_2: autoDraw = False
75.7759 	EXP 	noise: autoDraw = False
75.7759 	EXP 	image_2: image = 'stims/4525.jpg'
75.7759 	EXP 	image_2: autoDraw = True
76.4082 	EXP 	image_2: autoDraw = False
76.4247 	EXP 	noise: autoDraw = True
77.3905 	EXP 	New trial (rep=0, index=9): OrderedDict([('stimFile', 'stims/7190.jpg'), ('Valence', 'Negative')])
77.4387 	EXP 	noise: autoDraw = False
77.4387 	EXP 	image_2: autoDraw = False
77.4387 	EXP 	noise: autoDraw = False
77.4387 	EXP 	image_2: image = 'stims/7190.jpg'
77.4387 	EXP 	image_2: autoDraw = True
78.1042 	EXP 	image_2: autoDraw = False
78.1212 	EXP 	noise: autoDraw = True
79.0857 	EXP 	New trial (rep=0, index=10): OrderedDict([('stimFile', 'stims/4530.jpg'), ('Valence', 'Negative')])
79.1516 	EXP 	noise: autoDraw = False
79.1516 	EXP 	image_2: autoDraw = False
79.1516 	EXP 	noise: autoDraw = False
79.1516 	EXP 	image_2: image = 'stims/4530.jpg'
79.1516 	EXP 	image_2: autoDraw = True
79.8004 	EXP 	image_2: autoDraw = False
79.8169 	EXP 	noise: autoDraw = True
80.7824 	EXP 	New trial (rep=0, index=11): OrderedDict([('stimFile', 'stims/7180.jpg'), ('Valence', 'Negative')])
80.8305 	EXP 	noise: autoDraw = False
80.8305 	EXP 	image_2: autoDraw = False
80.8305 	EXP 	noise: autoDraw = False
80.8305 	EXP 	image_2: image = 'stims/7180.jpg'
80.8305 	EXP 	image_2: autoDraw = True
81.4960 	EXP 	image_2: autoDraw = False
81.5127 	EXP 	noise: autoDraw = True
82.4784 	EXP 	New trial (rep=0, index=12): OrderedDict([('stimFile', 'stims/4003.jpg'), ('Valence', 'Negative')])
82.5435 	EXP 	noise: autoDraw = False
82.5435 	EXP 	image_2: autoDraw = False
82.5435 	EXP 	noise: autoDraw = False
82.5435 	EXP 	image_2: image = 'stims/4003.jpg'
82.5435 	EXP 	image_2: autoDraw = True
83.1924 	EXP 	image_2: autoDraw = False
83.2080 	EXP 	noise: autoDraw = True
84.1745 	EXP 	New trial (rep=0, index=13): OrderedDict([('stimFile', 'stims/7130.jpg'), ('Valence', 'Negative')])
84.2395 	EXP 	noise: autoDraw = False
84.2395 	EXP 	image_2: autoDraw = False
84.2395 	EXP 	noise: autoDraw = False
84.2395 	EXP 	image_2: image = 'stims/7130.jpg'
84.2395 	EXP 	image_2: autoDraw = True
84.8881 	EXP 	image_2: autoDraw = False
84.9048 	EXP 	noise: autoDraw = True
85.8703 	EXP 	New trial (rep=0, index=14): OrderedDict([('stimFile', 'stims/4520.jpg'), ('Valence', 'Negative')])
85.9358 	EXP 	noise: autoDraw = False
85.9358 	EXP 	image_2: autoDraw = False
85.9358 	EXP 	noise: autoDraw = False
85.9358 	EXP 	image_2: image = 'stims/4520.jpg'
85.9358 	EXP 	image_2: autoDraw = True
86.5834 	EXP 	image_2: autoDraw = False
86.6007 	EXP 	noise: autoDraw = True
87.5664 	EXP 	New trial (rep=0, index=15): OrderedDict([('stimFile', 'stims/9045.jpg'), ('Valence', 'Negative')])
87.6149 	EXP 	noise: autoDraw = False
87.6149 	EXP 	image_2: autoDraw = False
87.6149 	EXP 	noise: autoDraw = False
87.6149 	EXP 	image_2: image = 'stims/9045.jpg'
87.6149 	EXP 	image_2: autoDraw = True
88.2802 	EXP 	image_2: autoDraw = False
88.2967 	EXP 	noise: autoDraw = True
89.2623 	EXP 	New trial (rep=0, index=16): OrderedDict([('stimFile', 'stims/5535.jpg'), ('Valence', 'Negative')])
89.3271 	EXP 	noise: autoDraw = False
89.3271 	EXP 	image_2: autoDraw = False
89.3271 	EXP 	noise: autoDraw = False
89.3271 	EXP 	image_2: image = 'stims/5535.jpg'
89.3271 	EXP 	image_2: autoDraw = True
89.9763 	EXP 	image_2: autoDraw = False
89.9930 	EXP 	noise: autoDraw = True
90.9583 	EXP 	New trial (rep=0, index=17): OrderedDict([('stimFile', 'stims/7496.jpg'), ('Valence', 'Negative')])
91.0238 	EXP 	noise: autoDraw = False
91.0238 	EXP 	image_2: autoDraw = False
91.0238 	EXP 	noise: autoDraw = False
91.0238 	EXP 	image_2: image = 'stims/7496.jpg'
91.0238 	EXP 	image_2: autoDraw = True
91.6722 	EXP 	image_2: autoDraw = False
91.6890 	EXP 	noise: autoDraw = True
92.6544 	EXP 	New trial (rep=0, index=18): OrderedDict([('stimFile', 'stims/7830.jpg'), ('Valence', 'Negative')])
92.7196 	EXP 	noise: autoDraw = False
92.7196 	EXP 	image_2: autoDraw = False
92.7196 	EXP 	noise: autoDraw = False
92.7196 	EXP 	image_2: image = 'stims/7830.jpg'
92.7196 	EXP 	image_2: autoDraw = True
93.3681 	EXP 	image_2: autoDraw = False
93.3849 	EXP 	noise: autoDraw = True
94.3505 	EXP 	New trial (rep=0, index=19): OrderedDict([('stimFile', 'stims/2312.jpg'), ('Valence', 'Negative')])
94.3992 	EXP 	noise: autoDraw = False
94.3992 	EXP 	image_2: autoDraw = False
94.3992 	EXP 	noise: autoDraw = False
94.3992 	EXP 	image_2: image = 'stims/2312.jpg'
94.3992 	EXP 	image_2: autoDraw = True
95.0642 	EXP 	image_2: autoDraw = False
95.0810 	EXP 	noise: autoDraw = True
96.0467 	EXP 	New trial (rep=0, index=20): OrderedDict([('stimFile', 'stims/4001.jpg'), ('Valence', 'Negative')])
96.1116 	EXP 	noise: autoDraw = False
96.1116 	EXP 	image_2: autoDraw = False
96.1116 	EXP 	noise: autoDraw = False
96.1116 	EXP 	image_2: image = 'stims/4001.jpg'
96.1116 	EXP 	image_2: autoDraw = True
96.7602 	EXP 	image_2: autoDraw = False
96.7769 	EXP 	noise: autoDraw = True
97.7420 	EXP 	New trial (rep=0, index=21): OrderedDict([('stimFile', 'stims/4000.jpg'), ('Valence', 'Negative')])
97.7903 	EXP 	noise: autoDraw = False
97.7903 	EXP 	image_2: autoDraw = False
97.7903 	EXP 	noise: autoDraw = False
97.7903 	EXP 	image_2: image = 'stims/4000.jpg'
97.7903 	EXP 	image_2: autoDraw = True
98.4566 	EXP 	image_2: autoDraw = False
98.4731 	EXP 	noise: autoDraw = True
99.4389 	EXP 	New trial (rep=0, index=1): OrderedDict([('condsFile', 'NeutralBlock.csv'), ('readyMsg', 'Pronto')])
99.4541 	EXP 	noise: autoDraw = False
99.4541 	EXP 	image_2: autoDraw = False
99.4541 	EXP 	noise: autoDraw = False
99.4541 	EXP 	textTask: autoDraw = True
112.4424 	DATA 	Keypress: t
112.4490 	EXP 	Imported NeutralBlock.csv as conditions, 22 conditions, 2 params
112.4496 	EXP 	Created sequence: random, trialTypes=22, nReps=1, seed=None
112.4500 	EXP 	New trial (rep=0, index=0): OrderedDict([('stimFile', 'stims/7190.jpg'), ('Valence', 'Neutral')])
112.5060 	EXP 	textTask: autoDraw = False
112.5060 	EXP 	image_2: image = 'stims/7190.jpg'
112.5060 	EXP 	image_2: autoDraw = True
113.1549 	EXP 	image_2: autoDraw = False
113.1716 	EXP 	noise: autoDraw = True
114.1531 	EXP 	New trial (rep=0, index=1): OrderedDict([('stimFile', 'stims/2850.jpg'), ('Valence', 'Neutral')])
114.2032 	EXP 	image_2: autoDraw = False
114.2032 	EXP 	noise: autoDraw = False
114.2032 	EXP 	image_2: image = 'stims/2850.jpg'
114.2032 	EXP 	image_2: autoDraw = True
114.8675 	EXP 	image_2: autoDraw = False
114.8842 	EXP 	noise: autoDraw = True
115.8492 	EXP 	New trial (rep=0, index=2): OrderedDict([('stimFile', 'stims/4525.jpg'), ('Valence', 'Neutral')])
115.9307 	EXP 	image_2: autoDraw = False
115.9307 	EXP 	noise: autoDraw = False
115.9307 	EXP 	image_2: image = 'stims/4525.jpg'
115.9307 	EXP 	image_2: autoDraw = True
116.5635 	EXP 	image_2: autoDraw = False
116.5802 	EXP 	noise: autoDraw = True
117.5451 	EXP 	New trial (rep=0, index=3): OrderedDict([('stimFile', 'stims/4530.jpg'), ('Valence', 'Neutral')])
117.5941 	EXP 	image_2: autoDraw = False
117.5941 	EXP 	noise: autoDraw = False
117.5941 	EXP 	image_2: image = 'stims/4530.jpg'
117.5941 	EXP 	image_2: autoDraw = True
118.2595 	EXP 	image_2: autoDraw = False
118.2762 	EXP 	noise: autoDraw = True
119.2417 	EXP 	New trial (rep=0, index=4): OrderedDict([('stimFile', 'stims/7130.jpg'), ('Valence', 'Neutral')])
119.3071 	EXP 	noise: autoDraw = False
119.3071 	EXP 	image_2: autoDraw = False
119.3071 	EXP 	noise: autoDraw = False
119.3071 	EXP 	image_2: image = 'stims/7130.jpg'
119.3071 	EXP 	image_2: autoDraw = True
119.9554 	EXP 	image_2: autoDraw = False
119.9722 	EXP 	noise: autoDraw = True
120.9379 	EXP 	New trial (rep=0, index=5): OrderedDict([('stimFile', 'stims/4003.jpg'), ('Valence', 'Neutral')])
120.9861 	EXP 	noise: autoDraw = False
120.9861 	EXP 	image_2: autoDraw = False
120.9861 	EXP 	noise: autoDraw = False
120.9861 	EXP 	image_2: image = 'stims/4003.jpg'
120.9861 	EXP 	image_2: autoDraw = True
121.6511 	EXP 	image_2: autoDraw = False
121.6677 	EXP 	noise: autoDraw = True
122.6335 	EXP 	New trial (rep=0, index=6): OrderedDict([('stimFile', 'stims/7496.jpg'), ('Valence', 'Neutral')])
122.6986 	EXP 	noise: autoDraw = False
122.6986 	EXP 	image_2: autoDraw = False
122.6986 	EXP 	noise: autoDraw = False
122.6986 	EXP 	image_2: image = 'stims/7496.jpg'
122.6986 	EXP 	image_2: autoDraw = True
123.3476 	EXP 	image_2: autoDraw = False
123.3643 	EXP 	noise: autoDraw = True
124.3296 	EXP 	New trial (rep=0, index=7): OrderedDict([('stimFile', 'stims/7830.jpg'), ('Valence', 'Neutral')])
124.3784 	EXP 	noise: autoDraw = False
124.3784 	EXP 	image_2: autoDraw = False
124.3784 	EXP 	noise: autoDraw = False
124.3784 	EXP 	image_2: image = 'stims/7830.jpg'
124.3784 	EXP 	image_2: autoDraw = True
125.0431 	EXP 	image_2: autoDraw = False
125.0597 	EXP 	noise: autoDraw = True
126.0256 	EXP 	New trial (rep=0, index=8): OrderedDict([('stimFile', 'stims/4490.jpg'), ('Valence', 'Neutral')])
126.0740 	EXP 	noise: autoDraw = False
126.0740 	EXP 	image_2: autoDraw = False
126.0740 	EXP 	noise: autoDraw = False
126.0740 	EXP 	image_2: image = 'stims/4490.jpg'
126.0740 	EXP 	image_2: autoDraw = True
126.7398 	EXP 	image_2: autoDraw = False
126.7561 	EXP 	noise: autoDraw = True
127.7218 	EXP 	New trial (rep=0, index=9): OrderedDict([('stimFile', 'stims/7237.jpg'), ('Valence', 'Neutral')])
127.7862 	EXP 	noise: autoDraw = False
127.7862 	EXP 	image_2: autoDraw = False
127.7862 	EXP 	noise: autoDraw = False
127.7862 	EXP 	image_2: image = 'stims/7237.jpg'
127.7862 	EXP 	image_2: autoDraw = True
128.4356 	EXP 	image_2: autoDraw = False
128.4522 	EXP 	noise: autoDraw = True
129.4178 	EXP 	New trial (rep=0, index=10): OrderedDict([('stimFile', 'stims/2312.jpg'), ('Valence', 'Neutral')])
129.4660 	EXP 	noise: autoDraw = False
129.4660 	EXP 	image_2: autoDraw = False
129.4660 	EXP 	noise: autoDraw = False
129.4660 	EXP 	image_2: image = 'stims/2312.jpg'
129.4660 	EXP 	image_2: autoDraw = True
130.1317 	EXP 	image_2: autoDraw = False
130.1481 	EXP 	noise: autoDraw = True
131.1138 	EXP 	New trial (rep=0, index=11): OrderedDict([('stimFile', 'stims/4000.jpg'), ('Valence', 'Neutral')])
131.1623 	EXP 	noise: autoDraw = False
131.1623 	EXP 	image_2: autoDraw = False
131.1623 	EXP 	noise: autoDraw = False
131.1623 	EXP 	image_2: image = 'stims/4000.jpg'
131.1623 	EXP 	image_2: autoDraw = True
131.8275 	EXP 	image_2: autoDraw = False
131.8441 	EXP 	noise: autoDraw = True
132.8097 	EXP 	New trial (rep=0, index=12): OrderedDict([('stimFile', 'stims/4520.jpg'), ('Valence', 'Neutral')])
132.8586 	EXP 	noise: autoDraw = False
132.8586 	EXP 	image_2: autoDraw = False
132.8586 	EXP 	noise: autoDraw = False
132.8586 	EXP 	image_2: image = 'stims/4520.jpg'
132.8586 	EXP 	image_2: autoDraw = True
133.5236 	EXP 	image_2: autoDraw = False
133.5402 	EXP 	noise: autoDraw = True
134.5056 	EXP 	New trial (rep=0, index=13): OrderedDict([('stimFile', 'stims/7820.jpg'), ('Valence', 'Neutral')])
134.5536 	EXP 	noise: autoDraw = False
134.5536 	EXP 	image_2: autoDraw = False
134.5536 	EXP 	noise: autoDraw = False
134.5536 	EXP 	image_2: image = 'stims/7820.jpg'
134.5536 	EXP 	image_2: autoDraw = True
135.2196 	EXP 	image_2: autoDraw = False
135.2363 	EXP 	noise: autoDraw = True
136.2016 	EXP 	New trial (rep=0, index=14): OrderedDict([('stimFile', 'stims/7180.jpg'), ('Valence', 'Neutral')])
136.2507 	EXP 	noise: autoDraw = False
136.2507 	EXP 	image_2: autoDraw = False
136.2507 	EXP 	noise: autoDraw = False
136.2507 	EXP 	image_2: image = 'stims/7180.jpg'
136.2507 	EXP 	image_2: autoDraw = True
136.9155 	EXP 	image_2: autoDraw = False
136.9323 	EXP 	noise: autoDraw = True
137.8976 	EXP 	New trial (rep=0, index=15): OrderedDict([('stimFile', 'stims/4180.jpg'), ('Valence', 'Neutral')])
137.9464 	EXP 	noise: autoDraw = False
137.9464 	EXP 	image_2: autoDraw = False
137.9464 	EXP 	noise: autoDraw = False
137.9464 	EXP 	image_2: image = 'stims/4180.jpg'
137.9464 	EXP 	image_2: autoDraw = True
138.6116 	EXP 	image_2: autoDraw = False
138.6286 	EXP 	noise: autoDraw = True
139.5940 	EXP 	New trial (rep=0, index=16): OrderedDict([('stimFile', 'stims/4001.jpg'), ('Valence', 'Neutral')])
139.6419 	EXP 	noise: autoDraw = False
139.6419 	EXP 	image_2: autoDraw = False
139.6419 	EXP 	noise: autoDraw = False
139.6419 	EXP 	image_2: image = 'stims/4001.jpg'
139.6419 	EXP 	image_2: autoDraw = True
140.3076 	EXP 	image_2: autoDraw = False
140.3243 	EXP 	noise: autoDraw = True
141.2897 	EXP 	New trial (rep=0, index=17): OrderedDict([('stimFile', 'stims/6314.jpg'), ('Valence', 'Neutral')])
141.3388 	EXP 	noise: autoDraw = False
141.3388 	EXP 	image_2: autoDraw = False
141.3388 	EXP 	noise: autoDraw = False
141.3388 	EXP 	image_2: image = 'stims/6314.jpg'
141.3388 	EXP 	image_2: autoDraw = True
142.0035 	EXP 	image_2: autoDraw = False
142.0202 	EXP 	noise: autoDraw = True
142.9861 	EXP 	New trial (rep=0, index=18): OrderedDict([('stimFile', 'stims/8116.jpg'), ('Valence', 'Neutral')])
143.0350 	EXP 	noise: autoDraw = False
143.0350 	EXP 	image_2: autoDraw = False
143.0350 	EXP 	noise: autoDraw = False
143.0350 	EXP 	image_2: image = 'stims/8116.jpg'
143.0350 	EXP 	image_2: autoDraw = True
143.6996 	EXP 	image_2: autoDraw = False
143.7163 	EXP 	noise: autoDraw = True
144.6817 	EXP 	New trial (rep=0, index=19): OrderedDict([('stimFile', 'stims/9045.jpg'), ('Valence', 'Neutral')])
144.7305 	EXP 	noise: autoDraw = False
144.7305 	EXP 	image_2: autoDraw = False
144.7305 	EXP 	noise: autoDraw = False
144.7305 	EXP 	image_2: image = 'stims/9045.jpg'
144.7305 	EXP 	image_2: autoDraw = True
145.3956 	EXP 	image_2: autoDraw = False
145.4124 	EXP 	noise: autoDraw = True
146.3779 	EXP 	New trial (rep=0, index=20): OrderedDict([('stimFile', 'stims/8050.jpg'), ('Valence', 'Neutral')])
146.4261 	EXP 	noise: autoDraw = False
146.4261 	EXP 	image_2: autoDraw = False
146.4261 	EXP 	noise: autoDraw = False
146.4261 	EXP 	image_2: image = 'stims/8050.jpg'
146.4261 	EXP 	image_2: autoDraw = True
147.0916 	EXP 	image_2: autoDraw = False
147.1083 	EXP 	noise: autoDraw = True
148.0738 	EXP 	New trial (rep=0, index=21): OrderedDict([('stimFile', 'stims/5535.jpg'), ('Valence', 'Neutral')])
148.1392 	EXP 	noise: autoDraw = False
148.1392 	EXP 	image_2: autoDraw = False
148.1392 	EXP 	noise: autoDraw = False
148.1392 	EXP 	image_2: image = 'stims/5535.jpg'
148.1392 	EXP 	image_2: autoDraw = True
148.7876 	EXP 	image_2: autoDraw = False
148.8043 	EXP 	noise: autoDraw = True
149.7854 	EXP 	noise: autoDraw = False
149.7854 	EXP 	image_2: autoDraw = False
149.7854 	EXP 	noise: autoDraw = False
149.7854 	EXP 	textThanks: autoDraw = True
160.0653 	EXP 	window1: mouseVisible = True
