6.1871 	WARNING 	User requested fullscreen with size [1440  900], but screen is actually [1280, 800]. Using actual size
6.8418 	EXP 	Created window1 = Window(allowGUI=False, allowStencil=False, args=UNKNOWN, autoLog=True, bitsMode=UNKNOWN, blendMode='avg', color=array([0., 0., 0.]), colorSpace='rgb', fullscr=<method-wrapper '__getattribute__' of attributeSetter object at 0x124496d30>, gamma=None, kwargs=UNKNOWN, lms=UNKNOWN, monitor=<psychopy.monitors.calibTools.Monitor object at 0x128466f98>, multiSample=False, name='window1', numSamples=2, pos=[0.0, 0.0], screen=0, size=array([1280,  800]), stereo=False, units='norm', useFBO=True, useRetina=False, viewOri=0.0, viewPos=None, viewScale=None, waitBlanking=True, winType='pyglet')
6.8419 	EXP 	window1: recordFrameIntervals = False
7.0071 	EXP 	window1: recordFrameIntervals = True
7.1900 	EXP 	window1: recordFrameIntervals = False
7.2871 	EXP 	Created text = TextStim(__class__=<class 'psychopy.visual.text.TextStim'>, alignHoriz='center', alignVert='center', antialias=True, autoLog=True, bold=False, color='white', colorSpace='named', contrast=1.0, depth=0.0, flipHoriz=False, flipVert=False, font='Arial', fontFiles=[], height=0.1, italic=False, languageStyle='LTR', name='text', opacity=1.0, ori=0, pos=array([0., 0.]), rgb=array([255., 255., 255.]), text='default text', units='norm', win=Window(...), wrapWidth=1)
7.3639 	EXP 	Created textPractice = TextStim(__class__=<class 'psychopy.visual.text.TextStim'>, alignHoriz='center', alignVert='center', antialias=True, autoLog=True, bold=False, color='white', colorSpace='named', contrast=1.0, depth=0.0, flipHoriz=False, flipVert=False, font='Arial', fontFiles=[], height=0.1, italic=False, languageStyle='LTR', name='textPractice', opacity=1.0, ori=0, pos=array([0., 0.]), rgb=array([255., 255., 255.]), text=str(...), units='norm', win=Window(...), wrapWidth=1)
7.3665 	EXP 	Created image = ImageStim(__class__=<class 'psychopy.visual.image.ImageStim'>, autoLog=True, color=array([1., 1., 1.]), colorSpace='rgb', contrast=1.0, depth=-1.0, flipHoriz=False, flipVert=False, image='sin', interpolate=True, mask=None, maskParams=None, name='image', opacity=1.0, ori=0.0, pos=array([0., 0.]), size=array([0.5, 0.5]), texRes=128, units='height', win=Window(...))
7.3767 	EXP 	Created noise = NoiseStim(__class__=<class 'psychopy.visual.noise.NoiseStim'>, autoDraw=False, autoLog=True, blendmode='avg', color=array([1., 1., 1.]), colorSpace='rgb', contrast=1.0, depth=-2.0, interpolate=False, mask='none', maskParams=None, name='noise', opacity=1.0, ori=0.0, phase=array([0., 0.]), pos=array([0., 0.]), rgbPedestal=array([0., 0., 0.]), sf=array([1., 1.]), size=array([0.5, 0.5]), tex='sin', texRes=128, units='norm', win=Window(...))
7.4368 	EXP 	Created textExperiment = TextStim(__class__=<class 'psychopy.visual.text.TextStim'>, alignHoriz='center', alignVert='center', antialias=True, autoLog=True, bold=False, color='white', colorSpace='named', contrast=1.0, depth=0.0, flipHoriz=False, flipVert=False, font='Arial', fontFiles=[], height=0.1, italic=False, languageStyle='LTR', name='textExperiment', opacity=1.0, ori=0, pos=array([0., 0.]), rgb=array([255., 255., 255.]), text=str(...), units='norm', win=Window(...), wrapWidth=1)
7.4434 	EXP 	Created textThanks = TextStim(__class__=<class 'psychopy.visual.text.TextStim'>, alignHoriz='center', alignVert='center', antialias=True, autoLog=True, bold=False, color='white', colorSpace='named', contrast=1.0, depth=0.0, flipHoriz=False, flipVert=False, font='Arial', fontFiles=[], height=0.1, italic=False, languageStyle='LTR', name='textThanks', opacity=1.0, ori=0, pos=array([0., 0.]), rgb=array([255., 255., 255.]), text='Obrigado', units='norm', win=Window(...), wrapWidth=1)
7.4726 	EXP 	noise: blendmode = 'avg'
7.4726 	EXP 	noise: mask = None
7.4726 	EXP 	noise: texRes = 128
7.4726 	EXP 	noise: noiseType = 'Binary'
7.4726 	EXP 	noise: noiseImage = None
7.4726 	EXP 	noise: noiseElementSize = 0.0625
7.4726 	EXP 	noise: noiseBaseSf = 8.0
7.4726 	EXP 	noise: noiseBW = 1.0
7.4726 	EXP 	noise: noiseBWO = 1.0
7.4726 	EXP 	noise: noiseFractalPower = 0.0
7.4726 	EXP 	noise: noiseFilterUpper = 8.0
7.4726 	EXP 	noise: noiseFilterLower = 1.0
7.4726 	EXP 	noise: noiseFilterOrder = 0.0
7.4726 	EXP 	noise: noiseClip = 3.0
7.4726 	EXP 	noise: tex = array([[ 1., -1.,  1., -1., -1., -1., -1., -1.],
       [ 1.,  1.,  1.,  1.,  1., -1., -1.,  1.],
       [-1., -1.,  1.,  1., -1.,  1., -1.,  1.],
       [ 1., -1.,  1.,  1.,  1., -1.,  1., -1.],
       [ 1.,  1.,  1.,  1.,  1., -1., -1.,  1.],
       [-1., -1.,  1., -1., -1., -1.,  1., -1.],
       [-1., -1.,  1.,  1., -1., -1.,  1.,  1.],
       [ 1., -1., -1., -1.,  1.,  1., -1., -1.]])
7.4726 	EXP 	noise: tex = array([[ 1.,  1., -1.,  1.,  1.,  1., -1., -1.],
       [-1., -1., -1.,  1.,  1.,  1., -1., -1.],
       [ 1.,  1.,  1.,  1.,  1., -1.,  1., -1.],
       [-1.,  1., -1.,  1.,  1.,  1., -1., -1.],
       [ 1., -1.,  1.,  1., -1., -1., -1.,  1.],
       [ 1., -1., -1.,  1., -1., -1.,  1.,  1.],
       [-1., -1.,  1., -1.,  1.,  1.,  1., -1.],
       [-1., -1., -1., -1.,  1., -1.,  1., -1.]])
7.4726 	EXP 	text: text = 'Bem vindo. \nLeia as instrucoes no papel.'
7.4726 	EXP 	text: autoDraw = True
9.2667 	DATA 	Keypress: t
9.3015 	EXP 	text: autoDraw = False
9.3015 	EXP 	textPractice: autoDraw = True
10.0686 	DATA 	Keypress: t
10.0762 	EXP 	Imported practiceBlock.csv as conditions, 22 conditions, 2 params
10.0768 	EXP 	Created sequence: random, trialTypes=22, nReps=5, seed=None
10.0772 	EXP 	New trial (rep=0, index=0): OrderedDict([('stimFile', 'stims/010.i.jpg'), ('Valence', 'Practice')])
10.1494 	EXP 	textPractice: autoDraw = False
10.1494 	EXP 	image: image = 'stims/010.i.jpg'
10.1494 	EXP 	image: autoDraw = True
10.7661 	EXP 	New trial (rep=0, index=1): OrderedDict([('stimFile', 'stims/019.i.jpg'), ('Valence', 'Practice')])
10.7982 	EXP 	image: autoDraw = False
10.7982 	EXP 	noise: autoDraw = True
10.7982 	EXP 	noise: autoDraw = False
10.7982 	EXP 	image: autoDraw = False
10.7982 	EXP 	noise: autoDraw = False
10.7982 	EXP 	image: image = 'stims/019.i.jpg'
10.7982 	EXP 	image: autoDraw = True
11.4638 	EXP 	New trial (rep=0, index=2): OrderedDict([('stimFile', 'stims/014.i.jpg'), ('Valence', 'Practice')])
11.4790 	EXP 	image: autoDraw = False
11.4790 	EXP 	noise: autoDraw = True
11.4790 	EXP 	noise: autoDraw = False
11.4790 	EXP 	image: autoDraw = False
11.4790 	EXP 	noise: autoDraw = False
11.4790 	EXP 	image: image = 'stims/014.i.jpg'
11.4790 	EXP 	image: autoDraw = True
12.1629 	EXP 	New trial (rep=0, index=3): OrderedDict([('stimFile', 'stims/018.i.jpg'), ('Valence', 'Practice')])
12.1781 	EXP 	image: autoDraw = False
12.1781 	EXP 	noise: autoDraw = True
12.1781 	EXP 	noise: autoDraw = False
12.1781 	EXP 	image: autoDraw = False
12.1781 	EXP 	noise: autoDraw = False
12.1781 	EXP 	image: image = 'stims/018.i.jpg'
12.1781 	EXP 	image: autoDraw = True
12.8610 	EXP 	New trial (rep=0, index=4): OrderedDict([('stimFile', 'stims/007.i.jpg'), ('Valence', 'Practice')])
12.8766 	EXP 	image: autoDraw = False
12.8766 	EXP 	noise: autoDraw = True
12.8766 	EXP 	noise: autoDraw = False
12.8766 	EXP 	image: autoDraw = False
12.8766 	EXP 	noise: autoDraw = False
12.8766 	EXP 	image: image = 'stims/007.i.jpg'
12.8766 	EXP 	image: autoDraw = True
13.5584 	EXP 	New trial (rep=0, index=5): OrderedDict([('stimFile', 'stims/020.i.jpg'), ('Valence', 'Practice')])
13.5740 	EXP 	image: autoDraw = False
13.5740 	EXP 	noise: autoDraw = True
13.5740 	EXP 	noise: autoDraw = False
13.5740 	EXP 	image: autoDraw = False
13.5740 	EXP 	noise: autoDraw = False
13.5740 	EXP 	image: image = 'stims/020.i.jpg'
13.5740 	EXP 	image: autoDraw = True
14.2575 	EXP 	New trial (rep=0, index=6): OrderedDict([('stimFile', 'stims/003.i.jpg'), ('Valence', 'Practice')])
14.2724 	EXP 	image: autoDraw = False
14.2724 	EXP 	noise: autoDraw = True
14.2724 	EXP 	noise: autoDraw = False
14.2724 	EXP 	image: autoDraw = False
14.2724 	EXP 	noise: autoDraw = False
14.2724 	EXP 	image: image = 'stims/003.i.jpg'
14.2724 	EXP 	image: autoDraw = True
14.7585 	DATA 	Keypress: escape
15.0356 	EXP 	window1: mouseVisible = True
