7.6405 	WARNING 	User requested fullscreen with size [1440  900], but screen is actually [1280, 800]. Using actual size
8.3622 	EXP 	Created window1 = Window(allowGUI=False, allowStencil=False, args=UNKNOWN, autoLog=True, bitsMode=UNKNOWN, blendMode='avg', color=array([0., 0., 0.]), colorSpace='rgb', fullscr=<method-wrapper '__getattribute__' of attributeSetter object at 0x124f59dd8>, gamma=None, kwargs=UNKNOWN, lms=UNKNOWN, monitor=<psychopy.monitors.calibTools.Monitor object at 0x128541b70>, multiSample=False, name='window1', numSamples=2, pos=[0.0, 0.0], screen=0, size=array([1280,  800]), stereo=False, units='norm', useFBO=True, useRetina=False, viewOri=0.0, viewPos=None, viewScale=None, waitBlanking=True, winType='pyglet')
8.3622 	EXP 	window1: recordFrameIntervals = False
8.5274 	EXP 	window1: recordFrameIntervals = True
8.7110 	EXP 	window1: recordFrameIntervals = False
8.8307 	EXP 	Created text = TextStim(__class__=<class 'psychopy.visual.text.TextStim'>, alignHoriz='center', alignVert='center', antialias=True, autoLog=True, bold=False, color='white', colorSpace='named', contrast=1.0, depth=0.0, flipHoriz=False, flipVert=False, font='Arial', fontFiles=[], height=0.1, italic=False, languageStyle='LTR', name='text', opacity=1.0, ori=0, pos=array([0., 0.]), rgb=array([255., 255., 255.]), text='default text', units='norm', win=Window(...), wrapWidth=1)
8.9049 	EXP 	Created textPractice = TextStim(__class__=<class 'psychopy.visual.text.TextStim'>, alignHoriz='center', alignVert='center', antialias=True, autoLog=True, bold=False, color='white', colorSpace='named', contrast=1.0, depth=0.0, flipHoriz=False, flipVert=False, font='Arial', fontFiles=[], height=0.1, italic=False, languageStyle='LTR', name='textPractice', opacity=1.0, ori=0, pos=array([0., 0.]), rgb=array([255., 255., 255.]), text=str(...), units='norm', win=Window(...), wrapWidth=1)
8.9150 	EXP 	Created imageprobando = ImageStim(__class__=<class 'psychopy.visual.image.ImageStim'>, autoLog=True, color=array([1., 1., 1.]), colorSpace='rgb', contrast=1.0, depth=0.0, flipHoriz=False, flipVert=False, image='sin', interpolate=True, mask=None, maskParams=None, name='imageprobando', opacity=1.0, ori=0.0, pos=array([0., 0.]), size=array([0.5, 0.5]), texRes=128, units='norm', win=Window(...))
8.9245 	EXP 	Created noise_4 = NoiseStim(__class__=<class 'psychopy.visual.noise.NoiseStim'>, autoDraw=False, autoLog=True, blendmode='avg', color=array([1., 1., 1.]), colorSpace='rgb', contrast=1.0, depth=-1.0, interpolate=False, mask='none', maskParams=None, name='noise_4', opacity=1.0, ori=0.0, phase=array([0., 0.]), pos=array([0., 0.]), rgbPedestal=array([0., 0., 0.]), sf=array([1., 1.]), size=array([0.5, 0.5]), tex='sin', texRes=128, units='norm', win=Window(...))
8.9889 	EXP 	Created textExperiment = TextStim(__class__=<class 'psychopy.visual.text.TextStim'>, alignHoriz='center', alignVert='center', antialias=True, autoLog=True, bold=False, color='white', colorSpace='named', contrast=1.0, depth=0.0, flipHoriz=False, flipVert=False, font='Arial', fontFiles=[], height=0.1, italic=False, languageStyle='LTR', name='textExperiment', opacity=1.0, ori=0, pos=array([0., 0.]), rgb=array([255., 255., 255.]), text=str(...), units='norm', win=Window(...), wrapWidth=1)
8.9970 	EXP 	Created textTask = TextStim(__class__=<class 'psychopy.visual.text.TextStim'>, alignHoriz='center', alignVert='center', antialias=True, autoLog=True, bold=False, color='white', colorSpace='named', contrast=1.0, depth=0.0, flipHoriz=False, flipVert=False, font='Arial', fontFiles=[], height=0.1, italic=False, languageStyle='LTR', name='textTask', opacity=1.0, ori=0, pos=array([0., 0.]), rgb=array([255., 255., 255.]), text='Bloque nuevo', units='norm', win=Window(...), wrapWidth=1)
8.9993 	EXP 	Created image_2 = ImageStim(__class__=<class 'psychopy.visual.image.ImageStim'>, autoLog=True, color=array([1., 1., 1.]), colorSpace='rgb', contrast=1.0, depth=0.0, flipHoriz=False, flipVert=False, image='sin', interpolate=True, mask=None, maskParams=None, name='image_2', opacity=1.0, ori=0.0, pos=array([0., 0.]), size=array([0.5, 0.5]), texRes=128, units='norm', win=Window(...))
9.0022 	EXP 	Created noise = NoiseStim(__class__=<class 'psychopy.visual.noise.NoiseStim'>, autoDraw=False, autoLog=True, blendmode='avg', color=array([1., 1., 1.]), colorSpace='rgb', contrast=1.0, depth=-1.0, interpolate=False, mask='none', maskParams=None, name='noise', opacity=1.0, ori=0.0, phase=array([0., 0.]), pos=array([0., 0.]), rgbPedestal=array([0., 0., 0.]), sf=array([1., 1.]), size=array([0.5, 0.5]), tex='sin', texRes=128, units='norm', win=Window(...))
9.0166 	EXP 	Created textThanks = TextStim(__class__=<class 'psychopy.visual.text.TextStim'>, alignHoriz='center', alignVert='center', antialias=True, autoLog=True, bold=False, color='white', colorSpace='named', contrast=1.0, depth=0.0, flipHoriz=False, flipVert=False, font='Arial', fontFiles=[], height=0.1, italic=False, languageStyle='LTR', name='textThanks', opacity=1.0, ori=0, pos=array([0., 0.]), rgb=array([255., 255., 255.]), text='Obrigado', units='norm', win=Window(...), wrapWidth=1)
9.0429 	EXP 	noise_4: blendmode = 'avg'
9.0429 	EXP 	noise_4: mask = None
9.0429 	EXP 	noise_4: texRes = 128
9.0429 	EXP 	noise_4: noiseType = 'Binary'
9.0429 	EXP 	noise_4: noiseImage = None
9.0429 	EXP 	noise_4: noiseElementSize = 0.0625
9.0429 	EXP 	noise_4: noiseBaseSf = 8.0
9.0429 	EXP 	noise_4: noiseBW = 1.0
9.0429 	EXP 	noise_4: noiseBWO = 1.0
9.0429 	EXP 	noise_4: noiseFractalPower = 0.0
9.0429 	EXP 	noise_4: noiseFilterUpper = 8.0
9.0429 	EXP 	noise_4: noiseFilterLower = 1.0
9.0429 	EXP 	noise_4: noiseFilterOrder = 0.0
9.0429 	EXP 	noise_4: noiseClip = 3.0
9.0429 	EXP 	noise_4: tex = array([[ 1.,  1.,  1.,  1.,  1., -1., -1.,  1.],
       [-1., -1.,  1.,  1.,  1., -1., -1., -1.],
       [-1., -1., -1.,  1., -1.,  1.,  1., -1.],
       [ 1.,  1., -1.,  1.,  1.,  1.,  1.,  1.],
       [ 1., -1., -1.,  1., -1.,  1., -1., -1.],
       [-1., -1., -1., -1., -1., -1., -1., -1.],
       [ 1., -1.,  1.,  1.,  1., -1.,  1., -1.],
       [ 1.,  1., -1.,  1., -1., -1.,  1.,  1.]])
9.0429 	EXP 	noise_4: tex = array([[ 1.,  1.,  1., -1., -1.,  1.,  1., -1.],
       [-1.,  1.,  1., -1.,  1., -1.,  1., -1.],
       [ 1.,  1., -1.,  1., -1., -1.,  1., -1.],
       [ 1., -1.,  1.,  1., -1.,  1., -1., -1.],
       [-1., -1.,  1.,  1., -1., -1., -1.,  1.],
       [-1., -1.,  1., -1., -1.,  1.,  1.,  1.],
       [-1.,  1.,  1.,  1.,  1., -1.,  1., -1.],
       [-1.,  1., -1.,  1., -1., -1.,  1., -1.]])
9.0429 	EXP 	noise: blendmode = 'avg'
9.0429 	EXP 	noise: mask = None
9.0429 	EXP 	noise: texRes = 128
9.0429 	EXP 	noise: noiseType = 'Binary'
9.0429 	EXP 	noise: noiseImage = None
9.0429 	EXP 	noise: noiseElementSize = 0.0625
9.0429 	EXP 	noise: noiseBaseSf = 8.0
9.0429 	EXP 	noise: noiseBW = 1.0
9.0429 	EXP 	noise: noiseBWO = 1.0
9.0429 	EXP 	noise: noiseFractalPower = 0.0
9.0429 	EXP 	noise: noiseFilterUpper = 8.0
9.0429 	EXP 	noise: noiseFilterLower = 1.0
9.0429 	EXP 	noise: noiseFilterOrder = 0.0
9.0429 	EXP 	noise: noiseClip = 3.0
9.0429 	EXP 	noise: tex = array([[ 1.,  1., -1., -1.,  1., -1.,  1.,  1.],
       [-1., -1., -1.,  1.,  1., -1.,  1., -1.],
       [ 1.,  1., -1., -1., -1., -1., -1., -1.],
       [-1.,  1.,  1., -1.,  1., -1.,  1.,  1.],
       [-1.,  1.,  1.,  1.,  1., -1.,  1., -1.],
       [-1.,  1., -1.,  1.,  1.,  1.,  1., -1.],
       [-1.,  1.,  1.,  1., -1., -1., -1., -1.],
       [-1., -1.,  1., -1., -1.,  1.,  1.,  1.]])
9.0429 	EXP 	noise: tex = array([[-1.,  1., -1.,  1., -1.,  1., -1., -1.],
       [ 1., -1., -1., -1.,  1., -1.,  1.,  1.],
       [-1., -1.,  1., -1.,  1.,  1.,  1., -1.],
       [-1.,  1.,  1., -1., -1.,  1., -1.,  1.],
       [ 1.,  1.,  1., -1.,  1.,  1., -1.,  1.],
       [-1.,  1., -1.,  1.,  1.,  1.,  1., -1.],
       [ 1.,  1.,  1., -1., -1., -1.,  1., -1.],
       [-1., -1.,  1.,  1., -1., -1., -1., -1.]])
9.0429 	EXP 	text: text = 'Bem vindo. \nLeia as instrucoes no papel.'
9.0429 	EXP 	text: autoDraw = True
10.4957 	DATA 	Keypress: t
10.5170 	EXP 	Imported chooseBlock.csv as conditions, 4 conditions, 2 params
10.5174 	EXP 	Created sequence: random, trialTypes=4, nReps=1, seed=None
10.5179 	EXP 	New trial (rep=0, index=0): OrderedDict([('condsFile', 'practiceBlock.csv'), ('readyMsg', 'Pronto')])
10.5394 	EXP 	text: autoDraw = False
10.5394 	EXP 	textPractice: autoDraw = True
11.0913 	DATA 	Keypress: t
11.0967 	EXP 	Imported practiceBlock.csv as conditions, 22 conditions, 2 params
11.0972 	EXP 	Created sequence: random, trialTypes=22, nReps=1, seed=None
11.0976 	EXP 	New trial (rep=0, index=0): OrderedDict([('stimFile', 'stims/022.i.jpg'), ('Valence', 'Practice')])
11.1873 	EXP 	textPractice: autoDraw = False
11.1873 	EXP 	imageprobando: image = 'stims/022.i.jpg'
11.1873 	EXP 	imageprobando: autoDraw = True
11.8033 	EXP 	imageprobando: autoDraw = False
11.8196 	EXP 	noise_4: autoDraw = True
12.8016 	EXP 	New trial (rep=0, index=1): OrderedDict([('stimFile', 'stims/021.i.jpg'), ('Valence', 'Practice')])
12.8169 	EXP 	imageprobando: autoDraw = False
12.8169 	EXP 	noise_4: autoDraw = False
12.8169 	EXP 	imageprobando: image = 'stims/021.i.jpg'
12.8169 	EXP 	imageprobando: autoDraw = True
13.5159 	EXP 	imageprobando: autoDraw = False
13.5323 	EXP 	noise_4: autoDraw = True
14.4973 	EXP 	New trial (rep=0, index=2): OrderedDict([('stimFile', 'stims/002.i.jpg'), ('Valence', 'Practice')])
14.5136 	EXP 	imageprobando: autoDraw = False
14.5136 	EXP 	noise_4: autoDraw = False
14.5136 	EXP 	imageprobando: image = 'stims/002.i.jpg'
14.5136 	EXP 	imageprobando: autoDraw = True
15.2117 	EXP 	imageprobando: autoDraw = False
15.2284 	EXP 	noise_4: autoDraw = True
16.1934 	EXP 	New trial (rep=0, index=3): OrderedDict([('stimFile', 'stims/013.i.jpg'), ('Valence', 'Practice')])
16.2096 	EXP 	imageprobando: autoDraw = False
16.2096 	EXP 	noise_4: autoDraw = False
16.2096 	EXP 	imageprobando: image = 'stims/013.i.jpg'
16.2096 	EXP 	imageprobando: autoDraw = True
16.9079 	EXP 	imageprobando: autoDraw = False
16.9246 	EXP 	noise_4: autoDraw = True
17.8900 	EXP 	New trial (rep=0, index=4): OrderedDict([('stimFile', 'stims/020.i.jpg'), ('Valence', 'Practice')])
17.9049 	EXP 	noise_4: autoDraw = False
17.9049 	EXP 	imageprobando: autoDraw = False
17.9049 	EXP 	noise_4: autoDraw = False
17.9049 	EXP 	imageprobando: image = 'stims/020.i.jpg'
17.9049 	EXP 	imageprobando: autoDraw = True
18.6039 	EXP 	imageprobando: autoDraw = False
18.6204 	EXP 	noise_4: autoDraw = True
19.5861 	EXP 	New trial (rep=0, index=5): OrderedDict([('stimFile', 'stims/007.i.jpg'), ('Valence', 'Practice')])
19.6015 	EXP 	noise_4: autoDraw = False
19.6015 	EXP 	imageprobando: autoDraw = False
19.6015 	EXP 	noise_4: autoDraw = False
19.6015 	EXP 	imageprobando: image = 'stims/007.i.jpg'
19.6015 	EXP 	imageprobando: autoDraw = True
20.2995 	EXP 	imageprobando: autoDraw = False
20.3165 	EXP 	noise_4: autoDraw = True
21.2820 	EXP 	New trial (rep=0, index=6): OrderedDict([('stimFile', 'stims/012.i.jpg'), ('Valence', 'Practice')])
21.2975 	EXP 	noise_4: autoDraw = False
21.2975 	EXP 	imageprobando: autoDraw = False
21.2975 	EXP 	noise_4: autoDraw = False
21.2975 	EXP 	imageprobando: image = 'stims/012.i.jpg'
21.2975 	EXP 	imageprobando: autoDraw = True
21.9959 	EXP 	imageprobando: autoDraw = False
22.0127 	EXP 	noise_4: autoDraw = True
22.9782 	EXP 	New trial (rep=0, index=7): OrderedDict([('stimFile', 'stims/001.i.jpg'), ('Valence', 'Practice')])
22.9934 	EXP 	noise_4: autoDraw = False
22.9934 	EXP 	imageprobando: autoDraw = False
22.9934 	EXP 	noise_4: autoDraw = False
22.9934 	EXP 	imageprobando: image = 'stims/001.i.jpg'
22.9934 	EXP 	imageprobando: autoDraw = True
23.6911 	EXP 	imageprobando: autoDraw = False
23.7087 	EXP 	noise_4: autoDraw = True
24.6743 	EXP 	New trial (rep=0, index=8): OrderedDict([('stimFile', 'stims/019.i.jpg'), ('Valence', 'Practice')])
24.6887 	EXP 	noise_4: autoDraw = False
24.6887 	EXP 	imageprobando: autoDraw = False
24.6887 	EXP 	noise_4: autoDraw = False
24.6887 	EXP 	imageprobando: image = 'stims/019.i.jpg'
24.6887 	EXP 	imageprobando: autoDraw = True
25.3877 	EXP 	imageprobando: autoDraw = False
25.4045 	EXP 	noise_4: autoDraw = True
26.3705 	EXP 	New trial (rep=0, index=9): OrderedDict([('stimFile', 'stims/011.i.jpg'), ('Valence', 'Practice')])
26.4022 	EXP 	noise_4: autoDraw = False
26.4022 	EXP 	imageprobando: autoDraw = False
26.4022 	EXP 	noise_4: autoDraw = False
26.4022 	EXP 	imageprobando: image = 'stims/011.i.jpg'
26.4022 	EXP 	imageprobando: autoDraw = True
27.0836 	EXP 	imageprobando: autoDraw = False
27.1002 	EXP 	noise_4: autoDraw = True
28.0660 	EXP 	New trial (rep=0, index=10): OrderedDict([('stimFile', 'stims/014.i.jpg'), ('Valence', 'Practice')])
28.0811 	EXP 	noise_4: autoDraw = False
28.0811 	EXP 	imageprobando: autoDraw = False
28.0811 	EXP 	noise_4: autoDraw = False
28.0811 	EXP 	imageprobando: image = 'stims/014.i.jpg'
28.0811 	EXP 	imageprobando: autoDraw = True
28.7798 	EXP 	imageprobando: autoDraw = False
28.7955 	EXP 	noise_4: autoDraw = True
29.7624 	EXP 	New trial (rep=0, index=11): OrderedDict([('stimFile', 'stims/005.i.jpg'), ('Valence', 'Practice')])
29.7772 	EXP 	noise_4: autoDraw = False
29.7772 	EXP 	imageprobando: autoDraw = False
29.7772 	EXP 	noise_4: autoDraw = False
29.7772 	EXP 	imageprobando: image = 'stims/005.i.jpg'
29.7772 	EXP 	imageprobando: autoDraw = True
30.4759 	EXP 	imageprobando: autoDraw = False
30.4926 	EXP 	noise_4: autoDraw = True
31.4584 	EXP 	New trial (rep=0, index=12): OrderedDict([('stimFile', 'stims/009.i.jpg'), ('Valence', 'Practice')])
31.4736 	EXP 	noise_4: autoDraw = False
31.4736 	EXP 	imageprobando: autoDraw = False
31.4736 	EXP 	noise_4: autoDraw = False
31.4736 	EXP 	imageprobando: image = 'stims/009.i.jpg'
31.4736 	EXP 	imageprobando: autoDraw = True
32.1718 	EXP 	imageprobando: autoDraw = False
32.1888 	EXP 	noise_4: autoDraw = True
33.1540 	EXP 	New trial (rep=0, index=13): OrderedDict([('stimFile', 'stims/003.i.jpg'), ('Valence', 'Practice')])
33.1695 	EXP 	noise_4: autoDraw = False
33.1695 	EXP 	imageprobando: autoDraw = False
33.1695 	EXP 	noise_4: autoDraw = False
33.1695 	EXP 	imageprobando: image = 'stims/003.i.jpg'
33.1695 	EXP 	imageprobando: autoDraw = True
33.8678 	EXP 	imageprobando: autoDraw = False
33.8844 	EXP 	noise_4: autoDraw = True
34.8502 	EXP 	New trial (rep=0, index=14): OrderedDict([('stimFile', 'stims/017.i.jpg'), ('Valence', 'Practice')])
34.8650 	EXP 	noise_4: autoDraw = False
34.8650 	EXP 	imageprobando: autoDraw = False
34.8650 	EXP 	noise_4: autoDraw = False
34.8650 	EXP 	imageprobando: image = 'stims/017.i.jpg'
34.8650 	EXP 	imageprobando: autoDraw = True
35.5638 	EXP 	imageprobando: autoDraw = False
35.5806 	EXP 	noise_4: autoDraw = True
36.5460 	EXP 	New trial (rep=0, index=15): OrderedDict([('stimFile', 'stims/008.i.jpg'), ('Valence', 'Practice')])
36.5613 	EXP 	noise_4: autoDraw = False
36.5613 	EXP 	imageprobando: autoDraw = False
36.5613 	EXP 	noise_4: autoDraw = False
36.5613 	EXP 	imageprobando: image = 'stims/008.i.jpg'
36.5613 	EXP 	imageprobando: autoDraw = True
37.2600 	EXP 	imageprobando: autoDraw = False
37.2765 	EXP 	noise_4: autoDraw = True
38.2420 	EXP 	New trial (rep=0, index=16): OrderedDict([('stimFile', 'stims/015.i.jpg'), ('Valence', 'Practice')])
38.2741 	EXP 	noise_4: autoDraw = False
38.2741 	EXP 	imageprobando: autoDraw = False
38.2741 	EXP 	noise_4: autoDraw = False
38.2741 	EXP 	imageprobando: image = 'stims/015.i.jpg'
38.2741 	EXP 	imageprobando: autoDraw = True
38.9559 	EXP 	imageprobando: autoDraw = False
38.9728 	EXP 	noise_4: autoDraw = True
39.9381 	EXP 	New trial (rep=0, index=17): OrderedDict([('stimFile', 'stims/018.i.jpg'), ('Valence', 'Practice')])
39.9531 	EXP 	noise_4: autoDraw = False
39.9531 	EXP 	imageprobando: autoDraw = False
39.9531 	EXP 	noise_4: autoDraw = False
39.9531 	EXP 	imageprobando: image = 'stims/018.i.jpg'
39.9531 	EXP 	imageprobando: autoDraw = True
40.6518 	EXP 	imageprobando: autoDraw = False
40.6685 	EXP 	noise_4: autoDraw = True
41.6334 	EXP 	New trial (rep=0, index=18): OrderedDict([('stimFile', 'stims/006.i.jpg'), ('Valence', 'Practice')])
41.6495 	EXP 	noise_4: autoDraw = False
41.6495 	EXP 	imageprobando: autoDraw = False
41.6495 	EXP 	noise_4: autoDraw = False
41.6495 	EXP 	imageprobando: image = 'stims/006.i.jpg'
41.6495 	EXP 	imageprobando: autoDraw = True
42.3480 	EXP 	imageprobando: autoDraw = False
42.3648 	EXP 	noise_4: autoDraw = True
43.3302 	EXP 	New trial (rep=0, index=19): OrderedDict([('stimFile', 'stims/010.i.jpg'), ('Valence', 'Practice')])
43.3460 	EXP 	noise_4: autoDraw = False
43.3460 	EXP 	imageprobando: autoDraw = False
43.3460 	EXP 	noise_4: autoDraw = False
43.3460 	EXP 	imageprobando: image = 'stims/010.i.jpg'
43.3460 	EXP 	imageprobando: autoDraw = True
44.0440 	EXP 	imageprobando: autoDraw = False
44.0608 	EXP 	noise_4: autoDraw = True
45.0264 	EXP 	New trial (rep=0, index=20): OrderedDict([('stimFile', 'stims/004.i.jpg'), ('Valence', 'Practice')])
45.0415 	EXP 	noise_4: autoDraw = False
45.0415 	EXP 	imageprobando: autoDraw = False
45.0415 	EXP 	noise_4: autoDraw = False
45.0415 	EXP 	imageprobando: image = 'stims/004.i.jpg'
45.0415 	EXP 	imageprobando: autoDraw = True
45.7398 	EXP 	imageprobando: autoDraw = False
45.7561 	EXP 	noise_4: autoDraw = True
46.7224 	EXP 	New trial (rep=0, index=21): OrderedDict([('stimFile', 'stims/016.i.jpg'), ('Valence', 'Practice')])
46.7373 	EXP 	noise_4: autoDraw = False
46.7373 	EXP 	imageprobando: autoDraw = False
46.7373 	EXP 	noise_4: autoDraw = False
46.7373 	EXP 	imageprobando: image = 'stims/016.i.jpg'
46.7373 	EXP 	imageprobando: autoDraw = True
47.4360 	EXP 	imageprobando: autoDraw = False
47.4529 	EXP 	noise_4: autoDraw = True
48.4183 	EXP 	New trial (rep=0, index=1): OrderedDict([('condsFile', 'negativeBlock.csv'), ('readyMsg', 'Pronto')])
48.4337 	EXP 	noise_4: autoDraw = False
48.4337 	EXP 	imageprobando: autoDraw = False
48.4337 	EXP 	noise_4: autoDraw = False
48.4337 	EXP 	textPractice: autoDraw = True
59.0294 	DATA 	Keypress: escape
59.3070 	EXP 	window1: mouseVisible = True
