7.0881 	WARNING 	User requested fullscreen with size [1440  900], but screen is actually [1280, 800]. Using actual size
7.7867 	EXP 	Created window1 = Window(allowGUI=False, allowStencil=False, args=UNKNOWN, autoLog=True, bitsMode=UNKNOWN, blendMode='avg', color=array([0., 0., 0.]), colorSpace='rgb', fullscr=<method-wrapper '__getattribute__' of attributeSetter object at 0x1249f5d30>, gamma=None, kwargs=UNKNOWN, lms=UNKNOWN, monitor=<psychopy.monitors.calibTools.Monitor object at 0x128e9cf98>, multiSample=False, name='window1', numSamples=2, pos=[0.0, 0.0], screen=0, size=array([1280,  800]), stereo=False, units='norm', useFBO=True, useRetina=False, viewOri=0.0, viewPos=None, viewScale=None, waitBlanking=True, winType='pyglet')
7.7868 	EXP 	window1: recordFrameIntervals = False
7.9528 	EXP 	window1: recordFrameIntervals = True
8.1349 	EXP 	window1: recordFrameIntervals = False
8.2398 	EXP 	Created text = TextStim(__class__=<class 'psychopy.visual.text.TextStim'>, alignHoriz='center', alignVert='center', antialias=True, autoLog=True, bold=False, color='white', colorSpace='named', contrast=1.0, depth=0.0, flipHoriz=False, flipVert=False, font='Arial', fontFiles=[], height=0.1, italic=False, languageStyle='LTR', name='text', opacity=1.0, ori=0, pos=array([0., 0.]), rgb=array([255., 255., 255.]), text='default text', units='norm', win=Window(...), wrapWidth=1)
8.3144 	EXP 	Created textPractice = TextStim(__class__=<class 'psychopy.visual.text.TextStim'>, alignHoriz='center', alignVert='center', antialias=True, autoLog=True, bold=False, color='white', colorSpace='named', contrast=1.0, depth=0.0, flipHoriz=False, flipVert=False, font='Arial', fontFiles=[], height=0.1, italic=False, languageStyle='LTR', name='textPractice', opacity=1.0, ori=0, pos=array([0., 0.]), rgb=array([255., 255., 255.]), text=str(...), units='norm', win=Window(...), wrapWidth=1)
8.3170 	EXP 	Created image = ImageStim(__class__=<class 'psychopy.visual.image.ImageStim'>, autoLog=True, color=array([1., 1., 1.]), colorSpace='rgb', contrast=1.0, depth=-1.0, flipHoriz=False, flipVert=False, image='sin', interpolate=True, mask=None, maskParams=None, name='image', opacity=1.0, ori=0.0, pos=array([0., 0.]), size=array([0.5, 0.5]), texRes=128, units='height', win=Window(...))
8.3263 	EXP 	Created noise = NoiseStim(__class__=<class 'psychopy.visual.noise.NoiseStim'>, autoDraw=False, autoLog=True, blendmode='avg', color=array([1., 1., 1.]), colorSpace='rgb', contrast=1.0, depth=-2.0, interpolate=False, mask='none', maskParams=None, name='noise', opacity=1.0, ori=0.0, phase=array([0., 0.]), pos=array([0., 0.]), rgbPedestal=array([0., 0., 0.]), sf=array([1., 1.]), size=array([0.5, 0.5]), tex='sin', texRes=128, units='norm', win=Window(...))
8.3879 	EXP 	Created textExperiment = TextStim(__class__=<class 'psychopy.visual.text.TextStim'>, alignHoriz='center', alignVert='center', antialias=True, autoLog=True, bold=False, color='white', colorSpace='named', contrast=1.0, depth=0.0, flipHoriz=False, flipVert=False, font='Arial', fontFiles=[], height=0.1, italic=False, languageStyle='LTR', name='textExperiment', opacity=1.0, ori=0, pos=array([0., 0.]), rgb=array([255., 255., 255.]), text=str(...), units='norm', win=Window(...), wrapWidth=1)
8.3948 	EXP 	Created textThanks = TextStim(__class__=<class 'psychopy.visual.text.TextStim'>, alignHoriz='center', alignVert='center', antialias=True, autoLog=True, bold=False, color='white', colorSpace='named', contrast=1.0, depth=0.0, flipHoriz=False, flipVert=False, font='Arial', fontFiles=[], height=0.1, italic=False, languageStyle='LTR', name='textThanks', opacity=1.0, ori=0, pos=array([0., 0.]), rgb=array([255., 255., 255.]), text='Obrigado', units='norm', win=Window(...), wrapWidth=1)
8.4179 	EXP 	noise: blendmode = 'avg'
8.4179 	EXP 	noise: mask = None
8.4179 	EXP 	noise: texRes = 128
8.4179 	EXP 	noise: noiseType = 'Binary'
8.4179 	EXP 	noise: noiseImage = None
8.4179 	EXP 	noise: noiseElementSize = 0.0625
8.4179 	EXP 	noise: noiseBaseSf = 8.0
8.4179 	EXP 	noise: noiseBW = 1.0
8.4179 	EXP 	noise: noiseBWO = 1.0
8.4179 	EXP 	noise: noiseFractalPower = 0.0
8.4179 	EXP 	noise: noiseFilterUpper = 8.0
8.4179 	EXP 	noise: noiseFilterLower = 1.0
8.4179 	EXP 	noise: noiseFilterOrder = 0.0
8.4179 	EXP 	noise: noiseClip = 3.0
8.4179 	EXP 	noise: tex = array([[ 1., -1.,  1.,  1., -1., -1.,  1., -1.],
       [-1., -1.,  1.,  1., -1., -1.,  1., -1.],
       [-1.,  1., -1., -1.,  1.,  1., -1., -1.],
       [-1.,  1., -1., -1.,  1.,  1.,  1., -1.],
       [ 1., -1., -1.,  1., -1.,  1.,  1., -1.],
       [ 1.,  1., -1., -1.,  1., -1.,  1., -1.],
       [ 1.,  1.,  1., -1.,  1.,  1., -1.,  1.],
       [ 1., -1., -1., -1.,  1.,  1.,  1., -1.]])
8.4179 	EXP 	noise: tex = array([[-1., -1., -1.,  1.,  1.,  1., -1., -1.],
       [-1., -1., -1.,  1.,  1.,  1., -1., -1.],
       [-1., -1.,  1.,  1.,  1., -1.,  1., -1.],
       [ 1., -1.,  1., -1.,  1.,  1.,  1., -1.],
       [ 1.,  1., -1.,  1., -1.,  1.,  1.,  1.],
       [ 1., -1., -1.,  1., -1., -1., -1., -1.],
       [-1.,  1.,  1.,  1.,  1., -1., -1., -1.],
       [-1.,  1., -1.,  1., -1.,  1.,  1.,  1.]])
8.4179 	EXP 	text: text = 'Bem vindo. \nLeia as instrucoes no papel.'
8.4179 	EXP 	text: autoDraw = True
8.8629 	DATA 	Keypress: t
8.8829 	EXP 	text: autoDraw = False
8.8829 	EXP 	textPractice: autoDraw = True
9.5522 	DATA 	Keypress: t
9.5606 	EXP 	Imported practiceBlock.csv as conditions, 22 conditions, 2 params
9.5613 	EXP 	Created sequence: random, trialTypes=22, nReps=5, seed=None
9.5617 	EXP 	New trial (rep=0, index=0): OrderedDict([('stimFile', 'stims/003.i.jpg'), ('Valence', 'Practice')])
9.6482 	EXP 	textPractice: autoDraw = False
9.6482 	EXP 	image: image = 'stims/003.i.jpg'
9.6482 	EXP 	image: autoDraw = True
10.2653 	EXP 	New trial (rep=0, index=1): OrderedDict([('stimFile', 'stims/019.i.jpg'), ('Valence', 'Practice')])
10.2813 	EXP 	image: autoDraw = False
10.2813 	EXP 	noise: autoDraw = True
10.2813 	EXP 	noise: autoDraw = False
10.2813 	EXP 	image: autoDraw = False
10.2813 	EXP 	noise: autoDraw = False
10.2813 	EXP 	image: image = 'stims/019.i.jpg'
10.2813 	EXP 	image: autoDraw = True
10.9786 	EXP 	image: autoDraw = False
10.9798 	EXP 	New trial (rep=0, index=2): OrderedDict([('stimFile', 'stims/007.i.jpg'), ('Valence', 'Practice')])
10.9950 	EXP 	noise: autoDraw = True
10.9950 	EXP 	noise: autoDraw = False
10.9950 	EXP 	image: autoDraw = False
10.9950 	EXP 	noise: autoDraw = False
10.9950 	EXP 	image: image = 'stims/007.i.jpg'
10.9950 	EXP 	image: autoDraw = True
11.6936 	EXP 	image: autoDraw = False
11.6948 	EXP 	New trial (rep=0, index=3): OrderedDict([('stimFile', 'stims/016.i.jpg'), ('Valence', 'Practice')])
11.7106 	EXP 	noise: autoDraw = True
11.7106 	EXP 	noise: autoDraw = False
11.7106 	EXP 	image: autoDraw = False
11.7106 	EXP 	noise: autoDraw = False
11.7106 	EXP 	image: image = 'stims/016.i.jpg'
11.7106 	EXP 	image: autoDraw = True
12.4089 	EXP 	image: autoDraw = False
12.4131 	DATA 	Keypress: escape
12.6905 	EXP 	window1: mouseVisible = True
