8.1059 	WARNING 	User requested fullscreen with size [1440  900], but screen is actually [1280, 800]. Using actual size
8.8470 	EXP 	Created window1 = Window(allowGUI=False, allowStencil=False, args=UNKNOWN, autoLog=True, bitsMode=UNKNOWN, blendMode='avg', color=array([0., 0., 0.]), colorSpace='rgb', fullscr=<method-wrapper '__getattribute__' of attributeSetter object at 0x1249e8cf8>, gamma=None, kwargs=UNKNOWN, lms=UNKNOWN, monitor=<psychopy.monitors.calibTools.Monitor object at 0x128c66f98>, multiSample=False, name='window1', numSamples=2, pos=[0.0, 0.0], screen=0, size=array([1280,  800]), stereo=False, units='norm', useFBO=True, useRetina=False, viewOri=0.0, viewPos=None, viewScale=None, waitBlanking=True, winType='pyglet')
8.8470 	EXP 	window1: recordFrameIntervals = False
9.0124 	EXP 	window1: recordFrameIntervals = True
9.1952 	EXP 	window1: recordFrameIntervals = False
9.3136 	EXP 	Created text = TextStim(__class__=<class 'psychopy.visual.text.TextStim'>, alignHoriz='center', alignVert='center', antialias=True, autoLog=True, bold=False, color='white', colorSpace='named', contrast=1.0, depth=0.0, flipHoriz=False, flipVert=False, font='Arial', fontFiles=[], height=0.1, italic=False, languageStyle='LTR', name='text', opacity=1.0, ori=0, pos=array([0., 0.]), rgb=array([255., 255., 255.]), text='default text', units='norm', win=Window(...), wrapWidth=1)
9.3908 	EXP 	Created textPractice = TextStim(__class__=<class 'psychopy.visual.text.TextStim'>, alignHoriz='center', alignVert='center', antialias=True, autoLog=True, bold=False, color='white', colorSpace='named', contrast=1.0, depth=0.0, flipHoriz=False, flipVert=False, font='Arial', fontFiles=[], height=0.1, italic=False, languageStyle='LTR', name='textPractice', opacity=1.0, ori=0, pos=array([0., 0.]), rgb=array([255., 255., 255.]), text=str(...), units='norm', win=Window(...), wrapWidth=1)
9.4034 	EXP 	Created image = ImageStim(__class__=<class 'psychopy.visual.image.ImageStim'>, autoLog=True, color=array([1., 1., 1.]), colorSpace='rgb', contrast=1.0, depth=-1.0, flipHoriz=False, flipVert=False, image='sin', interpolate=True, mask=None, maskParams=None, name='image', opacity=1.0, ori=0.0, pos=array([0., 0.]), size=array([0.5, 0.5]), texRes=128, units='height', win=Window(...))
9.4135 	EXP 	Created noise = NoiseStim(__class__=<class 'psychopy.visual.noise.NoiseStim'>, autoDraw=False, autoLog=True, blendmode='avg', color=array([1., 1., 1.]), colorSpace='rgb', contrast=1.0, depth=-2.0, interpolate=False, mask='none', maskParams=None, name='noise', opacity=1.0, ori=0.0, phase=array([0., 0.]), pos=array([0., 0.]), rgbPedestal=array([0., 0., 0.]), sf=array([1., 1.]), size=array([0.5, 0.5]), tex='sin', texRes=128, units='norm', win=Window(...))
9.4728 	EXP 	Created textExperiment = TextStim(__class__=<class 'psychopy.visual.text.TextStim'>, alignHoriz='center', alignVert='center', antialias=True, autoLog=True, bold=False, color='white', colorSpace='named', contrast=1.0, depth=0.0, flipHoriz=False, flipVert=False, font='Arial', fontFiles=[], height=0.1, italic=False, languageStyle='LTR', name='textExperiment', opacity=1.0, ori=0, pos=array([0., 0.]), rgb=array([255., 255., 255.]), text=str(...), units='norm', win=Window(...), wrapWidth=1)
9.4813 	EXP 	Created textThanks = TextStim(__class__=<class 'psychopy.visual.text.TextStim'>, alignHoriz='center', alignVert='center', antialias=True, autoLog=True, bold=False, color='white', colorSpace='named', contrast=1.0, depth=0.0, flipHoriz=False, flipVert=False, font='Arial', fontFiles=[], height=0.1, italic=False, languageStyle='LTR', name='textThanks', opacity=1.0, ori=0, pos=array([0., 0.]), rgb=array([255., 255., 255.]), text='Obrigado', units='norm', win=Window(...), wrapWidth=1)
9.5111 	EXP 	noise: blendmode = 'avg'
9.5111 	EXP 	noise: mask = None
9.5111 	EXP 	noise: texRes = 128
9.5111 	EXP 	noise: noiseType = 'Binary'
9.5111 	EXP 	noise: noiseImage = None
9.5111 	EXP 	noise: noiseElementSize = 0.0625
9.5111 	EXP 	noise: noiseBaseSf = 8.0
9.5111 	EXP 	noise: noiseBW = 1.0
9.5111 	EXP 	noise: noiseBWO = 1.0
9.5111 	EXP 	noise: noiseFractalPower = 0.0
9.5111 	EXP 	noise: noiseFilterUpper = 8.0
9.5111 	EXP 	noise: noiseFilterLower = 1.0
9.5111 	EXP 	noise: noiseFilterOrder = 0.0
9.5111 	EXP 	noise: noiseClip = 3.0
9.5111 	EXP 	noise: tex = array([[ 1.,  1., -1., -1., -1., -1., -1.,  1.],
       [-1.,  1.,  1.,  1.,  1., -1., -1.,  1.],
       [-1., -1.,  1., -1., -1.,  1.,  1.,  1.],
       [-1.,  1., -1., -1.,  1.,  1., -1.,  1.],
       [ 1., -1., -1., -1.,  1., -1.,  1.,  1.],
       [ 1., -1., -1., -1., -1.,  1.,  1.,  1.],
       [-1., -1.,  1.,  1.,  1.,  1.,  1., -1.],
       [-1.,  1., -1., -1.,  1., -1., -1.,  1.]])
9.5111 	EXP 	noise: tex = array([[ 1., -1., -1.,  1.,  1.,  1.,  1.,  1.],
       [-1.,  1.,  1.,  1., -1., -1., -1.,  1.],
       [-1., -1.,  1., -1.,  1., -1., -1., -1.],
       [-1., -1., -1.,  1., -1.,  1., -1.,  1.],
       [ 1., -1.,  1., -1., -1., -1.,  1.,  1.],
       [-1., -1.,  1.,  1., -1., -1.,  1.,  1.],
       [-1.,  1., -1.,  1., -1.,  1.,  1.,  1.],
       [-1., -1., -1., -1.,  1.,  1.,  1.,  1.]])
9.5111 	EXP 	text: text = 'Bem vindo. \nLeia as instrucoes no papel.'
9.5111 	EXP 	text: autoDraw = True
10.0164 	DATA 	Keypress: t
10.0265 	EXP 	text: autoDraw = False
10.0265 	EXP 	textPractice: autoDraw = True
10.7942 	DATA 	Keypress: t
10.8061 	EXP 	Imported practiceBlock.csv as conditions, 22 conditions, 2 params
10.8067 	EXP 	Created sequence: random, trialTypes=22, nReps=5, seed=None
10.8071 	EXP 	New trial (rep=0, index=0): OrderedDict([('stimFile', 'stims/004.i.jpg'), ('Valence', 'Practice')])
11.0799 	EXP 	window1: mouseVisible = True
5.9719 	WARNING 	User requested fullscreen with size [1440  900], but screen is actually [1280, 800]. Using actual size
6.6510 	EXP 	Created window1 = Window(allowGUI=False, allowStencil=False, args=UNKNOWN, autoLog=True, bitsMode=UNKNOWN, blendMode='avg', color=array([0., 0., 0.]), colorSpace='rgb', fullscr=<method-wrapper '__getattribute__' of attributeSetter object at 0x1245afd30>, gamma=None, kwargs=UNKNOWN, lms=UNKNOWN, monitor=<psychopy.monitors.calibTools.Monitor object at 0x127da6fd0>, multiSample=False, name='window1', numSamples=2, pos=[0.0, 0.0], screen=0, size=array([1280,  800]), stereo=False, units='norm', useFBO=True, useRetina=False, viewOri=0.0, viewPos=None, viewScale=None, waitBlanking=True, winType='pyglet')
6.6510 	EXP 	window1: recordFrameIntervals = False
6.8166 	EXP 	window1: recordFrameIntervals = True
6.9995 	EXP 	window1: recordFrameIntervals = False
7.1035 	EXP 	Created text = TextStim(__class__=<class 'psychopy.visual.text.TextStim'>, alignHoriz='center', alignVert='center', antialias=True, autoLog=True, bold=False, color='white', colorSpace='named', contrast=1.0, depth=0.0, flipHoriz=False, flipVert=False, font='Arial', fontFiles=[], height=0.1, italic=False, languageStyle='LTR', name='text', opacity=1.0, ori=0, pos=array([0., 0.]), rgb=array([255., 255., 255.]), text='default text', units='norm', win=Window(...), wrapWidth=1)
7.1767 	EXP 	Created textPractice = TextStim(__class__=<class 'psychopy.visual.text.TextStim'>, alignHoriz='center', alignVert='center', antialias=True, autoLog=True, bold=False, color='white', colorSpace='named', contrast=1.0, depth=0.0, flipHoriz=False, flipVert=False, font='Arial', fontFiles=[], height=0.1, italic=False, languageStyle='LTR', name='textPractice', opacity=1.0, ori=0, pos=array([0., 0.]), rgb=array([255., 255., 255.]), text=str(...), units='norm', win=Window(...), wrapWidth=1)
7.1794 	EXP 	Created image = ImageStim(__class__=<class 'psychopy.visual.image.ImageStim'>, autoLog=True, color=array([1., 1., 1.]), colorSpace='rgb', contrast=1.0, depth=-1.0, flipHoriz=False, flipVert=False, image='sin', interpolate=True, mask=None, maskParams=None, name='image', opacity=1.0, ori=0.0, pos=array([0., 0.]), size=array([0.5, 0.5]), texRes=128, units='height', win=Window(...))
7.1889 	EXP 	Created noise = NoiseStim(__class__=<class 'psychopy.visual.noise.NoiseStim'>, autoDraw=False, autoLog=True, blendmode='avg', color=array([1., 1., 1.]), colorSpace='rgb', contrast=1.0, depth=-2.0, interpolate=False, mask='none', maskParams=None, name='noise', opacity=1.0, ori=0.0, phase=array([0., 0.]), pos=array([0., 0.]), rgbPedestal=array([0., 0., 0.]), sf=array([1., 1.]), size=array([0.5, 0.5]), tex='sin', texRes=128, units='norm', win=Window(...))
7.2494 	EXP 	Created textExperiment = TextStim(__class__=<class 'psychopy.visual.text.TextStim'>, alignHoriz='center', alignVert='center', antialias=True, autoLog=True, bold=False, color='white', colorSpace='named', contrast=1.0, depth=0.0, flipHoriz=False, flipVert=False, font='Arial', fontFiles=[], height=0.1, italic=False, languageStyle='LTR', name='textExperiment', opacity=1.0, ori=0, pos=array([0., 0.]), rgb=array([255., 255., 255.]), text=str(...), units='norm', win=Window(...), wrapWidth=1)
7.2567 	EXP 	Created textThanks = TextStim(__class__=<class 'psychopy.visual.text.TextStim'>, alignHoriz='center', alignVert='center', antialias=True, autoLog=True, bold=False, color='white', colorSpace='named', contrast=1.0, depth=0.0, flipHoriz=False, flipVert=False, font='Arial', fontFiles=[], height=0.1, italic=False, languageStyle='LTR', name='textThanks', opacity=1.0, ori=0, pos=array([0., 0.]), rgb=array([255., 255., 255.]), text='Obrigado', units='norm', win=Window(...), wrapWidth=1)
7.2810 	EXP 	noise: blendmode = 'avg'
7.2810 	EXP 	noise: mask = None
7.2810 	EXP 	noise: texRes = 128
7.2810 	EXP 	noise: noiseType = 'Binary'
7.2810 	EXP 	noise: noiseImage = None
7.2810 	EXP 	noise: noiseElementSize = 0.0625
7.2810 	EXP 	noise: noiseBaseSf = 8.0
7.2810 	EXP 	noise: noiseBW = 1.0
7.2810 	EXP 	noise: noiseBWO = 1.0
7.2810 	EXP 	noise: noiseFractalPower = 0.0
7.2810 	EXP 	noise: noiseFilterUpper = 8.0
7.2810 	EXP 	noise: noiseFilterLower = 1.0
7.2810 	EXP 	noise: noiseFilterOrder = 0.0
7.2810 	EXP 	noise: noiseClip = 3.0
7.2810 	EXP 	noise: tex = array([[ 1.,  1., -1., -1., -1.,  1.,  1.,  1.],
       [ 1.,  1., -1., -1.,  1.,  1., -1.,  1.],
       [ 1., -1.,  1., -1.,  1.,  1.,  1., -1.],
       [-1., -1., -1., -1.,  1.,  1.,  1., -1.],
       [-1.,  1.,  1., -1.,  1., -1., -1., -1.],
       [-1., -1., -1.,  1., -1., -1.,  1., -1.],
       [ 1.,  1.,  1.,  1.,  1.,  1., -1., -1.],
       [-1.,  1., -1., -1.,  1., -1., -1.,  1.]])
7.2810 	EXP 	noise: tex = array([[-1., -1., -1.,  1.,  1.,  1., -1.,  1.],
       [ 1.,  1., -1.,  1.,  1.,  1., -1.,  1.],
       [-1., -1.,  1.,  1.,  1., -1.,  1., -1.],
       [ 1.,  1.,  1.,  1., -1., -1.,  1., -1.],
       [-1.,  1., -1., -1.,  1.,  1., -1.,  1.],
       [-1., -1., -1., -1., -1., -1.,  1., -1.],
       [ 1., -1.,  1.,  1.,  1.,  1., -1.,  1.],
       [ 1., -1., -1., -1., -1.,  1., -1., -1.]])
7.2810 	EXP 	text: text = 'Bem vindo. \nLeia as instrucoes no papel.'
7.2810 	EXP 	text: autoDraw = True
8.1267 	DATA 	Keypress: t
8.1463 	EXP 	text: autoDraw = False
8.1463 	EXP 	textPractice: autoDraw = True
8.7473 	DATA 	Keypress: t
8.7545 	EXP 	Imported practiceBlock.csv as conditions, 22 conditions, 2 params
8.7551 	EXP 	Created sequence: random, trialTypes=22, nReps=5, seed=None
8.7555 	EXP 	New trial (rep=0, index=0): OrderedDict([('stimFile', 'stims/002.i.jpg'), ('Valence', 'Practice')])
9.0281 	EXP 	window1: mouseVisible = True
