6.4347 	WARNING 	User requested fullscreen with size [1440  900], but screen is actually [1280, 800]. Using actual size
7.1477 	EXP 	Created window1 = Window(allowGUI=False, allowStencil=False, args=UNKNOWN, autoLog=True, bitsMode=UNKNOWN, blendMode='avg', color=array([0., 0., 0.]), colorSpace='rgb', fullscr=<method-wrapper '__getattribute__' of attributeSetter object at 0x1242d0dd8>, gamma=None, kwargs=UNKNOWN, lms=UNKNOWN, monitor=<psychopy.monitors.calibTools.Monitor object at 0x128336668>, multiSample=False, name='window1', numSamples=2, pos=[0.0, 0.0], screen=0, size=array([1280,  800]), stereo=False, units='norm', useFBO=True, useRetina=False, viewOri=0.0, viewPos=None, viewScale=None, waitBlanking=True, winType='pyglet')
7.1478 	EXP 	window1: recordFrameIntervals = False
7.3130 	EXP 	window1: recordFrameIntervals = True
7.4964 	EXP 	window1: recordFrameIntervals = False
7.6017 	EXP 	Created text = TextStim(__class__=<class 'psychopy.visual.text.TextStim'>, alignHoriz='center', alignVert='center', antialias=True, autoLog=True, bold=False, color='white', colorSpace='named', contrast=1.0, depth=0.0, flipHoriz=False, flipVert=False, font='Arial', fontFiles=[], height=0.1, italic=False, languageStyle='LTR', name='text', opacity=1.0, ori=0, pos=array([0., 0.]), rgb=array([255., 255., 255.]), text='default text', units='norm', win=Window(...), wrapWidth=1)
7.6831 	EXP 	Created textPractice = TextStim(__class__=<class 'psychopy.visual.text.TextStim'>, alignHoriz='center', alignVert='center', antialias=True, autoLog=True, bold=False, color='white', colorSpace='named', contrast=1.0, depth=0.0, flipHoriz=False, flipVert=False, font='Arial', fontFiles=[], height=0.1, italic=False, languageStyle='LTR', name='textPractice', opacity=1.0, ori=0, pos=array([0., 0.]), rgb=array([255., 255., 255.]), text=str(...), units='norm', win=Window(...), wrapWidth=1)
7.6866 	EXP 	Created image = ImageStim(__class__=<class 'psychopy.visual.image.ImageStim'>, autoLog=True, color=array([1., 1., 1.]), colorSpace='rgb', contrast=1.0, depth=0.0, flipHoriz=False, flipVert=False, image='sin', interpolate=True, mask=None, maskParams=None, name='image', opacity=1.0, ori=0.0, pos=array([0., 0.]), size=array([0.5, 0.5]), texRes=128, units='height', win=Window(...))
7.6965 	EXP 	Created noise_2 = NoiseStim(__class__=<class 'psychopy.visual.noise.NoiseStim'>, autoDraw=False, autoLog=True, blendmode='avg', color=array([1., 1., 1.]), colorSpace='rgb', contrast=1.0, depth=-2.0, interpolate=False, mask='none', maskParams=None, name='noise_2', opacity=1.0, ori=0.0, phase=array([0., 0.]), pos=array([0., 0.]), rgbPedestal=array([0., 0., 0.]), sf=array([1., 1.]), size=array([0.5, 0.5]), tex='sin', texRes=128, units='norm', win=Window(...))
7.7603 	EXP 	Created textExperiment = TextStim(__class__=<class 'psychopy.visual.text.TextStim'>, alignHoriz='center', alignVert='center', antialias=True, autoLog=True, bold=False, color='white', colorSpace='named', contrast=1.0, depth=0.0, flipHoriz=False, flipVert=False, font='Arial', fontFiles=[], height=0.1, italic=False, languageStyle='LTR', name='textExperiment', opacity=1.0, ori=0, pos=array([0., 0.]), rgb=array([255., 255., 255.]), text=str(...), units='norm', win=Window(...), wrapWidth=1)
7.7691 	EXP 	Created textTask = TextStim(__class__=<class 'psychopy.visual.text.TextStim'>, alignHoriz='center', alignVert='center', antialias=True, autoLog=True, bold=False, color='white', colorSpace='named', contrast=1.0, depth=0.0, flipHoriz=False, flipVert=False, font='Arial', fontFiles=[], height=0.1, italic=False, languageStyle='LTR', name='textTask', opacity=1.0, ori=0, pos=array([0., 0.]), rgb=array([255., 255., 255.]), text='Bloque nuevo', units='norm', win=Window(...), wrapWidth=1)
7.7715 	EXP 	Created image_2 = ImageStim(__class__=<class 'psychopy.visual.image.ImageStim'>, autoLog=True, color=array([1., 1., 1.]), colorSpace='rgb', contrast=1.0, depth=0.0, flipHoriz=False, flipVert=False, image='sin', interpolate=True, mask=None, maskParams=None, name='image_2', opacity=1.0, ori=0.0, pos=array([0., 0.]), size=array([0.5, 0.5]), texRes=128, units='norm', win=Window(...))
7.7741 	EXP 	Created noise = NoiseStim(__class__=<class 'psychopy.visual.noise.NoiseStim'>, autoDraw=False, autoLog=True, blendmode='avg', color=array([1., 1., 1.]), colorSpace='rgb', contrast=1.0, depth=-1.0, interpolate=False, mask='none', maskParams=None, name='noise', opacity=1.0, ori=0.0, phase=array([0., 0.]), pos=array([0., 0.]), rgbPedestal=array([0., 0., 0.]), sf=array([1., 1.]), size=array([0.5, 0.5]), tex='sin', texRes=128, units='norm', win=Window(...))
7.7864 	EXP 	Created textThanks = TextStim(__class__=<class 'psychopy.visual.text.TextStim'>, alignHoriz='center', alignVert='center', antialias=True, autoLog=True, bold=False, color='white', colorSpace='named', contrast=1.0, depth=0.0, flipHoriz=False, flipVert=False, font='Arial', fontFiles=[], height=0.1, italic=False, languageStyle='LTR', name='textThanks', opacity=1.0, ori=0, pos=array([0., 0.]), rgb=array([255., 255., 255.]), text='Obrigado', units='norm', win=Window(...), wrapWidth=1)
7.8114 	EXP 	noise_2: blendmode = 'avg'
7.8114 	EXP 	noise_2: mask = None
7.8114 	EXP 	noise_2: texRes = 128
7.8114 	EXP 	noise_2: noiseType = 'Binary'
7.8114 	EXP 	noise_2: noiseImage = None
7.8114 	EXP 	noise_2: noiseElementSize = 0.0625
7.8114 	EXP 	noise_2: noiseBaseSf = 8.0
7.8114 	EXP 	noise_2: noiseBW = 1.0
7.8114 	EXP 	noise_2: noiseBWO = 1.0
7.8114 	EXP 	noise_2: noiseFractalPower = 0.0
7.8114 	EXP 	noise_2: noiseFilterUpper = 8.0
7.8114 	EXP 	noise_2: noiseFilterLower = 1.0
7.8114 	EXP 	noise_2: noiseFilterOrder = 0.0
7.8114 	EXP 	noise_2: noiseClip = 3.0
7.8114 	EXP 	noise_2: tex = array([[ 1., -1., -1.,  1., -1., -1.,  1., -1.],
       [ 1.,  1.,  1., -1., -1., -1.,  1., -1.],
       [-1., -1.,  1.,  1.,  1., -1.,  1., -1.],
       [ 1.,  1., -1.,  1., -1., -1., -1., -1.],
       [ 1., -1., -1.,  1., -1., -1.,  1., -1.],
       [-1., -1.,  1., -1.,  1.,  1., -1., -1.],
       [-1., -1.,  1., -1.,  1., -1.,  1.,  1.],
       [ 1.,  1.,  1.,  1.,  1.,  1.,  1.,  1.]])
7.8114 	EXP 	noise_2: tex = array([[-1., -1.,  1., -1.,  1., -1.,  1.,  1.],
       [ 1.,  1.,  1.,  1., -1.,  1., -1., -1.],
       [ 1., -1., -1., -1.,  1., -1., -1., -1.],
       [ 1.,  1.,  1., -1.,  1., -1., -1., -1.],
       [-1.,  1.,  1., -1.,  1.,  1., -1.,  1.],
       [ 1., -1.,  1., -1., -1.,  1., -1.,  1.],
       [-1., -1.,  1., -1.,  1., -1.,  1.,  1.],
       [ 1.,  1.,  1., -1., -1.,  1., -1., -1.]])
7.8114 	EXP 	noise: blendmode = 'avg'
7.8114 	EXP 	noise: mask = None
7.8114 	EXP 	noise: texRes = 128
7.8114 	EXP 	noise: noiseType = 'Binary'
7.8114 	EXP 	noise: noiseImage = None
7.8114 	EXP 	noise: noiseElementSize = 0.0625
7.8114 	EXP 	noise: noiseBaseSf = 8.0
7.8114 	EXP 	noise: noiseBW = 1.0
7.8114 	EXP 	noise: noiseBWO = 1.0
7.8114 	EXP 	noise: noiseFractalPower = 0.0
7.8114 	EXP 	noise: noiseFilterUpper = 8.0
7.8114 	EXP 	noise: noiseFilterLower = 1.0
7.8114 	EXP 	noise: noiseFilterOrder = 0.0
7.8114 	EXP 	noise: noiseClip = 3.0
7.8114 	EXP 	noise: tex = array([[-1., -1., -1., -1., -1., -1.,  1., -1.],
       [ 1.,  1.,  1., -1., -1.,  1.,  1., -1.],
       [-1., -1., -1.,  1.,  1.,  1., -1., -1.],
       [-1.,  1.,  1.,  1.,  1., -1., -1., -1.],
       [ 1., -1., -1.,  1.,  1.,  1., -1.,  1.],
       [ 1.,  1.,  1.,  1.,  1.,  1.,  1.,  1.],
       [-1., -1.,  1., -1.,  1.,  1., -1., -1.],
       [ 1., -1.,  1., -1.,  1., -1., -1., -1.]])
7.8114 	EXP 	noise: tex = array([[-1., -1., -1.,  1.,  1., -1.,  1., -1.],
       [-1., -1.,  1.,  1., -1., -1.,  1., -1.],
       [ 1.,  1.,  1., -1., -1., -1., -1.,  1.],
       [-1.,  1.,  1.,  1., -1.,  1., -1.,  1.],
       [-1., -1.,  1.,  1.,  1.,  1., -1.,  1.],
       [-1., -1.,  1., -1., -1., -1.,  1.,  1.],
       [ 1., -1., -1., -1.,  1.,  1.,  1.,  1.],
       [ 1., -1.,  1., -1.,  1.,  1., -1., -1.]])
7.8114 	EXP 	text: text = 'Bem vindo. \nLeia as instrucoes no papel.'
7.8114 	EXP 	text: autoDraw = True
9.3865 	DATA 	Keypress: t
9.4074 	EXP 	text: autoDraw = False
9.4074 	EXP 	textPractice: autoDraw = True
10.7917 	DATA 	Keypress: t
10.8145 	EXP 	Imported practiceBlock.csv as conditions, 22 conditions, 2 params
10.8155 	EXP 	Created sequence: random, trialTypes=22, nReps=5, seed=None
10.8164 	EXP 	New trial (rep=0, index=0): OrderedDict([('stimFile', 'stims/021.i.jpg'), ('Valence', 'Practice')])
10.8876 	EXP 	textPractice: autoDraw = False
10.8876 	EXP 	image: image = 'stims/021.i.jpg'
10.8876 	EXP 	image: autoDraw = True
11.5362 	EXP 	image: autoDraw = False
11.5362 	EXP 	noise_2: autoDraw = True
12.5335 	EXP 	noise_2: autoDraw = False
22.8793 	DATA 	Keypress: escape
23.1540 	EXP 	window1: mouseVisible = True
