7.9087 	WARNING 	User requested fullscreen with size [1440  900], but screen is actually [1280, 800]. Using actual size
8.6040 	EXP 	Created window1 = Window(allowGUI=False, allowStencil=False, args=UNKNOWN, autoLog=True, bitsMode=UNKNOWN, blendMode='avg', color=array([0., 0., 0.]), colorSpace='rgb', fullscr=<method-wrapper '__getattribute__' of attributeSetter object at 0x123be7e48>, gamma=None, kwargs=UNKNOWN, lms=UNKNOWN, monitor=<psychopy.monitors.calibTools.Monitor object at 0x1280ee6a0>, multiSample=False, name='window1', numSamples=2, pos=[0.0, 0.0], screen=0, size=array([1280,  800]), stereo=False, units='norm', useFBO=True, useRetina=False, viewOri=0.0, viewPos=None, viewScale=None, waitBlanking=True, winType='pyglet')
8.6041 	EXP 	window1: recordFrameIntervals = False
8.7699 	EXP 	window1: recordFrameIntervals = True
8.9531 	EXP 	window1: recordFrameIntervals = False
9.0721 	EXP 	Created textWS = TextStim(__class__=<class 'psychopy.visual.text.TextStim'>, alignHoriz='center', alignVert='center', antialias=True, autoLog=True, bold=False, color='white', colorSpace='named', contrast=1.0, depth=0.0, flipHoriz=False, flipVert=False, font='Arial', fontFiles=[], height=0.1, italic=False, languageStyle='LTR', name='textWS', opacity=1.0, ori=0, pos=array([0., 0.]), rgb=array([255., 255., 255.]), text='default text', units='norm', win=Window(...), wrapWidth=1)
9.1456 	EXP 	Created textPractice = TextStim(__class__=<class 'psychopy.visual.text.TextStim'>, alignHoriz='center', alignVert='center', antialias=True, autoLog=True, bold=False, color='white', colorSpace='named', contrast=1.0, depth=0.0, flipHoriz=False, flipVert=False, font='Arial', fontFiles=[], height=0.1, italic=False, languageStyle='LTR', name='textPractice', opacity=1.0, ori=0, pos=array([0., 0.]), rgb=array([255., 255., 255.]), text=str(...), units='norm', win=Window(...), wrapWidth=1)
9.1555 	EXP 	Created imageprobando = ImageStim(__class__=<class 'psychopy.visual.image.ImageStim'>, autoLog=True, color=array([1., 1., 1.]), colorSpace='rgb', contrast=1.0, depth=0.0, flipHoriz=False, flipVert=False, image='sin', interpolate=True, mask=None, maskParams=None, name='imageprobando', opacity=1.0, ori=0.0, pos=array([0., 0.]), size=array([0.5, 0.5]), texRes=128, units='norm', win=Window(...))
9.1655 	EXP 	Created noisePractice = NoiseStim(__class__=<class 'psychopy.visual.noise.NoiseStim'>, autoDraw=False, autoLog=True, blendmode='avg', color=array([1., 1., 1.]), colorSpace='rgb', contrast=1.0, depth=-1.0, interpolate=False, mask='none', maskParams=None, name='noisePractice', opacity=1.0, ori=0.0, phase=array([0., 0.]), pos=array([0., 0.]), rgbPedestal=array([0., 0., 0.]), sf=array([1., 1.]), size=array([0.5, 0.5]), tex='sin', texRes=128, units='norm', win=Window(...))
9.2312 	EXP 	Created textExperiment = TextStim(__class__=<class 'psychopy.visual.text.TextStim'>, alignHoriz='center', alignVert='center', antialias=True, autoLog=True, bold=False, color='white', colorSpace='named', contrast=1.0, depth=0.0, flipHoriz=False, flipVert=False, font='Arial', fontFiles=[], height=0.1, italic=False, languageStyle='LTR', name='textExperiment', opacity=1.0, ori=0, pos=array([0., 0.]), rgb=array([255., 255., 255.]), text=str(...), units='norm', win=Window(...), wrapWidth=1)
9.2389 	EXP 	Created textTask = TextStim(__class__=<class 'psychopy.visual.text.TextStim'>, alignHoriz='center', alignVert='center', antialias=True, autoLog=True, bold=False, color='white', colorSpace='named', contrast=1.0, depth=0.0, flipHoriz=False, flipVert=False, font='Arial', fontFiles=[], height=0.1, italic=False, languageStyle='LTR', name='textTask', opacity=1.0, ori=0, pos=array([0., 0.]), rgb=array([255., 255., 255.]), text='Bloque nuevo', units='norm', win=Window(...), wrapWidth=1)
9.2410 	EXP 	Created image_2 = ImageStim(__class__=<class 'psychopy.visual.image.ImageStim'>, autoLog=True, color=array([1., 1., 1.]), colorSpace='rgb', contrast=1.0, depth=0.0, flipHoriz=False, flipVert=False, image='sin', interpolate=True, mask=None, maskParams=None, name='image_2', opacity=1.0, ori=0.0, pos=array([0., 0.]), size=array([0.5, 0.5]), texRes=128, units='norm', win=Window(...))
9.2436 	EXP 	Created noise = NoiseStim(__class__=<class 'psychopy.visual.noise.NoiseStim'>, autoDraw=False, autoLog=True, blendmode='avg', color=array([1., 1., 1.]), colorSpace='rgb', contrast=1.0, depth=-1.0, interpolate=False, mask='none', maskParams=None, name='noise', opacity=1.0, ori=0.0, phase=array([0., 0.]), pos=array([0., 0.]), rgbPedestal=array([0., 0., 0.]), sf=array([1., 1.]), size=array([0.5, 0.5]), tex='sin', texRes=128, units='norm', win=Window(...))
9.2546 	EXP 	Created textThanks = TextStim(__class__=<class 'psychopy.visual.text.TextStim'>, alignHoriz='center', alignVert='center', antialias=True, autoLog=True, bold=False, color='white', colorSpace='named', contrast=1.0, depth=0.0, flipHoriz=False, flipVert=False, font='Arial', fontFiles=[], height=0.1, italic=False, languageStyle='LTR', name='textThanks', opacity=1.0, ori=0, pos=array([0., 0.]), rgb=array([255., 255., 255.]), text='Obrigado', units='norm', win=Window(...), wrapWidth=1)
9.2847 	EXP 	noisePractice: blendmode = 'avg'
9.2847 	EXP 	noisePractice: mask = None
9.2847 	EXP 	noisePractice: texRes = 128
9.2847 	EXP 	noisePractice: noiseType = 'Binary'
9.2847 	EXP 	noisePractice: noiseImage = None
9.2847 	EXP 	noisePractice: noiseElementSize = 0.0625
9.2847 	EXP 	noisePractice: noiseBaseSf = 8.0
9.2847 	EXP 	noisePractice: noiseBW = 1.0
9.2847 	EXP 	noisePractice: noiseBWO = 1.0
9.2847 	EXP 	noisePractice: noiseFractalPower = 0.0
9.2847 	EXP 	noisePractice: noiseFilterUpper = 8.0
9.2847 	EXP 	noisePractice: noiseFilterLower = 1.0
9.2847 	EXP 	noisePractice: noiseFilterOrder = 0.0
9.2847 	EXP 	noisePractice: noiseClip = 3.0
9.2847 	EXP 	noisePractice: tex = array([[ 1., -1.,  1.,  1.,  1., -1.,  1., -1.],
       [-1., -1.,  1., -1., -1.,  1.,  1.,  1.],
       [ 1., -1.,  1., -1., -1.,  1.,  1.,  1.],
       [ 1.,  1., -1.,  1.,  1.,  1.,  1., -1.],
       [-1., -1., -1., -1.,  1.,  1.,  1.,  1.],
       [-1., -1.,  1.,  1., -1., -1., -1., -1.],
       [ 1., -1., -1., -1., -1., -1., -1., -1.],
       [-1.,  1.,  1.,  1., -1., -1.,  1.,  1.]])
9.2847 	EXP 	noisePractice: tex = array([[ 1.,  1.,  1.,  1., -1.,  1.,  1., -1.],
       [-1.,  1.,  1., -1.,  1.,  1.,  1., -1.],
       [ 1., -1., -1.,  1.,  1.,  1., -1.,  1.],
       [ 1., -1.,  1., -1.,  1.,  1.,  1., -1.],
       [-1., -1., -1., -1.,  1.,  1., -1.,  1.],
       [-1.,  1.,  1., -1.,  1., -1.,  1.,  1.],
       [-1.,  1.,  1., -1., -1., -1., -1., -1.],
       [-1., -1., -1., -1., -1., -1.,  1., -1.]])
9.2847 	EXP 	noise: blendmode = 'avg'
9.2847 	EXP 	noise: mask = None
9.2847 	EXP 	noise: texRes = 128
9.2847 	EXP 	noise: noiseType = 'Binary'
9.2847 	EXP 	noise: noiseImage = None
9.2847 	EXP 	noise: noiseElementSize = 0.0625
9.2847 	EXP 	noise: noiseBaseSf = 8.0
9.2847 	EXP 	noise: noiseBW = 1.0
9.2847 	EXP 	noise: noiseBWO = 1.0
9.2847 	EXP 	noise: noiseFractalPower = 0.0
9.2847 	EXP 	noise: noiseFilterUpper = 8.0
9.2847 	EXP 	noise: noiseFilterLower = 1.0
9.2847 	EXP 	noise: noiseFilterOrder = 0.0
9.2847 	EXP 	noise: noiseClip = 3.0
9.2847 	EXP 	noise: tex = array([[ 1.,  1., -1.,  1., -1.,  1., -1., -1.],
       [-1., -1., -1.,  1.,  1., -1.,  1.,  1.],
       [ 1., -1., -1.,  1.,  1.,  1., -1., -1.],
       [-1., -1., -1., -1.,  1.,  1., -1.,  1.],
       [-1.,  1.,  1., -1.,  1., -1.,  1.,  1.],
       [ 1.,  1.,  1., -1.,  1.,  1., -1.,  1.],
       [ 1., -1.,  1.,  1.,  1., -1., -1., -1.],
       [-1.,  1., -1., -1., -1., -1.,  1., -1.]])
9.2847 	EXP 	noise: tex = array([[ 1.,  1., -1.,  1.,  1., -1., -1., -1.],
       [ 1.,  1.,  1., -1.,  1., -1., -1.,  1.],
       [ 1., -1., -1.,  1.,  1., -1., -1.,  1.],
       [ 1., -1., -1., -1.,  1., -1.,  1.,  1.],
       [-1., -1.,  1.,  1.,  1., -1., -1., -1.],
       [ 1., -1.,  1., -1., -1.,  1., -1., -1.],
       [-1.,  1.,  1.,  1.,  1.,  1.,  1., -1.],
       [-1., -1., -1.,  1., -1.,  1.,  1., -1.]])
9.2847 	EXP 	textWS: text = 'Bem vindo. \nLeia as instrucoes no papel.'
9.2847 	EXP 	textWS: autoDraw = True
10.7367 	DATA 	Keypress: t
10.7439 	EXP 	Imported chooseBlock.csv as conditions, 1 conditions, 2 params
10.7443 	EXP 	Created sequence: random, trialTypes=1, nReps=1, seed=None
10.7447 	EXP 	New trial (rep=0, index=0): OrderedDict([('condsFile', 'practiceBlock.csv'), ('readyMsg', 'Pronto')])
10.7650 	EXP 	textWS: autoDraw = False
10.7650 	EXP 	textPractice: autoDraw = True
11.3833 	DATA 	Keypress: t
11.3884 	EXP 	Imported practiceBlock.csv as conditions, 22 conditions, 2 params
11.3888 	EXP 	Created sequence: random, trialTypes=22, nReps=1, seed=None
11.3892 	EXP 	New trial (rep=0, index=0): OrderedDict([('stimFile', 'stims/011.i.jpg'), ('Valence', 'Practice')])
11.4794 	EXP 	textPractice: autoDraw = False
11.4794 	EXP 	imageprobando: image = 'stims/011.i.jpg'
11.4794 	EXP 	imageprobando: autoDraw = True
12.0951 	EXP 	imageprobando: autoDraw = False
12.1119 	EXP 	noisePractice: autoDraw = True
13.0926 	EXP 	New trial (rep=0, index=1): OrderedDict([('stimFile', 'stims/005.i.jpg'), ('Valence', 'Practice')])
13.1091 	EXP 	imageprobando: autoDraw = False
13.1091 	EXP 	noisePractice: autoDraw = False
13.1091 	EXP 	imageprobando: image = 'stims/005.i.jpg'
13.1091 	EXP 	imageprobando: autoDraw = True
13.8076 	EXP 	imageprobando: autoDraw = False
13.8244 	EXP 	noisePractice: autoDraw = True
14.7894 	EXP 	New trial (rep=0, index=2): OrderedDict([('stimFile', 'stims/009.i.jpg'), ('Valence', 'Practice')])
14.8054 	EXP 	imageprobando: autoDraw = False
14.8054 	EXP 	noisePractice: autoDraw = False
14.8054 	EXP 	imageprobando: image = 'stims/009.i.jpg'
14.8054 	EXP 	imageprobando: autoDraw = True
15.5038 	EXP 	imageprobando: autoDraw = False
15.5205 	EXP 	noisePractice: autoDraw = True
16.4853 	EXP 	New trial (rep=0, index=3): OrderedDict([('stimFile', 'stims/002.i.jpg'), ('Valence', 'Practice')])
16.5007 	EXP 	imageprobando: autoDraw = False
16.5007 	EXP 	noisePractice: autoDraw = False
16.5007 	EXP 	imageprobando: image = 'stims/002.i.jpg'
16.5007 	EXP 	imageprobando: autoDraw = True
17.1999 	EXP 	imageprobando: autoDraw = False
17.2165 	EXP 	noisePractice: autoDraw = True
18.1820 	EXP 	New trial (rep=0, index=4): OrderedDict([('stimFile', 'stims/003.i.jpg'), ('Valence', 'Practice')])
18.1975 	EXP 	noisePractice: autoDraw = False
18.1975 	EXP 	imageprobando: autoDraw = False
18.1975 	EXP 	noisePractice: autoDraw = False
18.1975 	EXP 	imageprobando: image = 'stims/003.i.jpg'
18.1975 	EXP 	imageprobando: autoDraw = True
18.8949 	EXP 	imageprobando: autoDraw = False
18.9126 	EXP 	noisePractice: autoDraw = True
19.8780 	EXP 	New trial (rep=0, index=5): OrderedDict([('stimFile', 'stims/022.i.jpg'), ('Valence', 'Practice')])
19.8931 	EXP 	noisePractice: autoDraw = False
19.8931 	EXP 	imageprobando: autoDraw = False
19.8931 	EXP 	noisePractice: autoDraw = False
19.8931 	EXP 	imageprobando: image = 'stims/022.i.jpg'
19.8931 	EXP 	imageprobando: autoDraw = True
20.5919 	EXP 	imageprobando: autoDraw = False
20.6086 	EXP 	noisePractice: autoDraw = True
21.5733 	EXP 	New trial (rep=0, index=6): OrderedDict([('stimFile', 'stims/017.i.jpg'), ('Valence', 'Practice')])
21.5885 	EXP 	noisePractice: autoDraw = False
21.5885 	EXP 	imageprobando: autoDraw = False
21.5885 	EXP 	noisePractice: autoDraw = False
21.5885 	EXP 	imageprobando: image = 'stims/017.i.jpg'
21.5885 	EXP 	imageprobando: autoDraw = True
22.2876 	EXP 	imageprobando: autoDraw = False
22.3044 	EXP 	noisePractice: autoDraw = True
23.2700 	EXP 	New trial (rep=0, index=7): OrderedDict([('stimFile', 'stims/013.i.jpg'), ('Valence', 'Practice')])
23.2845 	EXP 	noisePractice: autoDraw = False
23.2845 	EXP 	imageprobando: autoDraw = False
23.2845 	EXP 	noisePractice: autoDraw = False
23.2845 	EXP 	imageprobando: image = 'stims/013.i.jpg'
23.2845 	EXP 	imageprobando: autoDraw = True
23.9836 	EXP 	imageprobando: autoDraw = False
24.0003 	EXP 	noisePractice: autoDraw = True
24.9660 	EXP 	New trial (rep=0, index=8): OrderedDict([('stimFile', 'stims/012.i.jpg'), ('Valence', 'Practice')])
24.9813 	EXP 	noisePractice: autoDraw = False
24.9813 	EXP 	imageprobando: autoDraw = False
24.9813 	EXP 	noisePractice: autoDraw = False
24.9813 	EXP 	imageprobando: image = 'stims/012.i.jpg'
24.9813 	EXP 	imageprobando: autoDraw = True
25.6797 	EXP 	imageprobando: autoDraw = False
25.6965 	EXP 	noisePractice: autoDraw = True
26.6620 	EXP 	New trial (rep=0, index=9): OrderedDict([('stimFile', 'stims/014.i.jpg'), ('Valence', 'Practice')])
26.6776 	EXP 	noisePractice: autoDraw = False
26.6776 	EXP 	imageprobando: autoDraw = False
26.6776 	EXP 	noisePractice: autoDraw = False
26.6776 	EXP 	imageprobando: image = 'stims/014.i.jpg'
26.6776 	EXP 	imageprobando: autoDraw = True
27.3757 	EXP 	imageprobando: autoDraw = False
27.3924 	EXP 	noisePractice: autoDraw = True
28.3580 	EXP 	New trial (rep=0, index=10): OrderedDict([('stimFile', 'stims/020.i.jpg'), ('Valence', 'Practice')])
28.3731 	EXP 	noisePractice: autoDraw = False
28.3731 	EXP 	imageprobando: autoDraw = False
28.3731 	EXP 	noisePractice: autoDraw = False
28.3731 	EXP 	imageprobando: image = 'stims/020.i.jpg'
28.3731 	EXP 	imageprobando: autoDraw = True
29.0716 	EXP 	imageprobando: autoDraw = False
29.0885 	EXP 	noisePractice: autoDraw = True
30.0536 	EXP 	New trial (rep=0, index=11): OrderedDict([('stimFile', 'stims/004.i.jpg'), ('Valence', 'Practice')])
30.0690 	EXP 	noisePractice: autoDraw = False
30.0690 	EXP 	imageprobando: autoDraw = False
30.0690 	EXP 	noisePractice: autoDraw = False
30.0690 	EXP 	imageprobando: image = 'stims/004.i.jpg'
30.0690 	EXP 	imageprobando: autoDraw = True
30.7679 	EXP 	imageprobando: autoDraw = False
30.7846 	EXP 	noisePractice: autoDraw = True
31.7501 	EXP 	New trial (rep=0, index=12): OrderedDict([('stimFile', 'stims/018.i.jpg'), ('Valence', 'Practice')])
31.7644 	EXP 	noisePractice: autoDraw = False
31.7644 	EXP 	imageprobando: autoDraw = False
31.7644 	EXP 	noisePractice: autoDraw = False
31.7644 	EXP 	imageprobando: image = 'stims/018.i.jpg'
31.7644 	EXP 	imageprobando: autoDraw = True
32.4638 	EXP 	imageprobando: autoDraw = False
32.4804 	EXP 	noisePractice: autoDraw = True
33.4458 	EXP 	New trial (rep=0, index=13): OrderedDict([('stimFile', 'stims/007.i.jpg'), ('Valence', 'Practice')])
33.4606 	EXP 	noisePractice: autoDraw = False
33.4606 	EXP 	imageprobando: autoDraw = False
33.4606 	EXP 	noisePractice: autoDraw = False
33.4606 	EXP 	imageprobando: image = 'stims/007.i.jpg'
33.4606 	EXP 	imageprobando: autoDraw = True
34.1599 	EXP 	imageprobando: autoDraw = False
34.1765 	EXP 	noisePractice: autoDraw = True
35.1422 	EXP 	New trial (rep=0, index=14): OrderedDict([('stimFile', 'stims/021.i.jpg'), ('Valence', 'Practice')])
35.1579 	EXP 	noisePractice: autoDraw = False
35.1579 	EXP 	imageprobando: autoDraw = False
35.1579 	EXP 	noisePractice: autoDraw = False
35.1579 	EXP 	imageprobando: image = 'stims/021.i.jpg'
35.1579 	EXP 	imageprobando: autoDraw = True
35.8558 	EXP 	imageprobando: autoDraw = False
35.8727 	EXP 	noisePractice: autoDraw = True
36.8378 	EXP 	New trial (rep=0, index=15): OrderedDict([('stimFile', 'stims/008.i.jpg'), ('Valence', 'Practice')])
36.8532 	EXP 	noisePractice: autoDraw = False
36.8532 	EXP 	imageprobando: autoDraw = False
36.8532 	EXP 	noisePractice: autoDraw = False
36.8532 	EXP 	imageprobando: image = 'stims/008.i.jpg'
36.8532 	EXP 	imageprobando: autoDraw = True
37.5521 	EXP 	imageprobando: autoDraw = False
37.5683 	EXP 	noisePractice: autoDraw = True
38.5336 	EXP 	New trial (rep=0, index=16): OrderedDict([('stimFile', 'stims/006.i.jpg'), ('Valence', 'Practice')])
38.5492 	EXP 	noisePractice: autoDraw = False
38.5492 	EXP 	imageprobando: autoDraw = False
38.5492 	EXP 	noisePractice: autoDraw = False
38.5492 	EXP 	imageprobando: image = 'stims/006.i.jpg'
38.5492 	EXP 	imageprobando: autoDraw = True
39.2481 	EXP 	imageprobando: autoDraw = False
39.2646 	EXP 	noisePractice: autoDraw = True
40.2296 	EXP 	New trial (rep=0, index=17): OrderedDict([('stimFile', 'stims/016.i.jpg'), ('Valence', 'Practice')])
40.2453 	EXP 	noisePractice: autoDraw = False
40.2453 	EXP 	imageprobando: autoDraw = False
40.2453 	EXP 	noisePractice: autoDraw = False
40.2453 	EXP 	imageprobando: image = 'stims/016.i.jpg'
40.2453 	EXP 	imageprobando: autoDraw = True
40.9440 	EXP 	imageprobando: autoDraw = False
40.9607 	EXP 	noisePractice: autoDraw = True
41.9260 	EXP 	New trial (rep=0, index=18): OrderedDict([('stimFile', 'stims/015.i.jpg'), ('Valence', 'Practice')])
41.9584 	EXP 	noisePractice: autoDraw = False
41.9584 	EXP 	imageprobando: autoDraw = False
41.9584 	EXP 	noisePractice: autoDraw = False
41.9584 	EXP 	imageprobando: image = 'stims/015.i.jpg'
41.9584 	EXP 	imageprobando: autoDraw = True
42.6397 	EXP 	imageprobando: autoDraw = False
42.6567 	EXP 	noisePractice: autoDraw = True
43.6220 	EXP 	New trial (rep=0, index=19): OrderedDict([('stimFile', 'stims/001.i.jpg'), ('Valence', 'Practice')])
43.6370 	EXP 	noisePractice: autoDraw = False
43.6370 	EXP 	imageprobando: autoDraw = False
43.6370 	EXP 	noisePractice: autoDraw = False
43.6370 	EXP 	imageprobando: image = 'stims/001.i.jpg'
43.6370 	EXP 	imageprobando: autoDraw = True
44.3349 	EXP 	imageprobando: autoDraw = False
44.3527 	EXP 	noisePractice: autoDraw = True
45.3180 	EXP 	New trial (rep=0, index=20): OrderedDict([('stimFile', 'stims/019.i.jpg'), ('Valence', 'Practice')])
45.3332 	EXP 	noisePractice: autoDraw = False
45.3332 	EXP 	imageprobando: autoDraw = False
45.3332 	EXP 	noisePractice: autoDraw = False
45.3332 	EXP 	imageprobando: image = 'stims/019.i.jpg'
45.3332 	EXP 	imageprobando: autoDraw = True
46.0316 	EXP 	imageprobando: autoDraw = False
46.0485 	EXP 	noisePractice: autoDraw = True
47.0139 	EXP 	New trial (rep=0, index=21): OrderedDict([('stimFile', 'stims/010.i.jpg'), ('Valence', 'Practice')])
47.0293 	EXP 	noisePractice: autoDraw = False
47.0293 	EXP 	imageprobando: autoDraw = False
47.0293 	EXP 	noisePractice: autoDraw = False
47.0293 	EXP 	imageprobando: image = 'stims/010.i.jpg'
47.0293 	EXP 	imageprobando: autoDraw = True
47.7276 	EXP 	imageprobando: autoDraw = False
47.7445 	EXP 	noisePractice: autoDraw = True
48.7254 	EXP 	noisePractice: autoDraw = False
48.7254 	EXP 	imageprobando: autoDraw = False
48.7254 	EXP 	noisePractice: autoDraw = False
48.7254 	EXP 	textExperiment: autoDraw = True
76.5635 	DATA 	Keypress: escape
76.8419 	EXP 	window1: mouseVisible = True
