6.1807 	WARNING 	User requested fullscreen with size [1440  900], but screen is actually [1280, 800]. Using actual size
6.8763 	EXP 	Created window1 = Window(allowGUI=False, allowStencil=False, args=UNKNOWN, autoLog=True, bitsMode=UNKNOWN, blendMode='avg', color=array([0., 0., 0.]), colorSpace='rgb', fullscr=<method-wrapper '__getattribute__' of attributeSetter object at 0x123d04dd8>, gamma=None, kwargs=UNKNOWN, lms=UNKNOWN, monitor=<psychopy.monitors.calibTools.Monitor object at 0x128c345c0>, multiSample=False, name='window1', numSamples=2, pos=[0.0, 0.0], screen=0, size=array([1280,  800]), stereo=False, units='norm', useFBO=True, useRetina=False, viewOri=0.0, viewPos=None, viewScale=None, waitBlanking=True, winType='pyglet')
6.8763 	EXP 	window1: recordFrameIntervals = False
7.0411 	EXP 	window1: recordFrameIntervals = True
7.2246 	EXP 	window1: recordFrameIntervals = False
7.3287 	EXP 	Created text = TextStim(__class__=<class 'psychopy.visual.text.TextStim'>, alignHoriz='center', alignVert='center', antialias=True, autoLog=True, bold=False, color='white', colorSpace='named', contrast=1.0, depth=0.0, flipHoriz=False, flipVert=False, font='Arial', fontFiles=[], height=0.1, italic=False, languageStyle='LTR', name='text', opacity=1.0, ori=0, pos=array([0., 0.]), rgb=array([255., 255., 255.]), text='default text', units='norm', win=Window(...), wrapWidth=1)
7.4088 	EXP 	Created textPractice = TextStim(__class__=<class 'psychopy.visual.text.TextStim'>, alignHoriz='center', alignVert='center', antialias=True, autoLog=True, bold=False, color='white', colorSpace='named', contrast=1.0, depth=0.0, flipHoriz=False, flipVert=False, font='Arial', fontFiles=[], height=0.1, italic=False, languageStyle='LTR', name='textPractice', opacity=1.0, ori=0, pos=array([0., 0.]), rgb=array([255., 255., 255.]), text=str(...), units='norm', win=Window(...), wrapWidth=1)
7.4207 	EXP 	Created noise_4 = NoiseStim(__class__=<class 'psychopy.visual.noise.NoiseStim'>, autoDraw=False, autoLog=True, blendmode='avg', color=array([1., 1., 1.]), colorSpace='rgb', contrast=1.0, depth=0.0, interpolate=False, mask='none', maskParams=None, name='noise_4', opacity=1.0, ori=0.0, phase=array([0., 0.]), pos=array([0., 0.]), rgbPedestal=array([0., 0., 0.]), sf=array([1., 1.]), size=array([0.5, 0.5]), tex='sin', texRes=128, units='norm', win=Window(...))
7.4856 	EXP 	Created textExperiment = TextStim(__class__=<class 'psychopy.visual.text.TextStim'>, alignHoriz='center', alignVert='center', antialias=True, autoLog=True, bold=False, color='white', colorSpace='named', contrast=1.0, depth=0.0, flipHoriz=False, flipVert=False, font='Arial', fontFiles=[], height=0.1, italic=False, languageStyle='LTR', name='textExperiment', opacity=1.0, ori=0, pos=array([0., 0.]), rgb=array([255., 255., 255.]), text=str(...), units='norm', win=Window(...), wrapWidth=1)
7.4962 	EXP 	Created textTask = TextStim(__class__=<class 'psychopy.visual.text.TextStim'>, alignHoriz='center', alignVert='center', antialias=True, autoLog=True, bold=False, color='white', colorSpace='named', contrast=1.0, depth=0.0, flipHoriz=False, flipVert=False, font='Arial', fontFiles=[], height=0.1, italic=False, languageStyle='LTR', name='textTask', opacity=1.0, ori=0, pos=array([0., 0.]), rgb=array([255., 255., 255.]), text='Bloque nuevo', units='norm', win=Window(...), wrapWidth=1)
7.5052 	EXP 	Created image_2 = ImageStim(__class__=<class 'psychopy.visual.image.ImageStim'>, autoLog=True, color=array([1., 1., 1.]), colorSpace='rgb', contrast=1.0, depth=0.0, flipHoriz=False, flipVert=False, image='sin', interpolate=True, mask=None, maskParams=None, name='image_2', opacity=1.0, ori=0.0, pos=array([0., 0.]), size=array([0.5, 0.5]), texRes=128, units='norm', win=Window(...))
7.5082 	EXP 	Created noise = NoiseStim(__class__=<class 'psychopy.visual.noise.NoiseStim'>, autoDraw=False, autoLog=True, blendmode='avg', color=array([1., 1., 1.]), colorSpace='rgb', contrast=1.0, depth=-1.0, interpolate=False, mask='none', maskParams=None, name='noise', opacity=1.0, ori=0.0, phase=array([0., 0.]), pos=array([0., 0.]), rgbPedestal=array([0., 0., 0.]), sf=array([1., 1.]), size=array([0.5, 0.5]), tex='sin', texRes=128, units='norm', win=Window(...))
7.5202 	EXP 	Created textThanks = TextStim(__class__=<class 'psychopy.visual.text.TextStim'>, alignHoriz='center', alignVert='center', antialias=True, autoLog=True, bold=False, color='white', colorSpace='named', contrast=1.0, depth=0.0, flipHoriz=False, flipVert=False, font='Arial', fontFiles=[], height=0.1, italic=False, languageStyle='LTR', name='textThanks', opacity=1.0, ori=0, pos=array([0., 0.]), rgb=array([255., 255., 255.]), text='Obrigado', units='norm', win=Window(...), wrapWidth=1)
7.5571 	EXP 	noise_4: blendmode = 'avg'
7.5571 	EXP 	noise_4: mask = None
7.5571 	EXP 	noise_4: texRes = 128
7.5571 	EXP 	noise_4: noiseType = 'Binary'
7.5571 	EXP 	noise_4: noiseImage = None
7.5571 	EXP 	noise_4: noiseElementSize = 0.0625
7.5571 	EXP 	noise_4: noiseBaseSf = 8.0
7.5571 	EXP 	noise_4: noiseBW = 1.0
7.5571 	EXP 	noise_4: noiseBWO = 1.0
7.5571 	EXP 	noise_4: noiseFractalPower = 0.0
7.5571 	EXP 	noise_4: noiseFilterUpper = 8.0
7.5571 	EXP 	noise_4: noiseFilterLower = 1.0
7.5571 	EXP 	noise_4: noiseFilterOrder = 0.0
7.5571 	EXP 	noise_4: noiseClip = 3.0
7.5571 	EXP 	noise_4: tex = array([[ 1.,  1., -1.,  1., -1.,  1., -1., -1.],
       [ 1., -1.,  1.,  1.,  1., -1., -1., -1.],
       [-1., -1.,  1., -1.,  1., -1.,  1., -1.],
       [-1., -1., -1.,  1.,  1., -1., -1., -1.],
       [-1.,  1.,  1.,  1., -1., -1.,  1.,  1.],
       [-1., -1.,  1.,  1.,  1.,  1.,  1., -1.],
       [-1.,  1., -1.,  1.,  1.,  1., -1.,  1.],
       [-1.,  1.,  1., -1., -1.,  1.,  1., -1.]])
7.5571 	EXP 	noise_4: tex = array([[ 1., -1., -1., -1., -1., -1.,  1.,  1.],
       [-1., -1.,  1.,  1.,  1.,  1., -1.,  1.],
       [ 1., -1., -1.,  1., -1.,  1., -1.,  1.],
       [-1., -1.,  1., -1., -1., -1., -1.,  1.],
       [ 1., -1., -1., -1., -1.,  1., -1.,  1.],
       [ 1.,  1.,  1., -1., -1.,  1.,  1.,  1.],
       [ 1., -1.,  1., -1.,  1.,  1., -1.,  1.],
       [-1., -1., -1.,  1.,  1.,  1.,  1., -1.]])
7.5571 	EXP 	noise: blendmode = 'avg'
7.5571 	EXP 	noise: mask = None
7.5571 	EXP 	noise: texRes = 128
7.5571 	EXP 	noise: noiseType = 'Binary'
7.5571 	EXP 	noise: noiseImage = None
7.5571 	EXP 	noise: noiseElementSize = 0.0625
7.5571 	EXP 	noise: noiseBaseSf = 8.0
7.5571 	EXP 	noise: noiseBW = 1.0
7.5571 	EXP 	noise: noiseBWO = 1.0
7.5571 	EXP 	noise: noiseFractalPower = 0.0
7.5571 	EXP 	noise: noiseFilterUpper = 8.0
7.5571 	EXP 	noise: noiseFilterLower = 1.0
7.5571 	EXP 	noise: noiseFilterOrder = 0.0
7.5571 	EXP 	noise: noiseClip = 3.0
7.5571 	EXP 	noise: tex = array([[-1., -1.,  1., -1., -1., -1.,  1., -1.],
       [-1., -1.,  1.,  1.,  1., -1.,  1., -1.],
       [-1.,  1., -1., -1.,  1.,  1.,  1., -1.],
       [ 1., -1., -1., -1., -1.,  1., -1.,  1.],
       [-1.,  1., -1.,  1.,  1., -1., -1., -1.],
       [ 1.,  1.,  1., -1.,  1., -1.,  1., -1.],
       [ 1., -1., -1., -1.,  1.,  1.,  1.,  1.],
       [ 1.,  1.,  1., -1.,  1., -1.,  1.,  1.]])
7.5571 	EXP 	noise: tex = array([[-1., -1., -1., -1., -1.,  1., -1.,  1.],
       [-1.,  1., -1.,  1.,  1., -1.,  1.,  1.],
       [-1., -1., -1.,  1.,  1.,  1.,  1., -1.],
       [-1.,  1., -1., -1., -1., -1.,  1., -1.],
       [ 1., -1., -1., -1., -1.,  1., -1.,  1.],
       [ 1.,  1.,  1., -1., -1., -1.,  1.,  1.],
       [ 1., -1.,  1., -1., -1.,  1., -1.,  1.],
       [ 1.,  1.,  1.,  1., -1.,  1.,  1.,  1.]])
7.5571 	EXP 	text: text = 'Bem vindo. \nLeia as instrucoes no papel.'
7.5571 	EXP 	text: autoDraw = True
9.0730 	DATA 	Keypress: t
9.1029 	EXP 	text: autoDraw = False
9.1029 	EXP 	textPractice: autoDraw = True
10.9359 	DATA 	Keypress: t
11.2204 	EXP 	window1: mouseVisible = True
