7.2151 	WARNING 	User requested fullscreen with size [1440  900], but screen is actually [1280, 800]. Using actual size
7.9469 	EXP 	Created window1 = Window(allowGUI=False, allowStencil=False, args=UNKNOWN, autoLog=True, bitsMode=UNKNOWN, blendMode='avg', color=array([0., 0., 0.]), colorSpace='rgb', fullscr=<method-wrapper '__getattribute__' of attributeSetter object at 0x1242b8d30>, gamma=None, kwargs=UNKNOWN, lms=UNKNOWN, monitor=<psychopy.monitors.calibTools.Monitor object at 0x128370240>, multiSample=False, name='window1', numSamples=2, pos=[0.0, 0.0], screen=0, size=array([1280,  800]), stereo=False, units='norm', useFBO=True, useRetina=False, viewOri=0.0, viewPos=None, viewScale=None, waitBlanking=True, winType='pyglet')
7.9470 	EXP 	window1: recordFrameIntervals = False
8.1123 	EXP 	window1: recordFrameIntervals = True
8.2952 	EXP 	window1: recordFrameIntervals = False
8.4147 	EXP 	Created text = TextStim(__class__=<class 'psychopy.visual.text.TextStim'>, alignHoriz='center', alignVert='center', antialias=True, autoLog=True, bold=False, color='white', colorSpace='named', contrast=1.0, depth=0.0, flipHoriz=False, flipVert=False, font='Arial', fontFiles=[], height=0.1, italic=False, languageStyle='LTR', name='text', opacity=1.0, ori=0, pos=array([0., 0.]), rgb=array([255., 255., 255.]), text='default text', units='norm', win=Window(...), wrapWidth=1)
8.4933 	EXP 	Created textPractice = TextStim(__class__=<class 'psychopy.visual.text.TextStim'>, alignHoriz='center', alignVert='center', antialias=True, autoLog=True, bold=False, color='white', colorSpace='named', contrast=1.0, depth=0.0, flipHoriz=False, flipVert=False, font='Arial', fontFiles=[], height=0.1, italic=False, languageStyle='LTR', name='textPractice', opacity=1.0, ori=0, pos=array([0., 0.]), rgb=array([255., 255., 255.]), text=str(...), units='norm', win=Window(...), wrapWidth=1)
8.5046 	EXP 	Created image = ImageStim(__class__=<class 'psychopy.visual.image.ImageStim'>, autoLog=True, color=array([1., 1., 1.]), colorSpace='rgb', contrast=1.0, depth=0.0, flipHoriz=False, flipVert=False, image='sin', interpolate=True, mask=None, maskParams=None, name='image', opacity=1.0, ori=0.0, pos=array([0., 0.]), size=array([0.5, 0.5]), texRes=128, units='height', win=Window(...))
8.5109 	EXP 	Created text_2 = TextStim(__class__=<class 'psychopy.visual.text.TextStim'>, alignHoriz='center', alignVert='center', antialias=True, autoLog=True, bold=False, color='white', colorSpace='named', contrast=1.0, depth=-1.0, flipHoriz=False, flipVert=False, font='Arial', fontFiles=[], height=0.1, italic=False, languageStyle='LTR', name='text_2', opacity=1.0, ori=0, pos=array([0., 0.]), rgb=array([255., 255., 255.]), text='msg', units='norm', win=Window(...), wrapWidth=1)
8.5692 	EXP 	Created textExperiment = TextStim(__class__=<class 'psychopy.visual.text.TextStim'>, alignHoriz='center', alignVert='center', antialias=True, autoLog=True, bold=False, color='white', colorSpace='named', contrast=1.0, depth=0.0, flipHoriz=False, flipVert=False, font='Arial', fontFiles=[], height=0.1, italic=False, languageStyle='LTR', name='textExperiment', opacity=1.0, ori=0, pos=array([0., 0.]), rgb=array([255., 255., 255.]), text=str(...), units='norm', win=Window(...), wrapWidth=1)
8.5758 	EXP 	Created textThanks = TextStim(__class__=<class 'psychopy.visual.text.TextStim'>, alignHoriz='center', alignVert='center', antialias=True, autoLog=True, bold=False, color='white', colorSpace='named', contrast=1.0, depth=0.0, flipHoriz=False, flipVert=False, font='Arial', fontFiles=[], height=0.1, italic=False, languageStyle='LTR', name='textThanks', opacity=1.0, ori=0, pos=array([0., 0.]), rgb=array([255., 255., 255.]), text='Obrigado', units='norm', win=Window(...), wrapWidth=1)
8.6108 	EXP 	text: text = 'Bem vindo. \nLeia as instrucoes no papel.'
8.6108 	EXP 	text: autoDraw = True
10.2448 	DATA 	Keypress: t
10.2570 	EXP 	text: autoDraw = False
10.2570 	EXP 	textPractice: autoDraw = True
11.1075 	DATA 	Keypress: t
11.1200 	EXP 	Imported practiceBlock.csv as conditions, 22 conditions, 2 params
11.1208 	EXP 	Created sequence: random, trialTypes=22, nReps=5, seed=None
11.1212 	EXP 	New trial (rep=0, index=0): OrderedDict([('stimFile', 'stims/002.i.jpg'), ('Valence', 'Practice')])
11.2048 	EXP 	textPractice: autoDraw = False
11.2048 	EXP 	image: image = 'stims/002.i.jpg'
11.2048 	EXP 	image: autoDraw = True
11.8372 	EXP 	image: autoDraw = False
12.5563 	DATA 	Keypress: n
12.5687 	EXP 	image: autoDraw = False
12.5687 	EXP 	text_2: autoDraw = True
13.5510 	EXP 	New trial (rep=0, index=1): OrderedDict([('stimFile', 'stims/011.i.jpg'), ('Valence', 'Practice')])
13.5827 	EXP 	text_2: autoDraw = False
13.5827 	EXP 	text_2: autoDraw = False
13.5827 	EXP 	image: image = 'stims/011.i.jpg'
13.5827 	EXP 	image: autoDraw = True
14.1011 	DATA 	Keypress: y
14.1150 	EXP 	image: autoDraw = False
14.1150 	EXP 	text_2: autoDraw = True
15.0965 	EXP 	New trial (rep=0, index=2): OrderedDict([('stimFile', 'stims/018.i.jpg'), ('Valence', 'Practice')])
15.1126 	EXP 	text_2: autoDraw = False
15.1126 	EXP 	text_2: autoDraw = False
15.1126 	EXP 	image: image = 'stims/018.i.jpg'
15.1126 	EXP 	image: autoDraw = True
15.4305 	DATA 	Keypress: n
15.4454 	EXP 	image: autoDraw = False
15.4454 	EXP 	text_2: autoDraw = True
16.4274 	EXP 	New trial (rep=0, index=3): OrderedDict([('stimFile', 'stims/014.i.jpg'), ('Valence', 'Practice')])
16.4425 	EXP 	text_2: autoDraw = False
16.4425 	EXP 	text_2: autoDraw = False
16.4425 	EXP 	image: image = 'stims/014.i.jpg'
16.4425 	EXP 	image: autoDraw = True
16.7118 	DATA 	Keypress: y
16.7256 	EXP 	image: autoDraw = False
16.7256 	EXP 	text_2: autoDraw = True
17.7078 	EXP 	New trial (rep=0, index=4): OrderedDict([('stimFile', 'stims/020.i.jpg'), ('Valence', 'Practice')])
17.7232 	EXP 	text_2: autoDraw = False
17.7232 	EXP 	text_2: autoDraw = False
17.7232 	EXP 	image: image = 'stims/020.i.jpg'
17.7232 	EXP 	image: autoDraw = True
18.0092 	DATA 	Keypress: n
18.0220 	EXP 	image: autoDraw = False
18.0220 	EXP 	text_2: autoDraw = True
19.0050 	EXP 	New trial (rep=0, index=5): OrderedDict([('stimFile', 'stims/004.i.jpg'), ('Valence', 'Practice')])
19.0195 	EXP 	text_2: autoDraw = False
19.0195 	EXP 	text_2: autoDraw = False
19.0195 	EXP 	image: image = 'stims/004.i.jpg'
19.0195 	EXP 	image: autoDraw = True
19.0734 	DATA 	Keypress: escape
19.3533 	EXP 	window1: mouseVisible = True
6.2664 	WARNING 	User requested fullscreen with size [1440  900], but screen is actually [1280, 800]. Using actual size
6.9517 	EXP 	Created window1 = Window(allowGUI=False, allowStencil=False, args=UNKNOWN, autoLog=True, bitsMode=UNKNOWN, blendMode='avg', color=array([0., 0., 0.]), colorSpace='rgb', fullscr=<method-wrapper '__getattribute__' of attributeSetter object at 0x1241c9d30>, gamma=None, kwargs=UNKNOWN, lms=UNKNOWN, monitor=<psychopy.monitors.calibTools.Monitor object at 0x128370198>, multiSample=False, name='window1', numSamples=2, pos=[0.0, 0.0], screen=0, size=array([1280,  800]), stereo=False, units='norm', useFBO=True, useRetina=False, viewOri=0.0, viewPos=None, viewScale=None, waitBlanking=True, winType='pyglet')
6.9517 	EXP 	window1: recordFrameIntervals = False
7.1169 	EXP 	window1: recordFrameIntervals = True
7.2993 	EXP 	window1: recordFrameIntervals = False
7.4003 	EXP 	Created text = TextStim(__class__=<class 'psychopy.visual.text.TextStim'>, alignHoriz='center', alignVert='center', antialias=True, autoLog=True, bold=False, color='white', colorSpace='named', contrast=1.0, depth=0.0, flipHoriz=False, flipVert=False, font='Arial', fontFiles=[], height=0.1, italic=False, languageStyle='LTR', name='text', opacity=1.0, ori=0, pos=array([0., 0.]), rgb=array([255., 255., 255.]), text='default text', units='norm', win=Window(...), wrapWidth=1)
7.4790 	EXP 	Created textPractice = TextStim(__class__=<class 'psychopy.visual.text.TextStim'>, alignHoriz='center', alignVert='center', antialias=True, autoLog=True, bold=False, color='white', colorSpace='named', contrast=1.0, depth=0.0, flipHoriz=False, flipVert=False, font='Arial', fontFiles=[], height=0.1, italic=False, languageStyle='LTR', name='textPractice', opacity=1.0, ori=0, pos=array([0., 0.]), rgb=array([255., 255., 255.]), text=str(...), units='norm', win=Window(...), wrapWidth=1)
7.4815 	EXP 	Created image = ImageStim(__class__=<class 'psychopy.visual.image.ImageStim'>, autoLog=True, color=array([1., 1., 1.]), colorSpace='rgb', contrast=1.0, depth=0.0, flipHoriz=False, flipVert=False, image='sin', interpolate=True, mask=None, maskParams=None, name='image', opacity=1.0, ori=0.0, pos=array([0., 0.]), size=array([0.5, 0.5]), texRes=128, units='height', win=Window(...))
7.4821 	EXP 	Created textFeedback = TextStim(__class__=<class 'psychopy.visual.text.TextStim'>, alignHoriz='center', alignVert='center', antialias=True, autoLog=True, bold=False, color='white', colorSpace='named', contrast=1.0, depth=-1.0, flipHoriz=False, flipVert=False, font='Arial', fontFiles=[], height=0.1, italic=False, languageStyle='LTR', name='textFeedback', opacity=1.0, ori=0, pos=array([0., 0.]), rgb=array([255., 255., 255.]), text='', units='norm', win=Window(...), wrapWidth=1)
7.5425 	EXP 	Created textExperiment = TextStim(__class__=<class 'psychopy.visual.text.TextStim'>, alignHoriz='center', alignVert='center', antialias=True, autoLog=True, bold=False, color='white', colorSpace='named', contrast=1.0, depth=0.0, flipHoriz=False, flipVert=False, font='Arial', fontFiles=[], height=0.1, italic=False, languageStyle='LTR', name='textExperiment', opacity=1.0, ori=0, pos=array([0., 0.]), rgb=array([255., 255., 255.]), text=str(...), units='norm', win=Window(...), wrapWidth=1)
7.5503 	EXP 	Created textThanks = TextStim(__class__=<class 'psychopy.visual.text.TextStim'>, alignHoriz='center', alignVert='center', antialias=True, autoLog=True, bold=False, color='white', colorSpace='named', contrast=1.0, depth=0.0, flipHoriz=False, flipVert=False, font='Arial', fontFiles=[], height=0.1, italic=False, languageStyle='LTR', name='textThanks', opacity=1.0, ori=0, pos=array([0., 0.]), rgb=array([255., 255., 255.]), text='Obrigado', units='norm', win=Window(...), wrapWidth=1)
7.5825 	EXP 	text: text = 'Bem vindo. \nLeia as instrucoes no papel.'
7.5825 	EXP 	text: autoDraw = True
8.6600 	DATA 	Keypress: t
8.6799 	EXP 	text: autoDraw = False
8.6799 	EXP 	textPractice: autoDraw = True
9.4809 	DATA 	Keypress: t
9.4878 	EXP 	Imported practiceBlock.csv as conditions, 22 conditions, 2 params
9.4884 	EXP 	Created sequence: random, trialTypes=22, nReps=5, seed=None
9.4889 	EXP 	New trial (rep=0, index=0): OrderedDict([('stimFile', 'stims/004.i.jpg'), ('Valence', 'Practice')])
9.5610 	EXP 	textPractice: autoDraw = False
9.5610 	EXP 	image: image = 'stims/004.i.jpg'
9.5610 	EXP 	image: autoDraw = True
10.1929 	EXP 	image: autoDraw = False
10.3288 	DATA 	Keypress: y
10.3421 	EXP 	image: autoDraw = False
10.3421 	EXP 	textFeedback: autoDraw = True
10.3421 	EXP 	textFeedback: text = ''
11.3244 	EXP 	New trial (rep=0, index=1): OrderedDict([('stimFile', 'stims/006.i.jpg'), ('Valence', 'Practice')])
11.3408 	EXP 	textFeedback: autoDraw = False
11.3408 	EXP 	textFeedback: autoDraw = False
11.3408 	EXP 	image: image = 'stims/006.i.jpg'
11.3408 	EXP 	image: autoDraw = True
11.9081 	DATA 	Keypress: n
11.9219 	EXP 	image: autoDraw = False
11.9219 	EXP 	textFeedback: autoDraw = True
12.9048 	EXP 	New trial (rep=0, index=2): OrderedDict([('stimFile', 'stims/005.i.jpg'), ('Valence', 'Practice')])
12.9204 	EXP 	textFeedback: autoDraw = False
12.9204 	EXP 	textFeedback: autoDraw = False
12.9204 	EXP 	image: image = 'stims/005.i.jpg'
12.9204 	EXP 	image: autoDraw = True
13.2387 	DATA 	Keypress: y
13.2529 	EXP 	image: autoDraw = False
13.2529 	EXP 	textFeedback: autoDraw = True
14.2348 	EXP 	New trial (rep=0, index=3): OrderedDict([('stimFile', 'stims/018.i.jpg'), ('Valence', 'Practice')])
14.2503 	EXP 	textFeedback: autoDraw = False
14.2503 	EXP 	textFeedback: autoDraw = False
14.2503 	EXP 	image: image = 'stims/018.i.jpg'
14.2503 	EXP 	image: autoDraw = True
14.5180 	DATA 	Keypress: n
14.5332 	EXP 	image: autoDraw = False
14.5332 	EXP 	textFeedback: autoDraw = True
15.5147 	EXP 	New trial (rep=0, index=4): OrderedDict([('stimFile', 'stims/016.i.jpg'), ('Valence', 'Practice')])
15.5301 	EXP 	textFeedback: autoDraw = False
15.5301 	EXP 	textFeedback: autoDraw = False
15.5301 	EXP 	image: image = 'stims/016.i.jpg'
15.5301 	EXP 	image: autoDraw = True
15.7164 	DATA 	Keypress: y
15.7302 	EXP 	image: autoDraw = False
15.7302 	EXP 	textFeedback: autoDraw = True
16.7119 	EXP 	New trial (rep=0, index=5): OrderedDict([('stimFile', 'stims/008.i.jpg'), ('Valence', 'Practice')])
16.7273 	EXP 	textFeedback: autoDraw = False
16.7273 	EXP 	textFeedback: autoDraw = False
16.7273 	EXP 	image: image = 'stims/008.i.jpg'
16.7273 	EXP 	image: autoDraw = True
16.8147 	DATA 	Keypress: escape
17.0908 	EXP 	window1: mouseVisible = True
