6.2728 	WARNING 	User requested fullscreen with size [1440  900], but screen is actually [1280, 800]. Using actual size
6.9501 	EXP 	Created window1 = Window(allowGUI=False, allowStencil=False, args=UNKNOWN, autoLog=True, bitsMode=UNKNOWN, blendMode='avg', color=array([0., 0., 0.]), colorSpace='rgb', fullscr=<method-wrapper '__getattribute__' of attributeSetter object at 0x1242cbdd8>, gamma=None, kwargs=UNKNOWN, lms=UNKNOWN, monitor=<psychopy.monitors.calibTools.Monitor object at 0x127cf0630>, multiSample=False, name='window1', numSamples=2, pos=[0.0, 0.0], screen=0, size=array([1280,  800]), stereo=False, units='norm', useFBO=True, useRetina=False, viewOri=0.0, viewPos=None, viewScale=None, waitBlanking=True, winType='pyglet')
6.9502 	EXP 	window1: recordFrameIntervals = False
7.1146 	EXP 	window1: recordFrameIntervals = True
7.2989 	EXP 	window1: recordFrameIntervals = False
7.4014 	EXP 	Created text = TextStim(__class__=<class 'psychopy.visual.text.TextStim'>, alignHoriz='center', alignVert='center', antialias=True, autoLog=True, bold=False, color='white', colorSpace='named', contrast=1.0, depth=0.0, flipHoriz=False, flipVert=False, font='Arial', fontFiles=[], height=0.1, italic=False, languageStyle='LTR', name='text', opacity=1.0, ori=0, pos=array([0., 0.]), rgb=array([255., 255., 255.]), text='default text', units='norm', win=Window(...), wrapWidth=1)
7.4804 	EXP 	Created textPractice = TextStim(__class__=<class 'psychopy.visual.text.TextStim'>, alignHoriz='center', alignVert='center', antialias=True, autoLog=True, bold=False, color='white', colorSpace='named', contrast=1.0, depth=0.0, flipHoriz=False, flipVert=False, font='Arial', fontFiles=[], height=0.1, italic=False, languageStyle='LTR', name='textPractice', opacity=1.0, ori=0, pos=array([0., 0.]), rgb=array([255., 255., 255.]), text=str(...), units='norm', win=Window(...), wrapWidth=1)
7.4950 	EXP 	Created imageprobando = ImageStim(__class__=<class 'psychopy.visual.image.ImageStim'>, autoLog=True, color=array([1., 1., 1.]), colorSpace='rgb', contrast=1.0, depth=0.0, flipHoriz=False, flipVert=False, image='sin', interpolate=True, mask=None, maskParams=None, name='imageprobando', opacity=1.0, ori=0.0, pos=array([0., 0.]), size=array([0.5, 0.5]), texRes=128, units='norm', win=Window(...))
7.5066 	EXP 	Created noise_4 = NoiseStim(__class__=<class 'psychopy.visual.noise.NoiseStim'>, autoDraw=False, autoLog=True, blendmode='avg', color=array([1., 1., 1.]), colorSpace='rgb', contrast=1.0, depth=-1.0, interpolate=False, mask='none', maskParams=None, name='noise_4', opacity=1.0, ori=0.0, phase=array([0., 0.]), pos=array([0., 0.]), rgbPedestal=array([0., 0., 0.]), sf=array([1., 1.]), size=array([0.5, 0.5]), tex='sin', texRes=128, units='norm', win=Window(...))
7.5638 	EXP 	Created textExperiment = TextStim(__class__=<class 'psychopy.visual.text.TextStim'>, alignHoriz='center', alignVert='center', antialias=True, autoLog=True, bold=False, color='white', colorSpace='named', contrast=1.0, depth=0.0, flipHoriz=False, flipVert=False, font='Arial', fontFiles=[], height=0.1, italic=False, languageStyle='LTR', name='textExperiment', opacity=1.0, ori=0, pos=array([0., 0.]), rgb=array([255., 255., 255.]), text=str(...), units='norm', win=Window(...), wrapWidth=1)
7.5720 	EXP 	Created textTask = TextStim(__class__=<class 'psychopy.visual.text.TextStim'>, alignHoriz='center', alignVert='center', antialias=True, autoLog=True, bold=False, color='white', colorSpace='named', contrast=1.0, depth=0.0, flipHoriz=False, flipVert=False, font='Arial', fontFiles=[], height=0.1, italic=False, languageStyle='LTR', name='textTask', opacity=1.0, ori=0, pos=array([0., 0.]), rgb=array([255., 255., 255.]), text='Bloque nuevo', units='norm', win=Window(...), wrapWidth=1)
7.5746 	EXP 	Created image_2 = ImageStim(__class__=<class 'psychopy.visual.image.ImageStim'>, autoLog=True, color=array([1., 1., 1.]), colorSpace='rgb', contrast=1.0, depth=0.0, flipHoriz=False, flipVert=False, image='sin', interpolate=True, mask=None, maskParams=None, name='image_2', opacity=1.0, ori=0.0, pos=array([0., 0.]), size=array([0.5, 0.5]), texRes=128, units='norm', win=Window(...))
7.5778 	EXP 	Created noise = NoiseStim(__class__=<class 'psychopy.visual.noise.NoiseStim'>, autoDraw=False, autoLog=True, blendmode='avg', color=array([1., 1., 1.]), colorSpace='rgb', contrast=1.0, depth=-1.0, interpolate=False, mask='none', maskParams=None, name='noise', opacity=1.0, ori=0.0, phase=array([0., 0.]), pos=array([0., 0.]), rgbPedestal=array([0., 0., 0.]), sf=array([1., 1.]), size=array([0.5, 0.5]), tex='sin', texRes=128, units='norm', win=Window(...))
7.5905 	EXP 	Created textThanks = TextStim(__class__=<class 'psychopy.visual.text.TextStim'>, alignHoriz='center', alignVert='center', antialias=True, autoLog=True, bold=False, color='white', colorSpace='named', contrast=1.0, depth=0.0, flipHoriz=False, flipVert=False, font='Arial', fontFiles=[], height=0.1, italic=False, languageStyle='LTR', name='textThanks', opacity=1.0, ori=0, pos=array([0., 0.]), rgb=array([255., 255., 255.]), text='Obrigado', units='norm', win=Window(...), wrapWidth=1)
7.6138 	EXP 	noise_4: blendmode = 'avg'
7.6138 	EXP 	noise_4: mask = None
7.6138 	EXP 	noise_4: texRes = 128
7.6138 	EXP 	noise_4: noiseType = 'Binary'
7.6138 	EXP 	noise_4: noiseImage = None
7.6138 	EXP 	noise_4: noiseElementSize = 0.0625
7.6138 	EXP 	noise_4: noiseBaseSf = 8.0
7.6138 	EXP 	noise_4: noiseBW = 1.0
7.6138 	EXP 	noise_4: noiseBWO = 1.0
7.6138 	EXP 	noise_4: noiseFractalPower = 0.0
7.6138 	EXP 	noise_4: noiseFilterUpper = 8.0
7.6138 	EXP 	noise_4: noiseFilterLower = 1.0
7.6138 	EXP 	noise_4: noiseFilterOrder = 0.0
7.6138 	EXP 	noise_4: noiseClip = 3.0
7.6138 	EXP 	noise_4: tex = array([[-1., -1.,  1., -1., -1.,  1., -1.,  1.],
       [ 1., -1.,  1.,  1., -1., -1., -1.,  1.],
       [ 1.,  1., -1.,  1., -1., -1.,  1.,  1.],
       [ 1.,  1.,  1., -1., -1., -1.,  1.,  1.],
       [ 1., -1., -1., -1., -1., -1., -1.,  1.],
       [-1.,  1.,  1., -1.,  1., -1., -1., -1.],
       [-1.,  1., -1.,  1.,  1.,  1., -1., -1.],
       [ 1., -1.,  1.,  1.,  1., -1.,  1.,  1.]])
7.6138 	EXP 	noise_4: tex = array([[-1., -1., -1., -1.,  1.,  1., -1.,  1.],
       [-1.,  1., -1.,  1.,  1.,  1.,  1.,  1.],
       [ 1.,  1.,  1., -1.,  1., -1., -1., -1.],
       [-1., -1., -1., -1., -1.,  1., -1., -1.],
       [ 1., -1.,  1.,  1., -1.,  1., -1.,  1.],
       [-1.,  1., -1.,  1.,  1., -1.,  1., -1.],
       [ 1.,  1.,  1.,  1., -1., -1.,  1., -1.],
       [-1., -1.,  1.,  1.,  1.,  1., -1., -1.]])
7.6138 	EXP 	noise: blendmode = 'avg'
7.6138 	EXP 	noise: mask = None
7.6138 	EXP 	noise: texRes = 128
7.6138 	EXP 	noise: noiseType = 'Binary'
7.6138 	EXP 	noise: noiseImage = None
7.6138 	EXP 	noise: noiseElementSize = 0.0625
7.6138 	EXP 	noise: noiseBaseSf = 8.0
7.6138 	EXP 	noise: noiseBW = 1.0
7.6138 	EXP 	noise: noiseBWO = 1.0
7.6138 	EXP 	noise: noiseFractalPower = 0.0
7.6138 	EXP 	noise: noiseFilterUpper = 8.0
7.6138 	EXP 	noise: noiseFilterLower = 1.0
7.6138 	EXP 	noise: noiseFilterOrder = 0.0
7.6138 	EXP 	noise: noiseClip = 3.0
7.6138 	EXP 	noise: tex = array([[ 1., -1., -1.,  1.,  1., -1., -1.,  1.],
       [ 1., -1., -1.,  1.,  1., -1., -1.,  1.],
       [ 1.,  1.,  1.,  1., -1.,  1., -1.,  1.],
       [ 1., -1.,  1., -1.,  1.,  1., -1.,  1.],
       [ 1., -1., -1., -1., -1., -1., -1.,  1.],
       [ 1., -1., -1., -1.,  1.,  1.,  1.,  1.],
       [-1.,  1., -1.,  1., -1.,  1., -1., -1.],
       [-1., -1.,  1.,  1., -1.,  1., -1., -1.]])
7.6138 	EXP 	noise: tex = array([[ 1., -1., -1.,  1.,  1.,  1.,  1.,  1.],
       [ 1.,  1., -1.,  1., -1., -1.,  1., -1.],
       [ 1.,  1., -1.,  1., -1.,  1., -1., -1.],
       [-1.,  1.,  1., -1.,  1.,  1., -1., -1.],
       [-1.,  1.,  1., -1.,  1.,  1., -1., -1.],
       [-1., -1., -1., -1.,  1.,  1., -1.,  1.],
       [-1.,  1.,  1., -1.,  1., -1., -1., -1.],
       [ 1.,  1., -1., -1.,  1., -1.,  1., -1.]])
7.6138 	EXP 	text: text = 'Bem vindo. \nLeia as instrucoes no papel.'
7.6138 	EXP 	text: autoDraw = True
19.3056 	DATA 	Keypress: t
19.3130 	EXP 	Imported chooseBlock.csv as conditions, 4 conditions, 2 params
19.3136 	EXP 	Created sequence: random, trialTypes=4, nReps=1, seed=None
19.3141 	EXP 	New trial (rep=0, index=0): OrderedDict([('condsFile', 'practiceBlock.csv'), ('readyMsg', 'Pronto')])
19.3359 	EXP 	text: autoDraw = False
19.3359 	EXP 	textPractice: autoDraw = True
19.8554 	DATA 	Keypress: t
19.8607 	EXP 	Imported practiceBlock.csv as conditions, 22 conditions, 2 params
19.8612 	EXP 	Created sequence: random, trialTypes=22, nReps=1, seed=None
19.8617 	EXP 	New trial (rep=0, index=0): OrderedDict([('stimFile', 'stims/012.i.jpg'), ('Valence', 'Practice')])
19.9517 	EXP 	textPractice: autoDraw = False
19.9517 	EXP 	imageprobando: image = 'stims/012.i.jpg'
19.9517 	EXP 	imageprobando: autoDraw = True
20.5672 	EXP 	imageprobando: autoDraw = False
20.5828 	EXP 	noise_4: autoDraw = True
21.5656 	EXP 	New trial (rep=0, index=1): OrderedDict([('stimFile', 'stims/007.i.jpg'), ('Valence', 'Practice')])
21.5812 	EXP 	imageprobando: autoDraw = False
21.5812 	EXP 	noise_4: autoDraw = False
21.5812 	EXP 	imageprobando: image = 'stims/007.i.jpg'
21.5812 	EXP 	imageprobando: autoDraw = True
22.2797 	EXP 	imageprobando: autoDraw = False
22.2965 	EXP 	noise_4: autoDraw = True
23.2617 	EXP 	New trial (rep=0, index=2): OrderedDict([('stimFile', 'stims/001.i.jpg'), ('Valence', 'Practice')])
23.2769 	EXP 	imageprobando: autoDraw = False
23.2769 	EXP 	noise_4: autoDraw = False
23.2769 	EXP 	imageprobando: image = 'stims/001.i.jpg'
23.2769 	EXP 	imageprobando: autoDraw = True
23.9756 	EXP 	imageprobando: autoDraw = False
23.9924 	EXP 	noise_4: autoDraw = True
24.9574 	EXP 	New trial (rep=0, index=3): OrderedDict([('stimFile', 'stims/003.i.jpg'), ('Valence', 'Practice')])
24.9728 	EXP 	imageprobando: autoDraw = False
24.9728 	EXP 	noise_4: autoDraw = False
24.9728 	EXP 	imageprobando: image = 'stims/003.i.jpg'
24.9728 	EXP 	imageprobando: autoDraw = True
25.6714 	EXP 	imageprobando: autoDraw = False
25.6883 	EXP 	noise_4: autoDraw = True
26.6540 	EXP 	New trial (rep=0, index=4): OrderedDict([('stimFile', 'stims/014.i.jpg'), ('Valence', 'Practice')])
26.6852 	EXP 	noise_4: autoDraw = False
26.6852 	EXP 	imageprobando: autoDraw = False
26.6852 	EXP 	noise_4: autoDraw = False
26.6852 	EXP 	imageprobando: image = 'stims/014.i.jpg'
26.6852 	EXP 	imageprobando: autoDraw = True
27.3678 	EXP 	imageprobando: autoDraw = False
27.3845 	EXP 	noise_4: autoDraw = True
28.3503 	EXP 	New trial (rep=0, index=5): OrderedDict([('stimFile', 'stims/009.i.jpg'), ('Valence', 'Practice')])
28.3657 	EXP 	noise_4: autoDraw = False
28.3657 	EXP 	imageprobando: autoDraw = False
28.3657 	EXP 	noise_4: autoDraw = False
28.3657 	EXP 	imageprobando: image = 'stims/009.i.jpg'
28.3657 	EXP 	imageprobando: autoDraw = True
29.0636 	EXP 	imageprobando: autoDraw = False
29.0803 	EXP 	noise_4: autoDraw = True
30.0458 	EXP 	New trial (rep=0, index=6): OrderedDict([('stimFile', 'stims/015.i.jpg'), ('Valence', 'Practice')])
30.0781 	EXP 	noise_4: autoDraw = False
30.0781 	EXP 	imageprobando: autoDraw = False
30.0781 	EXP 	noise_4: autoDraw = False
30.0781 	EXP 	imageprobando: image = 'stims/015.i.jpg'
30.0781 	EXP 	imageprobando: autoDraw = True
30.7600 	EXP 	imageprobando: autoDraw = False
30.7765 	EXP 	noise_4: autoDraw = True
31.7419 	EXP 	New trial (rep=0, index=7): OrderedDict([('stimFile', 'stims/004.i.jpg'), ('Valence', 'Practice')])
31.7571 	EXP 	noise_4: autoDraw = False
31.7571 	EXP 	imageprobando: autoDraw = False
31.7571 	EXP 	noise_4: autoDraw = False
31.7571 	EXP 	imageprobando: image = 'stims/004.i.jpg'
31.7571 	EXP 	imageprobando: autoDraw = True
32.4558 	EXP 	imageprobando: autoDraw = False
32.4724 	EXP 	noise_4: autoDraw = True
33.4378 	EXP 	New trial (rep=0, index=8): OrderedDict([('stimFile', 'stims/021.i.jpg'), ('Valence', 'Practice')])
33.4532 	EXP 	noise_4: autoDraw = False
33.4532 	EXP 	imageprobando: autoDraw = False
33.4532 	EXP 	noise_4: autoDraw = False
33.4532 	EXP 	imageprobando: image = 'stims/021.i.jpg'
33.4532 	EXP 	imageprobando: autoDraw = True
34.1516 	EXP 	imageprobando: autoDraw = False
34.1683 	EXP 	noise_4: autoDraw = True
35.1327 	EXP 	New trial (rep=0, index=9): OrderedDict([('stimFile', 'stims/006.i.jpg'), ('Valence', 'Practice')])
35.1488 	EXP 	noise_4: autoDraw = False
35.1488 	EXP 	imageprobando: autoDraw = False
35.1488 	EXP 	noise_4: autoDraw = False
35.1488 	EXP 	imageprobando: image = 'stims/006.i.jpg'
35.1488 	EXP 	imageprobando: autoDraw = True
35.8478 	EXP 	imageprobando: autoDraw = False
35.8645 	EXP 	noise_4: autoDraw = True
36.8299 	EXP 	New trial (rep=0, index=10): OrderedDict([('stimFile', 'stims/020.i.jpg'), ('Valence', 'Practice')])
36.8451 	EXP 	noise_4: autoDraw = False
36.8451 	EXP 	imageprobando: autoDraw = False
36.8451 	EXP 	noise_4: autoDraw = False
36.8451 	EXP 	imageprobando: image = 'stims/020.i.jpg'
36.8451 	EXP 	imageprobando: autoDraw = True
37.5438 	EXP 	imageprobando: autoDraw = False
37.5604 	EXP 	noise_4: autoDraw = True
38.5260 	EXP 	New trial (rep=0, index=11): OrderedDict([('stimFile', 'stims/019.i.jpg'), ('Valence', 'Practice')])
38.5411 	EXP 	noise_4: autoDraw = False
38.5411 	EXP 	imageprobando: autoDraw = False
38.5411 	EXP 	noise_4: autoDraw = False
38.5411 	EXP 	imageprobando: image = 'stims/019.i.jpg'
38.5411 	EXP 	imageprobando: autoDraw = True
39.2398 	EXP 	imageprobando: autoDraw = False
39.2565 	EXP 	noise_4: autoDraw = True
40.2222 	EXP 	New trial (rep=0, index=12): OrderedDict([('stimFile', 'stims/018.i.jpg'), ('Valence', 'Practice')])
40.2373 	EXP 	noise_4: autoDraw = False
40.2373 	EXP 	imageprobando: autoDraw = False
40.2373 	EXP 	noise_4: autoDraw = False
40.2373 	EXP 	imageprobando: image = 'stims/018.i.jpg'
40.2373 	EXP 	imageprobando: autoDraw = True
40.9358 	EXP 	imageprobando: autoDraw = False
40.9526 	EXP 	noise_4: autoDraw = True
41.9180 	EXP 	New trial (rep=0, index=13): OrderedDict([('stimFile', 'stims/005.i.jpg'), ('Valence', 'Practice')])
41.9334 	EXP 	noise_4: autoDraw = False
41.9334 	EXP 	imageprobando: autoDraw = False
41.9334 	EXP 	noise_4: autoDraw = False
41.9334 	EXP 	imageprobando: image = 'stims/005.i.jpg'
41.9334 	EXP 	imageprobando: autoDraw = True
42.6319 	EXP 	imageprobando: autoDraw = False
42.6484 	EXP 	noise_4: autoDraw = True
43.6140 	EXP 	New trial (rep=0, index=14): OrderedDict([('stimFile', 'stims/010.i.jpg'), ('Valence', 'Practice')])
43.6300 	EXP 	noise_4: autoDraw = False
43.6300 	EXP 	imageprobando: autoDraw = False
43.6300 	EXP 	noise_4: autoDraw = False
43.6300 	EXP 	imageprobando: image = 'stims/010.i.jpg'
43.6300 	EXP 	imageprobando: autoDraw = True
44.3277 	EXP 	imageprobando: autoDraw = False
44.3444 	EXP 	noise_4: autoDraw = True
45.3092 	EXP 	New trial (rep=0, index=15): OrderedDict([('stimFile', 'stims/013.i.jpg'), ('Valence', 'Practice')])
45.3253 	EXP 	noise_4: autoDraw = False
45.3253 	EXP 	imageprobando: autoDraw = False
45.3253 	EXP 	noise_4: autoDraw = False
45.3253 	EXP 	imageprobando: image = 'stims/013.i.jpg'
45.3253 	EXP 	imageprobando: autoDraw = True
46.0240 	EXP 	imageprobando: autoDraw = False
46.0406 	EXP 	noise_4: autoDraw = True
47.0059 	EXP 	New trial (rep=0, index=16): OrderedDict([('stimFile', 'stims/016.i.jpg'), ('Valence', 'Practice')])
47.0214 	EXP 	noise_4: autoDraw = False
47.0214 	EXP 	imageprobando: autoDraw = False
47.0214 	EXP 	noise_4: autoDraw = False
47.0214 	EXP 	imageprobando: image = 'stims/016.i.jpg'
47.0214 	EXP 	imageprobando: autoDraw = True
47.7199 	EXP 	imageprobando: autoDraw = False
47.7365 	EXP 	noise_4: autoDraw = True
48.7017 	EXP 	New trial (rep=0, index=17): OrderedDict([('stimFile', 'stims/022.i.jpg'), ('Valence', 'Practice')])
48.7173 	EXP 	noise_4: autoDraw = False
48.7173 	EXP 	imageprobando: autoDraw = False
48.7173 	EXP 	noise_4: autoDraw = False
48.7173 	EXP 	imageprobando: image = 'stims/022.i.jpg'
48.7173 	EXP 	imageprobando: autoDraw = True
49.4159 	EXP 	imageprobando: autoDraw = False
49.4327 	EXP 	noise_4: autoDraw = True
50.3981 	EXP 	New trial (rep=0, index=18): OrderedDict([('stimFile', 'stims/011.i.jpg'), ('Valence', 'Practice')])
50.4139 	EXP 	noise_4: autoDraw = False
50.4139 	EXP 	imageprobando: autoDraw = False
50.4139 	EXP 	noise_4: autoDraw = False
50.4139 	EXP 	imageprobando: image = 'stims/011.i.jpg'
50.4139 	EXP 	imageprobando: autoDraw = True
51.1119 	EXP 	imageprobando: autoDraw = False
51.1288 	EXP 	noise_4: autoDraw = True
52.0937 	EXP 	New trial (rep=0, index=19): OrderedDict([('stimFile', 'stims/002.i.jpg'), ('Valence', 'Practice')])
52.1093 	EXP 	noise_4: autoDraw = False
52.1093 	EXP 	imageprobando: autoDraw = False
52.1093 	EXP 	noise_4: autoDraw = False
52.1093 	EXP 	imageprobando: image = 'stims/002.i.jpg'
52.1093 	EXP 	imageprobando: autoDraw = True
52.8076 	EXP 	imageprobando: autoDraw = False
52.8247 	EXP 	noise_4: autoDraw = True
53.7900 	EXP 	New trial (rep=0, index=20): OrderedDict([('stimFile', 'stims/008.i.jpg'), ('Valence', 'Practice')])
53.8054 	EXP 	noise_4: autoDraw = False
53.8054 	EXP 	imageprobando: autoDraw = False
53.8054 	EXP 	noise_4: autoDraw = False
53.8054 	EXP 	imageprobando: image = 'stims/008.i.jpg'
53.8054 	EXP 	imageprobando: autoDraw = True
54.5035 	EXP 	imageprobando: autoDraw = False
54.5207 	EXP 	noise_4: autoDraw = True
55.4861 	EXP 	New trial (rep=0, index=21): OrderedDict([('stimFile', 'stims/017.i.jpg'), ('Valence', 'Practice')])
55.5180 	EXP 	noise_4: autoDraw = False
55.5180 	EXP 	imageprobando: autoDraw = False
55.5180 	EXP 	noise_4: autoDraw = False
55.5180 	EXP 	imageprobando: image = 'stims/017.i.jpg'
55.5180 	EXP 	imageprobando: autoDraw = True
56.1998 	EXP 	imageprobando: autoDraw = False
56.2166 	EXP 	noise_4: autoDraw = True
57.1821 	EXP 	New trial (rep=0, index=1): OrderedDict([('condsFile', 'positiveBlock.csv'), ('readyMsg', 'Pronto')])
57.1974 	EXP 	noise_4: autoDraw = False
57.1974 	EXP 	imageprobando: autoDraw = False
57.1974 	EXP 	noise_4: autoDraw = False
57.1974 	EXP 	textPractice: autoDraw = True
68.6925 	DATA 	Keypress: t
68.7120 	EXP 	Imported positiveBlock.csv as conditions, 33 conditions, 2 params
68.7127 	EXP 	Created sequence: random, trialTypes=33, nReps=1, seed=None
68.7136 	EXP 	New trial (rep=0, index=0): OrderedDict([('stimFile', 'stims/8200.jpg'), ('Valence', 'Positive')])
68.7865 	EXP 	textPractice: autoDraw = False
68.7865 	EXP 	imageprobando: image = 'stims/8200.jpg'
68.7865 	EXP 	imageprobando: autoDraw = True
69.4188 	EXP 	imageprobando: autoDraw = False
69.4353 	EXP 	noise_4: autoDraw = True
70.4171 	EXP 	New trial (rep=0, index=1): OrderedDict([('stimFile', 'stims/7351.jpg'), ('Valence', 'Positive')])
70.4831 	EXP 	imageprobando: autoDraw = False
70.4831 	EXP 	noise_4: autoDraw = False
70.4831 	EXP 	imageprobando: image = 'stims/7351.jpg'
70.4831 	EXP 	imageprobando: autoDraw = True
71.1313 	EXP 	imageprobando: autoDraw = False
71.1482 	EXP 	noise_4: autoDraw = True
72.1131 	EXP 	New trial (rep=0, index=2): OrderedDict([('stimFile', 'stims/8470.jpg'), ('Valence', 'Positive')])
72.1788 	EXP 	imageprobando: autoDraw = False
72.1788 	EXP 	noise_4: autoDraw = False
72.1788 	EXP 	imageprobando: image = 'stims/8470.jpg'
72.1788 	EXP 	imageprobando: autoDraw = True
72.8273 	EXP 	imageprobando: autoDraw = False
72.8440 	EXP 	noise_4: autoDraw = True
73.8089 	EXP 	New trial (rep=0, index=3): OrderedDict([('stimFile', 'stims/8041.jpg'), ('Valence', 'Positive')])
73.8747 	EXP 	imageprobando: autoDraw = False
73.8747 	EXP 	noise_4: autoDraw = False
73.8747 	EXP 	imageprobando: image = 'stims/8041.jpg'
73.8747 	EXP 	imageprobando: autoDraw = True
74.5233 	EXP 	imageprobando: autoDraw = False
74.5399 	EXP 	noise_4: autoDraw = True
75.5054 	EXP 	New trial (rep=0, index=4): OrderedDict([('stimFile', 'stims/4531.jpg'), ('Valence', 'Positive')])
75.5699 	EXP 	noise_4: autoDraw = False
75.5699 	EXP 	imageprobando: autoDraw = False
75.5699 	EXP 	noise_4: autoDraw = False
75.5699 	EXP 	imageprobando: image = 'stims/4531.jpg'
75.5699 	EXP 	imageprobando: autoDraw = True
76.2192 	EXP 	imageprobando: autoDraw = False
76.2359 	EXP 	noise_4: autoDraw = True
77.2015 	EXP 	New trial (rep=0, index=5): OrderedDict([('stimFile', 'stims/8500.jpg'), ('Valence', 'Positive')])
77.2510 	DATA 	Keypress: escape
77.5362 	EXP 	window1: mouseVisible = True
